        -:    0:Source:../Catch.hpp
        -:    0:Programs:2
        -:    1:
        -:    2:/*
        -:    3: *  Catch v1.6.0
        -:    4: *  Generated: 2017-01-11 16:38:09.405017
        -:    5: *  ----------------------------------------------------------
        -:    6: *  This file has been merged from multiple headers. Please don't edit it directly
        -:    7: *  Copyright (c) 2012 Two Blue Cubes Ltd. All rights reserved.
        -:    8: *
        -:    9: *  Distributed under the Boost Software License, Version 1.0. (See accompanying
        -:   10: *  file LICENSE_1_0.txt or copy at http://www.boost.org/LICENSE_1_0.txt)
        -:   11: */
        -:   12:#ifndef TWOBLUECUBES_SINGLE_INCLUDE_CATCH_HPP_INCLUDED
        -:   13:#define TWOBLUECUBES_SINGLE_INCLUDE_CATCH_HPP_INCLUDED
        -:   14:
        -:   15:#define TWOBLUECUBES_CATCH_HPP_INCLUDED
        -:   16:
        -:   17:#ifdef __clang__
        -:   18:#    pragma clang system_header
        -:   19:#elif defined __GNUC__
        -:   20:#    pragma GCC system_header
        -:   21:#endif
        -:   22:
        -:   23:// #included from: internal/catch_suppress_warnings.h
        -:   24:
        -:   25:#ifdef __clang__
        -:   26:#   ifdef __ICC // icpc defines the __clang__ macro
        -:   27:#       pragma warning(push)
        -:   28:#       pragma warning(disable: 161 1682)
        -:   29:#   else // __ICC
        -:   30:#       pragma clang diagnostic ignored "-Wglobal-constructors"
        -:   31:#       pragma clang diagnostic ignored "-Wvariadic-macros"
        -:   32:#       pragma clang diagnostic ignored "-Wc99-extensions"
        -:   33:#       pragma clang diagnostic ignored "-Wunused-variable"
        -:   34:#       pragma clang diagnostic push
        -:   35:#       pragma clang diagnostic ignored "-Wpadded"
        -:   36:#       pragma clang diagnostic ignored "-Wc++98-compat"
        -:   37:#       pragma clang diagnostic ignored "-Wc++98-compat-pedantic"
        -:   38:#       pragma clang diagnostic ignored "-Wswitch-enum"
        -:   39:#       pragma clang diagnostic ignored "-Wcovered-switch-default"
        -:   40:#    endif
        -:   41:#elif defined __GNUC__
        -:   42:#    pragma GCC diagnostic ignored "-Wvariadic-macros"
        -:   43:#    pragma GCC diagnostic ignored "-Wunused-variable"
        -:   44:#    pragma GCC diagnostic push
        -:   45:#    pragma GCC diagnostic ignored "-Wpadded"
        -:   46:#endif
        -:   47:#if defined(CATCH_CONFIG_MAIN) || defined(CATCH_CONFIG_RUNNER)
        -:   48:#  define CATCH_IMPL
        -:   49:#endif
        -:   50:
        -:   51:#ifdef CATCH_IMPL
        -:   52:#  ifndef CLARA_CONFIG_MAIN
        -:   53:#    define CLARA_CONFIG_MAIN_NOT_DEFINED
        -:   54:#    define CLARA_CONFIG_MAIN
        -:   55:#  endif
        -:   56:#endif
        -:   57:
        -:   58:// #included from: internal/catch_notimplemented_exception.h
        -:   59:#define TWOBLUECUBES_CATCH_NOTIMPLEMENTED_EXCEPTION_H_INCLUDED
        -:   60:
        -:   61:// #included from: catch_common.h
        -:   62:#define TWOBLUECUBES_CATCH_COMMON_H_INCLUDED
        -:   63:
        -:   64:// #included from: catch_compiler_capabilities.h
        -:   65:#define TWOBLUECUBES_CATCH_COMPILER_CAPABILITIES_HPP_INCLUDED
        -:   66:
        -:   67:// Detect a number of compiler features - mostly C++11/14 conformance - by compiler
        -:   68:// The following features are defined:
        -:   69://
        -:   70:// CATCH_CONFIG_CPP11_NULLPTR : is nullptr supported?
        -:   71:// CATCH_CONFIG_CPP11_NOEXCEPT : is noexcept supported?
        -:   72:// CATCH_CONFIG_CPP11_GENERATED_METHODS : The delete and default keywords for compiler generated methods
        -:   73:// CATCH_CONFIG_CPP11_IS_ENUM : std::is_enum is supported?
        -:   74:// CATCH_CONFIG_CPP11_TUPLE : std::tuple is supported
        -:   75:// CATCH_CONFIG_CPP11_LONG_LONG : is long long supported?
        -:   76:// CATCH_CONFIG_CPP11_OVERRIDE : is override supported?
        -:   77:// CATCH_CONFIG_CPP11_UNIQUE_PTR : is unique_ptr supported (otherwise use auto_ptr)
        -:   78:
        -:   79:// CATCH_CONFIG_CPP11_OR_GREATER : Is C++11 supported?
        -:   80:
        -:   81:// CATCH_CONFIG_VARIADIC_MACROS : are variadic macros supported?
        -:   82:// CATCH_CONFIG_COUNTER : is the __COUNTER__ macro supported?
        -:   83:// ****************
        -:   84:// Note to maintainers: if new toggles are added please document them
        -:   85:// in configuration.md, too
        -:   86:// ****************
        -:   87:
        -:   88:// In general each macro has a _NO_<feature name> form
        -:   89:// (e.g. CATCH_CONFIG_CPP11_NO_NULLPTR) which disables the feature.
        -:   90:// Many features, at point of detection, define an _INTERNAL_ macro, so they
        -:   91:// can be combined, en-mass, with the _NO_ forms later.
        -:   92:
        -:   93:// All the C++11 features can be disabled with CATCH_CONFIG_NO_CPP11
        -:   94:
        -:   95:#ifdef __cplusplus
        -:   96:
        -:   97:#  if __cplusplus >= 201103L
        -:   98:#    define CATCH_CPP11_OR_GREATER
        -:   99:#  endif
        -:  100:
        -:  101:#  if __cplusplus >= 201402L
        -:  102:#    define CATCH_CPP14_OR_GREATER
        -:  103:#  endif
        -:  104:
        -:  105:#endif
        -:  106:
        -:  107:#ifdef __clang__
        -:  108:
        -:  109:#  if __has_feature(cxx_nullptr)
        -:  110:#    define CATCH_INTERNAL_CONFIG_CPP11_NULLPTR
        -:  111:#  endif
        -:  112:
        -:  113:#  if __has_feature(cxx_noexcept)
        -:  114:#    define CATCH_INTERNAL_CONFIG_CPP11_NOEXCEPT
        -:  115:#  endif
        -:  116:
        -:  117:#   if defined(CATCH_CPP11_OR_GREATER)
        -:  118:#       define CATCH_INTERNAL_SUPPRESS_PARENTHESES_WARNINGS _Pragma( "clang diagnostic ignored \"-Wparentheses\"" )
        -:  119:#   endif
        -:  120:
        -:  121:#endif // __clang__
        -:  122:
        -:  123:////////////////////////////////////////////////////////////////////////////////
        -:  124:// Borland
        -:  125:#ifdef __BORLANDC__
        -:  126:
        -:  127:#endif // __BORLANDC__
        -:  128:
        -:  129:////////////////////////////////////////////////////////////////////////////////
        -:  130:// EDG
        -:  131:#ifdef __EDG_VERSION__
        -:  132:
        -:  133:#endif // __EDG_VERSION__
        -:  134:
        -:  135:////////////////////////////////////////////////////////////////////////////////
        -:  136:// Digital Mars
        -:  137:#ifdef __DMC__
        -:  138:
        -:  139:#endif // __DMC__
        -:  140:
        -:  141:////////////////////////////////////////////////////////////////////////////////
        -:  142:// GCC
        -:  143:#ifdef __GNUC__
        -:  144:
        -:  145:#   if __GNUC__ == 4 && __GNUC_MINOR__ >= 6 && defined(__GXX_EXPERIMENTAL_CXX0X__)
        -:  146:#       define CATCH_INTERNAL_CONFIG_CPP11_NULLPTR
        -:  147:#   endif
        -:  148:
        -:  149:#   if !defined(CATCH_INTERNAL_SUPPRESS_PARENTHESES_WARNINGS) && defined(CATCH_CPP11_OR_GREATER)
        -:  150:#       define CATCH_INTERNAL_SUPPRESS_PARENTHESES_WARNINGS _Pragma( "GCC diagnostic ignored \"-Wparentheses\"" )
        -:  151:#   endif
        -:  152:
        -:  153:// - otherwise more recent versions define __cplusplus >= 201103L
        -:  154:// and will get picked up below
        -:  155:
        -:  156:#endif // __GNUC__
        -:  157:
        -:  158:////////////////////////////////////////////////////////////////////////////////
        -:  159:// Visual C++
        -:  160:#ifdef _MSC_VER
        -:  161:
        -:  162:#if (_MSC_VER >= 1600)
        -:  163:#   define CATCH_INTERNAL_CONFIG_CPP11_NULLPTR
        -:  164:#   define CATCH_INTERNAL_CONFIG_CPP11_UNIQUE_PTR
        -:  165:#endif
        -:  166:
        -:  167:#if (_MSC_VER >= 1900 ) // (VC++ 13 (VS2015))
        -:  168:#define CATCH_INTERNAL_CONFIG_CPP11_NOEXCEPT
        -:  169:#define CATCH_INTERNAL_CONFIG_CPP11_GENERATED_METHODS
        -:  170:#define CATCH_INTERNAL_CONFIG_CPP11_SHUFFLE
        -:  171:#endif
        -:  172:
        -:  173:#endif // _MSC_VER
        -:  174:
        -:  175:////////////////////////////////////////////////////////////////////////////////
        -:  176:
        -:  177:// Use variadic macros if the compiler supports them
        -:  178:#if ( defined _MSC_VER && _MSC_VER > 1400 && !defined __EDGE__) || \
        -:  179:    ( defined __WAVE__ && __WAVE_HAS_VARIADICS ) || \
        -:  180:    ( defined __GNUC__ && __GNUC__ >= 3 ) || \
        -:  181:    ( !defined __cplusplus && __STDC_VERSION__ >= 199901L || __cplusplus >= 201103L )
        -:  182:
        -:  183:#define CATCH_INTERNAL_CONFIG_VARIADIC_MACROS
        -:  184:
        -:  185:#endif
        -:  186:
        -:  187:// Use __COUNTER__ if the compiler supports it
        -:  188:#if ( defined _MSC_VER && _MSC_VER >= 1300 ) || \
        -:  189:    ( defined __GNUC__  && __GNUC__ >= 4 && __GNUC_MINOR__ >= 3 ) || \
        -:  190:    ( defined __clang__ && __clang_major__ >= 3 )
        -:  191:
        -:  192:#define CATCH_INTERNAL_CONFIG_COUNTER
        -:  193:
        -:  194:#endif
        -:  195:
        -:  196:////////////////////////////////////////////////////////////////////////////////
        -:  197:// C++ language feature support
        -:  198:
        -:  199:// catch all support for C++11
        -:  200:#if defined(CATCH_CPP11_OR_GREATER)
        -:  201:
        -:  202:#  if !defined(CATCH_INTERNAL_CONFIG_CPP11_NULLPTR)
        -:  203:#    define CATCH_INTERNAL_CONFIG_CPP11_NULLPTR
        -:  204:#  endif
        -:  205:
        -:  206:#  ifndef CATCH_INTERNAL_CONFIG_CPP11_NOEXCEPT
        -:  207:#    define CATCH_INTERNAL_CONFIG_CPP11_NOEXCEPT
        -:  208:#  endif
        -:  209:
        -:  210:#  ifndef CATCH_INTERNAL_CONFIG_CPP11_GENERATED_METHODS
        -:  211:#    define CATCH_INTERNAL_CONFIG_CPP11_GENERATED_METHODS
        -:  212:#  endif
        -:  213:
        -:  214:#  ifndef CATCH_INTERNAL_CONFIG_CPP11_IS_ENUM
        -:  215:#    define CATCH_INTERNAL_CONFIG_CPP11_IS_ENUM
        -:  216:#  endif
        -:  217:
        -:  218:#  ifndef CATCH_INTERNAL_CONFIG_CPP11_TUPLE
        -:  219:#    define CATCH_INTERNAL_CONFIG_CPP11_TUPLE
        -:  220:#  endif
        -:  221:
        -:  222:#  ifndef CATCH_INTERNAL_CONFIG_VARIADIC_MACROS
        -:  223:#    define CATCH_INTERNAL_CONFIG_VARIADIC_MACROS
        -:  224:#  endif
        -:  225:
        -:  226:#  if !defined(CATCH_INTERNAL_CONFIG_CPP11_LONG_LONG)
        -:  227:#    define CATCH_INTERNAL_CONFIG_CPP11_LONG_LONG
        -:  228:#  endif
        -:  229:
        -:  230:#  if !defined(CATCH_INTERNAL_CONFIG_CPP11_OVERRIDE)
        -:  231:#    define CATCH_INTERNAL_CONFIG_CPP11_OVERRIDE
        -:  232:#  endif
        -:  233:#  if !defined(CATCH_INTERNAL_CONFIG_CPP11_UNIQUE_PTR)
        -:  234:#    define CATCH_INTERNAL_CONFIG_CPP11_UNIQUE_PTR
        -:  235:#  endif
        -:  236:# if !defined(CATCH_INTERNAL_CONFIG_CPP11_SHUFFLE)
        -:  237:#   define CATCH_INTERNAL_CONFIG_CPP11_SHUFFLE
        -:  238:#  endif
        -:  239:
        -:  240:#endif // __cplusplus >= 201103L
        -:  241:
        -:  242:// Now set the actual defines based on the above + anything the user has configured
        -:  243:#if defined(CATCH_INTERNAL_CONFIG_CPP11_NULLPTR) && !defined(CATCH_CONFIG_CPP11_NO_NULLPTR) && !defined(CATCH_CONFIG_CPP11_NULLPTR) && !defined(CATCH_CONFIG_NO_CPP11)
        -:  244:#   define CATCH_CONFIG_CPP11_NULLPTR
        -:  245:#endif
        -:  246:#if defined(CATCH_INTERNAL_CONFIG_CPP11_NOEXCEPT) && !defined(CATCH_CONFIG_CPP11_NO_NOEXCEPT) && !defined(CATCH_CONFIG_CPP11_NOEXCEPT) && !defined(CATCH_CONFIG_NO_CPP11)
        -:  247:#   define CATCH_CONFIG_CPP11_NOEXCEPT
        -:  248:#endif
        -:  249:#if defined(CATCH_INTERNAL_CONFIG_CPP11_GENERATED_METHODS) && !defined(CATCH_CONFIG_CPP11_NO_GENERATED_METHODS) && !defined(CATCH_CONFIG_CPP11_GENERATED_METHODS) && !defined(CATCH_CONFIG_NO_CPP11)
        -:  250:#   define CATCH_CONFIG_CPP11_GENERATED_METHODS
        -:  251:#endif
        -:  252:#if defined(CATCH_INTERNAL_CONFIG_CPP11_IS_ENUM) && !defined(CATCH_CONFIG_CPP11_NO_IS_ENUM) && !defined(CATCH_CONFIG_CPP11_IS_ENUM) && !defined(CATCH_CONFIG_NO_CPP11)
        -:  253:#   define CATCH_CONFIG_CPP11_IS_ENUM
        -:  254:#endif
        -:  255:#if defined(CATCH_INTERNAL_CONFIG_CPP11_TUPLE) && !defined(CATCH_CONFIG_CPP11_NO_TUPLE) && !defined(CATCH_CONFIG_CPP11_TUPLE) && !defined(CATCH_CONFIG_NO_CPP11)
        -:  256:#   define CATCH_CONFIG_CPP11_TUPLE
        -:  257:#endif
        -:  258:#if defined(CATCH_INTERNAL_CONFIG_VARIADIC_MACROS) && !defined(CATCH_CONFIG_NO_VARIADIC_MACROS) && !defined(CATCH_CONFIG_VARIADIC_MACROS)
        -:  259:#   define CATCH_CONFIG_VARIADIC_MACROS
        -:  260:#endif
        -:  261:#if defined(CATCH_INTERNAL_CONFIG_CPP11_LONG_LONG) && !defined(CATCH_CONFIG_CPP11_NO_LONG_LONG) && !defined(CATCH_CONFIG_CPP11_LONG_LONG) && !defined(CATCH_CONFIG_NO_CPP11)
        -:  262:#   define CATCH_CONFIG_CPP11_LONG_LONG
        -:  263:#endif
        -:  264:#if defined(CATCH_INTERNAL_CONFIG_CPP11_OVERRIDE) && !defined(CATCH_CONFIG_CPP11_NO_OVERRIDE) && !defined(CATCH_CONFIG_CPP11_OVERRIDE) && !defined(CATCH_CONFIG_NO_CPP11)
        -:  265:#   define CATCH_CONFIG_CPP11_OVERRIDE
        -:  266:#endif
        -:  267:#if defined(CATCH_INTERNAL_CONFIG_CPP11_UNIQUE_PTR) && !defined(CATCH_CONFIG_CPP11_NO_UNIQUE_PTR) && !defined(CATCH_CONFIG_CPP11_UNIQUE_PTR) && !defined(CATCH_CONFIG_NO_CPP11)
        -:  268:#   define CATCH_CONFIG_CPP11_UNIQUE_PTR
        -:  269:#endif
        -:  270:#if defined(CATCH_INTERNAL_CONFIG_COUNTER) && !defined(CATCH_CONFIG_NO_COUNTER) && !defined(CATCH_CONFIG_COUNTER)
        -:  271:#   define CATCH_CONFIG_COUNTER
        -:  272:#endif
        -:  273:#if defined(CATCH_INTERNAL_CONFIG_CPP11_SHUFFLE) && !defined(CATCH_CONFIG_CPP11_NO_SHUFFLE) && !defined(CATCH_CONFIG_CPP11_SHUFFLE) && !defined(CATCH_CONFIG_NO_CPP11)
        -:  274:#   define CATCH_CONFIG_CPP11_SHUFFLE
        -:  275:#endif
        -:  276:
        -:  277:#if !defined(CATCH_INTERNAL_SUPPRESS_PARENTHESES_WARNINGS)
        -:  278:#   define CATCH_INTERNAL_SUPPRESS_PARENTHESES_WARNINGS
        -:  279:#endif
        -:  280:
        -:  281:// noexcept support:
        -:  282:#if defined(CATCH_CONFIG_CPP11_NOEXCEPT) && !defined(CATCH_NOEXCEPT)
        -:  283:#  define CATCH_NOEXCEPT noexcept
        -:  284:#  define CATCH_NOEXCEPT_IS(x) noexcept(x)
        -:  285:#else
        -:  286:#  define CATCH_NOEXCEPT throw()
        -:  287:#  define CATCH_NOEXCEPT_IS(x)
        -:  288:#endif
        -:  289:
        -:  290:// nullptr support
        -:  291:#ifdef CATCH_CONFIG_CPP11_NULLPTR
        -:  292:#   define CATCH_NULL nullptr
        -:  293:#else
        -:  294:#   define CATCH_NULL NULL
        -:  295:#endif
        -:  296:
        -:  297:// override support
        -:  298:#ifdef CATCH_CONFIG_CPP11_OVERRIDE
        -:  299:#   define CATCH_OVERRIDE override
        -:  300:#else
        -:  301:#   define CATCH_OVERRIDE
        -:  302:#endif
        -:  303:
        -:  304:// unique_ptr support
        -:  305:#ifdef CATCH_CONFIG_CPP11_UNIQUE_PTR
        -:  306:#   define CATCH_AUTO_PTR( T ) std::unique_ptr<T>
        -:  307:#else
        -:  308:#   define CATCH_AUTO_PTR( T ) std::auto_ptr<T>
        -:  309:#endif
        -:  310:
        -:  311:#define INTERNAL_CATCH_UNIQUE_NAME_LINE2( name, line ) name##line
        -:  312:#define INTERNAL_CATCH_UNIQUE_NAME_LINE( name, line ) INTERNAL_CATCH_UNIQUE_NAME_LINE2( name, line )
        -:  313:#ifdef CATCH_CONFIG_COUNTER
        -:  314:#  define INTERNAL_CATCH_UNIQUE_NAME( name ) INTERNAL_CATCH_UNIQUE_NAME_LINE( name, __COUNTER__ )
        -:  315:#else
        -:  316:#  define INTERNAL_CATCH_UNIQUE_NAME( name ) INTERNAL_CATCH_UNIQUE_NAME_LINE( name, __LINE__ )
        -:  317:#endif
        -:  318:
        -:  319:#define INTERNAL_CATCH_STRINGIFY2( expr ) #expr
        -:  320:#define INTERNAL_CATCH_STRINGIFY( expr ) INTERNAL_CATCH_STRINGIFY2( expr )
        -:  321:
        -:  322:#include <sstream>
        -:  323:#include <stdexcept>
        -:  324:#include <algorithm>
        -:  325:
        -:  326:namespace Catch {
        -:  327:
        -:  328:    struct IConfig;
        -:  329:
        -:  330:    struct CaseSensitive { enum Choice {
        -:  331:        Yes,
        -:  332:        No
        -:  333:    }; };
        -:  334:
        -:  335:    class NonCopyable {
        -:  336:#ifdef CATCH_CONFIG_CPP11_GENERATED_METHODS
        -:  337:        NonCopyable( NonCopyable const& )              = delete;
        -:  338:        NonCopyable( NonCopyable && )                  = delete;
        -:  339:        NonCopyable& operator = ( NonCopyable const& ) = delete;
        -:  340:        NonCopyable& operator = ( NonCopyable && )     = delete;
        -:  341:#else
        -:  342:        NonCopyable( NonCopyable const& info );
        -:  343:        NonCopyable& operator = ( NonCopyable const& );
        -:  344:#endif
        -:  345:
        -:  346:    protected:
        9:  347:        NonCopyable() {}
        -:  348:        virtual ~NonCopyable();
        -:  349:    };
        -:  350:
        -:  351:    class SafeBool {
        -:  352:    public:
        -:  353:        typedef void (SafeBool::*type)() const;
        -:  354:
        3:  355:        static type makeSafe( bool value ) {
        3:  356:            return value ? &SafeBool::trueValue : 0;
        -:  357:        }
        -:  358:    private:
    #####:  359:        void trueValue() const {}
        -:  360:    };
        -:  361:
        -:  362:    template<typename ContainerT>
        1:  363:    inline void deleteAll( ContainerT& container ) {
        1:  364:        typename ContainerT::const_iterator it = container.begin();
        1:  365:        typename ContainerT::const_iterator itEnd = container.end();
        1:  366:        for(; it != itEnd; ++it )
    #####:  367:            delete *it;
        1:  368:    }
        -:  369:    template<typename AssociativeContainerT>
        -:  370:    inline void deleteAllValues( AssociativeContainerT& container ) {
        -:  371:        typename AssociativeContainerT::const_iterator it = container.begin();
        -:  372:        typename AssociativeContainerT::const_iterator itEnd = container.end();
        -:  373:        for(; it != itEnd; ++it )
        -:  374:            delete it->second;
        -:  375:    }
        -:  376:
        -:  377:    bool startsWith( std::string const& s, std::string const& prefix );
        -:  378:    bool endsWith( std::string const& s, std::string const& suffix );
        -:  379:    bool contains( std::string const& s, std::string const& infix );
        -:  380:    void toLowerInPlace( std::string& s );
        -:  381:    std::string toLower( std::string const& s );
        -:  382:    std::string trim( std::string const& str );
        -:  383:    bool replaceInPlace( std::string& str, std::string const& replaceThis, std::string const& withThis );
        -:  384:
    #####:  385:    struct pluralise {
        -:  386:        pluralise( std::size_t count, std::string const& label );
        -:  387:
        -:  388:        friend std::ostream& operator << ( std::ostream& os, pluralise const& pluraliser );
        -:  389:
        -:  390:        std::size_t m_count;
        -:  391:        std::string m_label;
        -:  392:    };
        -:  393:
        2:  394:    struct SourceLineInfo {
        -:  395:
        -:  396:        SourceLineInfo();
        -:  397:        SourceLineInfo( char const* _file, std::size_t _line );
        -:  398:        SourceLineInfo( SourceLineInfo const& other );
        -:  399:#  ifdef CATCH_CONFIG_CPP11_GENERATED_METHODS
    #####:  400:        SourceLineInfo( SourceLineInfo && )                  = default;
        -:  401:        SourceLineInfo& operator = ( SourceLineInfo const& ) = default;
        -:  402:        SourceLineInfo& operator = ( SourceLineInfo && )     = default;
        -:  403:#  endif
        -:  404:        bool empty() const;
        -:  405:        bool operator == ( SourceLineInfo const& other ) const;
        -:  406:        bool operator < ( SourceLineInfo const& other ) const;
        -:  407:
        -:  408:        std::string file;
        -:  409:        std::size_t line;
        -:  410:    };
        -:  411:
        -:  412:    std::ostream& operator << ( std::ostream& os, SourceLineInfo const& info );
        -:  413:
        -:  414:    // This is just here to avoid compiler warnings with macro constants and boolean literals
        -:  415:    inline bool isTrue( bool value ){ return value; }
    #####:  416:    inline bool alwaysTrue() { return true; }
        -:  417:    inline bool alwaysFalse() { return false; }
        -:  418:
        -:  419:    void throwLogicError( std::string const& message, SourceLineInfo const& locationInfo );
        -:  420:
        -:  421:    void seedRng( IConfig const& config );
        -:  422:    unsigned int rngSeed();
        -:  423:
        -:  424:    // Use this in variadic streaming macros to allow
        -:  425:    //    >> +StreamEndStop
        -:  426:    // as well as
        -:  427:    //    >> stuff +StreamEndStop
        -:  428:    struct StreamEndStop {
        -:  429:        std::string operator+() {
        -:  430:            return std::string();
        -:  431:        }
        -:  432:    };
        -:  433:    template<typename T>
        -:  434:    T const& operator + ( T const& value, StreamEndStop ) {
        -:  435:        return value;
        -:  436:    }
        -:  437:}
        -:  438:
        -:  439:#define CATCH_INTERNAL_LINEINFO ::Catch::SourceLineInfo( __FILE__, static_cast<std::size_t>( __LINE__ ) )
        -:  440:#define CATCH_INTERNAL_ERROR( msg ) ::Catch::throwLogicError( msg, CATCH_INTERNAL_LINEINFO );
        -:  441:
        -:  442:#include <ostream>
        -:  443:
        -:  444:namespace Catch {
        -:  445:
        -:  446:    class NotImplementedException : public std::exception
        -:  447:    {
        -:  448:    public:
        -:  449:        NotImplementedException( SourceLineInfo const& lineInfo );
        -:  450:        NotImplementedException( NotImplementedException const& ) {}
        -:  451:
    #####:  452:        virtual ~NotImplementedException() CATCH_NOEXCEPT {}
        -:  453:
        -:  454:        virtual const char* what() const CATCH_NOEXCEPT;
        -:  455:
        -:  456:    private:
        -:  457:        std::string m_what;
        -:  458:        SourceLineInfo m_lineInfo;
        -:  459:    };
        -:  460:
        -:  461:} // end namespace Catch
        -:  462:
        -:  463:///////////////////////////////////////////////////////////////////////////////
        -:  464:#define CATCH_NOT_IMPLEMENTED throw Catch::NotImplementedException( CATCH_INTERNAL_LINEINFO )
        -:  465:
        -:  466:// #included from: internal/catch_context.h
        -:  467:#define TWOBLUECUBES_CATCH_CONTEXT_H_INCLUDED
        -:  468:
        -:  469:// #included from: catch_interfaces_generators.h
        -:  470:#define TWOBLUECUBES_CATCH_INTERFACES_GENERATORS_H_INCLUDED
        -:  471:
        -:  472:#include <string>
        -:  473:
        -:  474:namespace Catch {
        -:  475:
    #####:  476:    struct IGeneratorInfo {
        -:  477:        virtual ~IGeneratorInfo();
        -:  478:        virtual bool moveNext() = 0;
        -:  479:        virtual std::size_t getCurrentIndex() const = 0;
        -:  480:    };
        -:  481:
    #####:  482:    struct IGeneratorsForTest {
        -:  483:        virtual ~IGeneratorsForTest();
        -:  484:
        -:  485:        virtual IGeneratorInfo& getGeneratorInfo( std::string const& fileInfo, std::size_t size ) = 0;
        -:  486:        virtual bool moveNext() = 0;
        -:  487:    };
        -:  488:
        -:  489:    IGeneratorsForTest* createGeneratorsForTest();
        -:  490:
        -:  491:} // end namespace Catch
        -:  492:
        -:  493:// #included from: catch_ptr.hpp
        -:  494:#define TWOBLUECUBES_CATCH_PTR_HPP_INCLUDED
        -:  495:
        -:  496:#ifdef __clang__
        -:  497:#pragma clang diagnostic push
        -:  498:#pragma clang diagnostic ignored "-Wpadded"
        -:  499:#endif
        -:  500:
        -:  501:namespace Catch {
        -:  502:
        -:  503:    // An intrusive reference counting smart pointer.
        -:  504:    // T must implement addRef() and release() methods
        -:  505:    // typically implementing the IShared interface
        -:  506:    template<typename T>
        -:  507:    class Ptr {
        -:  508:    public:
        4:  509:        Ptr() : m_p( CATCH_NULL ){}
       11:  510:        Ptr( T* p ) : m_p( p ){
       11:  511:            if( m_p )
       10:  512:                m_p->addRef();
       11:  513:        }
       23:  514:        Ptr( Ptr const& other ) : m_p( other.m_p ){
       23:  515:            if( m_p )
       23:  516:                m_p->addRef();
       23:  517:        }
       38:  518:        ~Ptr(){
       38:  519:            if( m_p )
       33:  520:                m_p->release();
       38:  521:        }
        1:  522:        void reset() {
        1:  523:            if( m_p )
    #####:  524:                m_p->release();
        1:  525:            m_p = CATCH_NULL;
        1:  526:        }
        2:  527:        Ptr& operator = ( T* p ){
        4:  528:            Ptr temp( p );
        2:  529:            swap( temp );
        4:  530:            return *this;
        -:  531:        }
        4:  532:        Ptr& operator = ( Ptr const& other ){
        8:  533:            Ptr temp( other );
        4:  534:            swap( temp );
        8:  535:            return *this;
        -:  536:        }
        6:  537:        void swap( Ptr& other ) { std::swap( m_p, other.m_p ); }
        2:  538:        T* get() const{ return m_p; }
        4:  539:        T& operator*() const { return *m_p; }
       14:  540:        T* operator->() const { return m_p; }
        3:  541:        bool operator !() const { return m_p == CATCH_NULL; }
        2:  542:        operator SafeBool::type() const { return SafeBool::makeSafe( m_p != CATCH_NULL ); }
        -:  543:
        -:  544:    private:
        -:  545:        T* m_p;
        -:  546:    };
        -:  547:
        8:  548:    struct IShared : NonCopyable {
        -:  549:        virtual ~IShared();
        -:  550:        virtual void addRef() const = 0;
        -:  551:        virtual void release() const = 0;
        -:  552:    };
        -:  553:
        -:  554:    template<typename T = IShared>
        8:  555:    struct SharedImpl : T {
        -:  556:
        8:  557:        SharedImpl() : m_rc( 0 ){}
        -:  558:
       33:  559:        virtual void addRef() const {
       33:  560:            ++m_rc;
       33:  561:        }
       33:  562:        virtual void release() const {
       33:  563:            if( --m_rc == 0 )
        8:  564:                delete this;
       33:  565:        }
        -:  566:
        -:  567:        mutable unsigned int m_rc;
        -:  568:    };
        -:  569:
        -:  570:} // end namespace Catch
        -:  571:
        -:  572:#ifdef __clang__
        -:  573:#pragma clang diagnostic pop
        -:  574:#endif
        -:  575:
        -:  576:#include <memory>
        -:  577:#include <vector>
        -:  578:#include <stdlib.h>
        -:  579:
        -:  580:namespace Catch {
        -:  581:
        -:  582:    class TestCase;
        -:  583:    class Stream;
        -:  584:    struct IResultCapture;
        -:  585:    struct IRunner;
        -:  586:    struct IGeneratorsForTest;
        -:  587:    struct IConfig;
        -:  588:
        1:  589:    struct IContext
        -:  590:    {
        -:  591:        virtual ~IContext();
        -:  592:
        -:  593:        virtual IResultCapture* getResultCapture() = 0;
        -:  594:        virtual IRunner* getRunner() = 0;
        -:  595:        virtual size_t getGeneratorIndex( std::string const& fileInfo, size_t totalSize ) = 0;
        -:  596:        virtual bool advanceGeneratorsForCurrentTest() = 0;
        -:  597:        virtual Ptr<IConfig const> getConfig() const = 0;
        -:  598:    };
        -:  599:
        1:  600:    struct IMutableContext : IContext
        -:  601:    {
        -:  602:        virtual ~IMutableContext();
        -:  603:        virtual void setResultCapture( IResultCapture* resultCapture ) = 0;
        -:  604:        virtual void setRunner( IRunner* runner ) = 0;
        -:  605:        virtual void setConfig( Ptr<IConfig const> const& config ) = 0;
        -:  606:    };
        -:  607:
        -:  608:    IContext& getCurrentContext();
        -:  609:    IMutableContext& getCurrentMutableContext();
        -:  610:    void cleanUpContext();
        -:  611:    Stream createStream( std::string const& streamName );
        -:  612:
        -:  613:}
        -:  614:
        -:  615:// #included from: internal/catch_test_registry.hpp
        -:  616:#define TWOBLUECUBES_CATCH_TEST_REGISTRY_HPP_INCLUDED
        -:  617:
        -:  618:// #included from: catch_interfaces_testcase.h
        -:  619:#define TWOBLUECUBES_CATCH_INTERFACES_TESTCASE_H_INCLUDED
        -:  620:
        -:  621:#include <vector>
        -:  622:
        -:  623:namespace Catch {
        -:  624:
        -:  625:    class TestSpec;
        -:  626:
    #####:  627:    struct ITestCase : IShared {
        -:  628:        virtual void invoke () const = 0;
        -:  629:    protected:
        -:  630:        virtual ~ITestCase();
        -:  631:    };
        -:  632:
        -:  633:    class TestCase;
        -:  634:    struct IConfig;
        -:  635:
        1:  636:    struct ITestCaseRegistry {
        -:  637:        virtual ~ITestCaseRegistry();
        -:  638:        virtual std::vector<TestCase> const& getAllTests() const = 0;
        -:  639:        virtual std::vector<TestCase> const& getAllTestsSorted( IConfig const& config ) const = 0;
        -:  640:    };
        -:  641:
        -:  642:    bool matchTest( TestCase const& testCase, TestSpec const& testSpec, IConfig const& config );
        -:  643:    std::vector<TestCase> filterTests( std::vector<TestCase> const& testCases, TestSpec const& testSpec, IConfig const& config );
        -:  644:    std::vector<TestCase> const& getAllTestCasesSorted( IConfig const& config );
        -:  645:
        -:  646:}
        -:  647:
        -:  648:namespace Catch {
        -:  649:
        -:  650:template<typename C>
        -:  651:class MethodTestCase : public SharedImpl<ITestCase> {
        -:  652:
        -:  653:public:
        -:  654:    MethodTestCase( void (C::*method)() ) : m_method( method ) {}
        -:  655:
        -:  656:    virtual void invoke() const {
        -:  657:        C obj;
        -:  658:        (obj.*m_method)();
        -:  659:    }
        -:  660:
        -:  661:private:
        -:  662:    virtual ~MethodTestCase() {}
        -:  663:
        -:  664:    void (C::*m_method)();
        -:  665:};
        -:  666:
        -:  667:typedef void(*TestFunction)();
        -:  668:
        -:  669:struct NameAndDesc {
        -:  670:    NameAndDesc( const char* _name = "", const char* _description= "" )
        -:  671:    : name( _name ), description( _description )
        -:  672:    {}
        -:  673:
        -:  674:    const char* name;
        -:  675:    const char* description;
        -:  676:};
        -:  677:
        -:  678:void registerTestCase
        -:  679:    (   ITestCase* testCase,
        -:  680:        char const* className,
        -:  681:        NameAndDesc const& nameAndDesc,
        -:  682:        SourceLineInfo const& lineInfo );
        -:  683:
        -:  684:struct AutoReg {
        -:  685:
        -:  686:    AutoReg
        -:  687:        (   TestFunction function,
        -:  688:            SourceLineInfo const& lineInfo,
        -:  689:            NameAndDesc const& nameAndDesc );
        -:  690:
        -:  691:    template<typename C>
        -:  692:    AutoReg
        -:  693:        (   void (C::*method)(),
        -:  694:            char const* className,
        -:  695:            NameAndDesc const& nameAndDesc,
        -:  696:            SourceLineInfo const& lineInfo ) {
        -:  697:
        -:  698:        registerTestCase
        -:  699:            (   new MethodTestCase<C>( method ),
        -:  700:                className,
        -:  701:                nameAndDesc,
        -:  702:                lineInfo );
        -:  703:    }
        -:  704:
        -:  705:    ~AutoReg();
        -:  706:
        -:  707:private:
        -:  708:    AutoReg( AutoReg const& );
        -:  709:    void operator= ( AutoReg const& );
        -:  710:};
        -:  711:
        -:  712:void registerTestCaseFunction
        -:  713:    (   TestFunction function,
        -:  714:        SourceLineInfo const& lineInfo,
        -:  715:        NameAndDesc const& nameAndDesc );
        -:  716:
        -:  717:} // end namespace Catch
        -:  718:
        -:  719:#ifdef CATCH_CONFIG_VARIADIC_MACROS
        -:  720:    ///////////////////////////////////////////////////////////////////////////////
        -:  721:    #define INTERNAL_CATCH_TESTCASE2( TestName, ... ) \
        -:  722:        static void TestName(); \
        -:  723:        namespace{ Catch::AutoReg INTERNAL_CATCH_UNIQUE_NAME( autoRegistrar )( &TestName, CATCH_INTERNAL_LINEINFO, Catch::NameAndDesc( __VA_ARGS__ ) ); }\
        -:  724:        static void TestName()
        -:  725:    #define INTERNAL_CATCH_TESTCASE( ... ) \
        -:  726:        INTERNAL_CATCH_TESTCASE2( INTERNAL_CATCH_UNIQUE_NAME( ____C_A_T_C_H____T_E_S_T____ ), __VA_ARGS__ )
        -:  727:
        -:  728:    ///////////////////////////////////////////////////////////////////////////////
        -:  729:    #define INTERNAL_CATCH_METHOD_AS_TEST_CASE( QualifiedMethod, ... ) \
        -:  730:        namespace{ Catch::AutoReg INTERNAL_CATCH_UNIQUE_NAME( autoRegistrar )( &QualifiedMethod, "&" #QualifiedMethod, Catch::NameAndDesc( __VA_ARGS__ ), CATCH_INTERNAL_LINEINFO ); }
        -:  731:
        -:  732:    ///////////////////////////////////////////////////////////////////////////////
        -:  733:    #define INTERNAL_CATCH_TEST_CASE_METHOD2( TestName, ClassName, ... )\
        -:  734:        namespace{ \
        -:  735:            struct TestName : ClassName{ \
        -:  736:                void test(); \
        -:  737:            }; \
        -:  738:            Catch::AutoReg INTERNAL_CATCH_UNIQUE_NAME( autoRegistrar ) ( &TestName::test, #ClassName, Catch::NameAndDesc( __VA_ARGS__ ), CATCH_INTERNAL_LINEINFO ); \
        -:  739:        } \
        -:  740:        void TestName::test()
        -:  741:    #define INTERNAL_CATCH_TEST_CASE_METHOD( ClassName, ... ) \
        -:  742:        INTERNAL_CATCH_TEST_CASE_METHOD2( INTERNAL_CATCH_UNIQUE_NAME( ____C_A_T_C_H____T_E_S_T____ ), ClassName, __VA_ARGS__ )
        -:  743:
        -:  744:    ///////////////////////////////////////////////////////////////////////////////
        -:  745:    #define INTERNAL_CATCH_REGISTER_TESTCASE( Function, ... ) \
        -:  746:        Catch::AutoReg( Function, CATCH_INTERNAL_LINEINFO, Catch::NameAndDesc( __VA_ARGS__ ) );
        -:  747:
        -:  748:#else
        -:  749:    ///////////////////////////////////////////////////////////////////////////////
        -:  750:    #define INTERNAL_CATCH_TESTCASE2( TestName, Name, Desc ) \
        -:  751:        static void TestName(); \
        -:  752:        namespace{ Catch::AutoReg INTERNAL_CATCH_UNIQUE_NAME( autoRegistrar )( &TestName, CATCH_INTERNAL_LINEINFO, Catch::NameAndDesc( Name, Desc ) ); }\
        -:  753:        static void TestName()
        -:  754:    #define INTERNAL_CATCH_TESTCASE( Name, Desc ) \
        -:  755:        INTERNAL_CATCH_TESTCASE2( INTERNAL_CATCH_UNIQUE_NAME( ____C_A_T_C_H____T_E_S_T____ ), Name, Desc )
        -:  756:
        -:  757:    ///////////////////////////////////////////////////////////////////////////////
        -:  758:    #define INTERNAL_CATCH_METHOD_AS_TEST_CASE( QualifiedMethod, Name, Desc ) \
        -:  759:        namespace{ Catch::AutoReg INTERNAL_CATCH_UNIQUE_NAME( autoRegistrar )( &QualifiedMethod, "&" #QualifiedMethod, Catch::NameAndDesc( Name, Desc ), CATCH_INTERNAL_LINEINFO ); }
        -:  760:
        -:  761:    ///////////////////////////////////////////////////////////////////////////////
        -:  762:    #define INTERNAL_CATCH_TEST_CASE_METHOD2( TestCaseName, ClassName, TestName, Desc )\
        -:  763:        namespace{ \
        -:  764:            struct TestCaseName : ClassName{ \
        -:  765:                void test(); \
        -:  766:            }; \
        -:  767:            Catch::AutoReg INTERNAL_CATCH_UNIQUE_NAME( autoRegistrar ) ( &TestCaseName::test, #ClassName, Catch::NameAndDesc( TestName, Desc ), CATCH_INTERNAL_LINEINFO ); \
        -:  768:        } \
        -:  769:        void TestCaseName::test()
        -:  770:    #define INTERNAL_CATCH_TEST_CASE_METHOD( ClassName, TestName, Desc )\
        -:  771:        INTERNAL_CATCH_TEST_CASE_METHOD2( INTERNAL_CATCH_UNIQUE_NAME( ____C_A_T_C_H____T_E_S_T____ ), ClassName, TestName, Desc )
        -:  772:
        -:  773:    ///////////////////////////////////////////////////////////////////////////////
        -:  774:    #define INTERNAL_CATCH_REGISTER_TESTCASE( Function, Name, Desc ) \
        -:  775:        Catch::AutoReg( Function, CATCH_INTERNAL_LINEINFO, Catch::NameAndDesc( Name, Desc ) );
        -:  776:#endif
        -:  777:
        -:  778:// #included from: internal/catch_capture.hpp
        -:  779:#define TWOBLUECUBES_CATCH_CAPTURE_HPP_INCLUDED
        -:  780:
        -:  781:// #included from: catch_result_builder.h
        -:  782:#define TWOBLUECUBES_CATCH_RESULT_BUILDER_H_INCLUDED
        -:  783:
        -:  784:// #included from: catch_result_type.h
        -:  785:#define TWOBLUECUBES_CATCH_RESULT_TYPE_H_INCLUDED
        -:  786:
        -:  787:namespace Catch {
        -:  788:
        -:  789:    // ResultWas::OfType enum
        -:  790:    struct ResultWas { enum OfType {
        -:  791:        Unknown = -1,
        -:  792:        Ok = 0,
        -:  793:        Info = 1,
        -:  794:        Warning = 2,
        -:  795:
        -:  796:        FailureBit = 0x10,
        -:  797:
        -:  798:        ExpressionFailed = FailureBit | 1,
        -:  799:        ExplicitFailure = FailureBit | 2,
        -:  800:
        -:  801:        Exception = 0x100 | FailureBit,
        -:  802:
        -:  803:        ThrewException = Exception | 1,
        -:  804:        DidntThrowException = Exception | 2,
        -:  805:
        -:  806:        FatalErrorCondition = 0x200 | FailureBit
        -:  807:
        -:  808:    }; };
        -:  809:
    #####:  810:    inline bool isOk( ResultWas::OfType resultType ) {
    #####:  811:        return ( resultType & ResultWas::FailureBit ) == 0;
        -:  812:    }
        -:  813:    inline bool isJustInfo( int flags ) {
        -:  814:        return flags == ResultWas::Info;
        -:  815:    }
        -:  816:
        -:  817:    // ResultDisposition::Flags enum
        -:  818:    struct ResultDisposition { enum Flags {
        -:  819:        Normal = 0x01,
        -:  820:
        -:  821:        ContinueOnFailure = 0x02,   // Failures fail test, but execution continues
        -:  822:        FalseTest = 0x04,           // Prefix expression with !
        -:  823:        SuppressFail = 0x08         // Failures are reported but do not fail the test
        -:  824:    }; };
        -:  825:
        -:  826:    inline ResultDisposition::Flags operator | ( ResultDisposition::Flags lhs, ResultDisposition::Flags rhs ) {
        -:  827:        return static_cast<ResultDisposition::Flags>( static_cast<int>( lhs ) | static_cast<int>( rhs ) );
        -:  828:    }
        -:  829:
        -:  830:    inline bool shouldContinueOnFailure( int flags )    { return ( flags & ResultDisposition::ContinueOnFailure ) != 0; }
    #####:  831:    inline bool isFalseTest( int flags )                { return ( flags & ResultDisposition::FalseTest ) != 0; }
    #####:  832:    inline bool shouldSuppressFailure( int flags )      { return ( flags & ResultDisposition::SuppressFail ) != 0; }
        -:  833:
        -:  834:} // end namespace Catch
        -:  835:
        -:  836:// #included from: catch_assertionresult.h
        -:  837:#define TWOBLUECUBES_CATCH_ASSERTIONRESULT_H_INCLUDED
        -:  838:
        -:  839:#include <string>
        -:  840:
        -:  841:namespace Catch {
        -:  842:
        2:  843:    struct AssertionInfo
        -:  844:    {
        2:  845:        AssertionInfo() {}
        -:  846:        AssertionInfo(  std::string const& _macroName,
        -:  847:                        SourceLineInfo const& _lineInfo,
        -:  848:                        std::string const& _capturedExpression,
        -:  849:                        ResultDisposition::Flags _resultDisposition );
        -:  850:
        -:  851:        std::string macroName;
        -:  852:        SourceLineInfo lineInfo;
        -:  853:        std::string capturedExpression;
        -:  854:        ResultDisposition::Flags resultDisposition;
        -:  855:    };
        -:  856:
        1:  857:    struct AssertionResultData
        -:  858:    {
        1:  859:        AssertionResultData() : resultType( ResultWas::Unknown ) {}
        -:  860:
        -:  861:        std::string reconstructedExpression;
        -:  862:        std::string message;
        -:  863:        ResultWas::OfType resultType;
        -:  864:    };
        -:  865:
    #####:  866:    class AssertionResult {
        -:  867:    public:
        -:  868:        AssertionResult();
        -:  869:        AssertionResult( AssertionInfo const& info, AssertionResultData const& data );
        -:  870:        ~AssertionResult();
        -:  871:#  ifdef CATCH_CONFIG_CPP11_GENERATED_METHODS
    #####:  872:         AssertionResult( AssertionResult const& )              = default;
    #####:  873:         AssertionResult( AssertionResult && )                  = default;
        -:  874:         AssertionResult& operator = ( AssertionResult const& ) = default;
        -:  875:         AssertionResult& operator = ( AssertionResult && )     = default;
        -:  876:#  endif
        -:  877:
        -:  878:        bool isOk() const;
        -:  879:        bool succeeded() const;
        -:  880:        ResultWas::OfType getResultType() const;
        -:  881:        bool hasExpression() const;
        -:  882:        bool hasMessage() const;
        -:  883:        std::string getExpression() const;
        -:  884:        std::string getExpressionInMacro() const;
        -:  885:        bool hasExpandedExpression() const;
        -:  886:        std::string getExpandedExpression() const;
        -:  887:        std::string getMessage() const;
        -:  888:        SourceLineInfo getSourceInfo() const;
        -:  889:        std::string getTestMacroName() const;
        -:  890:
        -:  891:    protected:
        -:  892:        AssertionInfo m_info;
        -:  893:        AssertionResultData m_resultData;
        -:  894:    };
        -:  895:
        -:  896:} // end namespace Catch
        -:  897:
        -:  898:// #included from: catch_matchers.hpp
        -:  899:#define TWOBLUECUBES_CATCH_MATCHERS_HPP_INCLUDED
        -:  900:
        -:  901:namespace Catch {
        -:  902:namespace Matchers {
        -:  903:    namespace Impl {
        -:  904:
        -:  905:    namespace Generic {
        -:  906:        template<typename ExpressionT> class AllOf;
        -:  907:        template<typename ExpressionT> class AnyOf;
        -:  908:        template<typename ExpressionT> class Not;
        -:  909:    }
        -:  910:
        -:  911:    template<typename ExpressionT>
    #####:  912:    struct Matcher : SharedImpl<IShared>
        -:  913:    {
        -:  914:        typedef ExpressionT ExpressionType;
        -:  915:
    #####:  916:        virtual ~Matcher() {}
        -:  917:        virtual Ptr<Matcher> clone() const = 0;
        -:  918:        virtual bool match( ExpressionT const& expr ) const = 0;
        -:  919:        virtual std::string toString() const = 0;
        -:  920:
        -:  921:        Generic::AllOf<ExpressionT> operator && ( Matcher<ExpressionT> const& other ) const;
        -:  922:        Generic::AnyOf<ExpressionT> operator || ( Matcher<ExpressionT> const& other ) const;
        -:  923:        Generic::Not<ExpressionT> operator ! () const;
        -:  924:    };
        -:  925:
        -:  926:    template<typename DerivedT, typename ExpressionT>
    #####:  927:    struct MatcherImpl : Matcher<ExpressionT> {
        -:  928:
    #####:  929:        virtual Ptr<Matcher<ExpressionT> > clone() const {
    #####:  930:            return Ptr<Matcher<ExpressionT> >( new DerivedT( static_cast<DerivedT const&>( *this ) ) );
        -:  931:        }
        -:  932:    };
        -:  933:
        -:  934:    namespace Generic {
        -:  935:        template<typename ExpressionT>
        -:  936:        class Not : public MatcherImpl<Not<ExpressionT>, ExpressionT> {
        -:  937:        public:
        -:  938:            explicit Not( Matcher<ExpressionT> const& matcher ) : m_matcher(matcher.clone()) {}
        -:  939:            Not( Not const& other ) : m_matcher( other.m_matcher ) {}
        -:  940:
        -:  941:            virtual bool match( ExpressionT const& expr ) const CATCH_OVERRIDE {
        -:  942:                return !m_matcher->match( expr );
        -:  943:            }
        -:  944:
        -:  945:            virtual std::string toString() const CATCH_OVERRIDE {
        -:  946:                return "not " + m_matcher->toString();
        -:  947:            }
        -:  948:        private:
        -:  949:            Ptr< Matcher<ExpressionT> > m_matcher;
        -:  950:        };
        -:  951:
        -:  952:        template<typename ExpressionT>
    #####:  953:        class AllOf : public MatcherImpl<AllOf<ExpressionT>, ExpressionT> {
        -:  954:        public:
        -:  955:
    #####:  956:            AllOf() {}
    #####:  957:            AllOf( AllOf const& other ) : m_matchers( other.m_matchers ) {}
        -:  958:
        -:  959:            AllOf& add( Matcher<ExpressionT> const& matcher ) {
        -:  960:                m_matchers.push_back( matcher.clone() );
        -:  961:                return *this;
        -:  962:            }
    #####:  963:            virtual bool match( ExpressionT const& expr ) const
        -:  964:            {
    #####:  965:                for( std::size_t i = 0; i < m_matchers.size(); ++i )
    #####:  966:                    if( !m_matchers[i]->match( expr ) )
    #####:  967:                        return false;
    #####:  968:                return true;
        -:  969:            }
    #####:  970:            virtual std::string toString() const {
    #####:  971:                std::ostringstream oss;
    #####:  972:                oss << "( ";
    #####:  973:                for( std::size_t i = 0; i < m_matchers.size(); ++i ) {
    #####:  974:                    if( i != 0 )
    #####:  975:                        oss << " and ";
    #####:  976:                    oss << m_matchers[i]->toString();
        -:  977:                }
    #####:  978:                oss << " )";
    #####:  979:                return oss.str();
        -:  980:            }
        -:  981:
        -:  982:            AllOf operator && ( Matcher<ExpressionT> const& other ) const {
        -:  983:                AllOf allOfExpr( *this );
        -:  984:                allOfExpr.add( other );
        -:  985:                return allOfExpr;
        -:  986:            }
        -:  987:
        -:  988:        private:
        -:  989:            std::vector<Ptr<Matcher<ExpressionT> > > m_matchers;
        -:  990:        };
        -:  991:
        -:  992:        template<typename ExpressionT>
        -:  993:        class AnyOf : public MatcherImpl<AnyOf<ExpressionT>, ExpressionT> {
        -:  994:        public:
        -:  995:
        -:  996:            AnyOf() {}
        -:  997:            AnyOf( AnyOf const& other ) : m_matchers( other.m_matchers ) {}
        -:  998:
        -:  999:            AnyOf& add( Matcher<ExpressionT> const& matcher ) {
        -: 1000:                m_matchers.push_back( matcher.clone() );
        -: 1001:                return *this;
        -: 1002:            }
        -: 1003:            virtual bool match( ExpressionT const& expr ) const
        -: 1004:            {
        -: 1005:                for( std::size_t i = 0; i < m_matchers.size(); ++i )
        -: 1006:                    if( m_matchers[i]->match( expr ) )
        -: 1007:                        return true;
        -: 1008:                return false;
        -: 1009:            }
        -: 1010:            virtual std::string toString() const {
        -: 1011:                std::ostringstream oss;
        -: 1012:                oss << "( ";
        -: 1013:                for( std::size_t i = 0; i < m_matchers.size(); ++i ) {
        -: 1014:                    if( i != 0 )
        -: 1015:                        oss << " or ";
        -: 1016:                    oss << m_matchers[i]->toString();
        -: 1017:                }
        -: 1018:                oss << " )";
        -: 1019:                return oss.str();
        -: 1020:            }
        -: 1021:
        -: 1022:            AnyOf operator || ( Matcher<ExpressionT> const& other ) const {
        -: 1023:                AnyOf anyOfExpr( *this );
        -: 1024:                anyOfExpr.add( other );
        -: 1025:                return anyOfExpr;
        -: 1026:            }
        -: 1027:
        -: 1028:        private:
        -: 1029:            std::vector<Ptr<Matcher<ExpressionT> > > m_matchers;
        -: 1030:        };
        -: 1031:
        -: 1032:    } // namespace Generic
        -: 1033:
        -: 1034:    template<typename ExpressionT>
        -: 1035:    Generic::AllOf<ExpressionT> Matcher<ExpressionT>::operator && ( Matcher<ExpressionT> const& other ) const {
        -: 1036:        Generic::AllOf<ExpressionT> allOfExpr;
        -: 1037:        allOfExpr.add( *this );
        -: 1038:        allOfExpr.add( other );
        -: 1039:        return allOfExpr;
        -: 1040:    }
        -: 1041:
        -: 1042:    template<typename ExpressionT>
        -: 1043:    Generic::AnyOf<ExpressionT> Matcher<ExpressionT>::operator || ( Matcher<ExpressionT> const& other ) const {
        -: 1044:        Generic::AnyOf<ExpressionT> anyOfExpr;
        -: 1045:        anyOfExpr.add( *this );
        -: 1046:        anyOfExpr.add( other );
        -: 1047:        return anyOfExpr;
        -: 1048:    }
        -: 1049:
        -: 1050:    template<typename ExpressionT>
        -: 1051:    Generic::Not<ExpressionT> Matcher<ExpressionT>::operator ! () const {
        -: 1052:        return Generic::Not<ExpressionT>( *this );
        -: 1053:    }
        -: 1054:
        -: 1055:    namespace StdString {
        -: 1056:
        -: 1057:        inline std::string makeString( std::string const& str ) { return str; }
        -: 1058:        inline std::string makeString( const char* str ) { return str ? std::string( str ) : std::string(); }
        -: 1059:
    #####: 1060:        struct CasedString
        -: 1061:        {
    #####: 1062:            CasedString( std::string const& str, CaseSensitive::Choice caseSensitivity )
        -: 1063:            :   m_caseSensitivity( caseSensitivity ),
    #####: 1064:                m_str( adjustString( str ) )
    #####: 1065:            {}
    #####: 1066:            std::string adjustString( std::string const& str ) const {
    #####: 1067:                return m_caseSensitivity == CaseSensitive::No
        -: 1068:                    ? toLower( str )
    #####: 1069:                    : str;
        -: 1070:
        -: 1071:            }
    #####: 1072:            std::string toStringSuffix() const
        -: 1073:            {
    #####: 1074:                return m_caseSensitivity == CaseSensitive::No
        -: 1075:                    ? " (case insensitive)"
    #####: 1076:                    : "";
        -: 1077:            }
        -: 1078:            CaseSensitive::Choice m_caseSensitivity;
        -: 1079:            std::string m_str;
        -: 1080:        };
        -: 1081:
        -: 1082:        struct Equals : MatcherImpl<Equals, std::string> {
    #####: 1083:            Equals( std::string const& str, CaseSensitive::Choice caseSensitivity = CaseSensitive::Yes )
    #####: 1084:            :   m_data( str, caseSensitivity )
    #####: 1085:            {}
    #####: 1086:            Equals( Equals const& other ) : m_data( other.m_data ){}
        -: 1087:
        -: 1088:            virtual ~Equals();
        -: 1089:
    #####: 1090:            virtual bool match( std::string const& expr ) const {
    #####: 1091:                return m_data.m_str == m_data.adjustString( expr );;
        -: 1092:            }
    #####: 1093:            virtual std::string toString() const {
    #####: 1094:                return "equals: \"" + m_data.m_str + "\"" + m_data.toStringSuffix();
        -: 1095:            }
        -: 1096:
        -: 1097:            CasedString m_data;
        -: 1098:        };
        -: 1099:
        -: 1100:        struct Contains : MatcherImpl<Contains, std::string> {
        -: 1101:            Contains( std::string const& substr, CaseSensitive::Choice caseSensitivity = CaseSensitive::Yes )
        -: 1102:            : m_data( substr, caseSensitivity ){}
    #####: 1103:            Contains( Contains const& other ) : m_data( other.m_data ){}
        -: 1104:
        -: 1105:            virtual ~Contains();
        -: 1106:
    #####: 1107:            virtual bool match( std::string const& expr ) const {
    #####: 1108:                return m_data.adjustString( expr ).find( m_data.m_str ) != std::string::npos;
        -: 1109:            }
    #####: 1110:            virtual std::string toString() const {
    #####: 1111:                return "contains: \"" + m_data.m_str  + "\"" + m_data.toStringSuffix();
        -: 1112:            }
        -: 1113:
        -: 1114:            CasedString m_data;
        -: 1115:        };
        -: 1116:
        -: 1117:        struct StartsWith : MatcherImpl<StartsWith, std::string> {
        -: 1118:            StartsWith( std::string const& substr, CaseSensitive::Choice caseSensitivity = CaseSensitive::Yes )
        -: 1119:            : m_data( substr, caseSensitivity ){}
        -: 1120:
    #####: 1121:            StartsWith( StartsWith const& other ) : m_data( other.m_data ){}
        -: 1122:
        -: 1123:            virtual ~StartsWith();
        -: 1124:
    #####: 1125:            virtual bool match( std::string const& expr ) const {
    #####: 1126:                return startsWith( m_data.adjustString( expr ), m_data.m_str );
        -: 1127:            }
    #####: 1128:            virtual std::string toString() const {
    #####: 1129:                return "starts with: \"" + m_data.m_str + "\"" + m_data.toStringSuffix();
        -: 1130:            }
        -: 1131:
        -: 1132:            CasedString m_data;
        -: 1133:        };
        -: 1134:
        -: 1135:        struct EndsWith : MatcherImpl<EndsWith, std::string> {
        -: 1136:            EndsWith( std::string const& substr, CaseSensitive::Choice caseSensitivity = CaseSensitive::Yes )
        -: 1137:            : m_data( substr, caseSensitivity ){}
    #####: 1138:            EndsWith( EndsWith const& other ) : m_data( other.m_data ){}
        -: 1139:
        -: 1140:            virtual ~EndsWith();
        -: 1141:
    #####: 1142:            virtual bool match( std::string const& expr ) const {
    #####: 1143:                return endsWith( m_data.adjustString( expr ), m_data.m_str );
        -: 1144:            }
    #####: 1145:            virtual std::string toString() const {
    #####: 1146:                return "ends with: \"" + m_data.m_str + "\"" + m_data.toStringSuffix();
        -: 1147:            }
        -: 1148:
        -: 1149:            CasedString m_data;
        -: 1150:        };
        -: 1151:    } // namespace StdString
        -: 1152:    } // namespace Impl
        -: 1153:
        -: 1154:    // The following functions create the actual matcher objects.
        -: 1155:    // This allows the types to be inferred
        -: 1156:    template<typename ExpressionT>
        -: 1157:    inline Impl::Generic::Not<ExpressionT> Not( Impl::Matcher<ExpressionT> const& m ) {
        -: 1158:        return Impl::Generic::Not<ExpressionT>( m );
        -: 1159:    }
        -: 1160:
        -: 1161:    template<typename ExpressionT>
        -: 1162:    inline Impl::Generic::AllOf<ExpressionT> AllOf( Impl::Matcher<ExpressionT> const& m1,
        -: 1163:                                                    Impl::Matcher<ExpressionT> const& m2 ) {
        -: 1164:        return Impl::Generic::AllOf<ExpressionT>().add( m1 ).add( m2 );
        -: 1165:    }
        -: 1166:    template<typename ExpressionT>
        -: 1167:    inline Impl::Generic::AllOf<ExpressionT> AllOf( Impl::Matcher<ExpressionT> const& m1,
        -: 1168:                                                    Impl::Matcher<ExpressionT> const& m2,
        -: 1169:                                                    Impl::Matcher<ExpressionT> const& m3 ) {
        -: 1170:        return Impl::Generic::AllOf<ExpressionT>().add( m1 ).add( m2 ).add( m3 );
        -: 1171:    }
        -: 1172:    template<typename ExpressionT>
        -: 1173:    inline Impl::Generic::AnyOf<ExpressionT> AnyOf( Impl::Matcher<ExpressionT> const& m1,
        -: 1174:                                                    Impl::Matcher<ExpressionT> const& m2 ) {
        -: 1175:        return Impl::Generic::AnyOf<ExpressionT>().add( m1 ).add( m2 );
        -: 1176:    }
        -: 1177:    template<typename ExpressionT>
        -: 1178:    inline Impl::Generic::AnyOf<ExpressionT> AnyOf( Impl::Matcher<ExpressionT> const& m1,
        -: 1179:                                                    Impl::Matcher<ExpressionT> const& m2,
        -: 1180:                                                    Impl::Matcher<ExpressionT> const& m3 ) {
        -: 1181:        return Impl::Generic::AnyOf<ExpressionT>().add( m1 ).add( m2 ).add( m3 );
        -: 1182:    }
        -: 1183:
    #####: 1184:    inline Impl::StdString::Equals      Equals( std::string const& str, CaseSensitive::Choice caseSensitivity = CaseSensitive::Yes ) {
    #####: 1185:        return Impl::StdString::Equals( str, caseSensitivity );
        -: 1186:    }
        -: 1187:    inline Impl::StdString::Equals      Equals( const char* str, CaseSensitive::Choice caseSensitivity = CaseSensitive::Yes ) {
        -: 1188:        return Impl::StdString::Equals( Impl::StdString::makeString( str ), caseSensitivity );
        -: 1189:    }
        -: 1190:    inline Impl::StdString::Contains    Contains( std::string const& substr, CaseSensitive::Choice caseSensitivity = CaseSensitive::Yes ) {
        -: 1191:        return Impl::StdString::Contains( substr, caseSensitivity );
        -: 1192:    }
        -: 1193:    inline Impl::StdString::Contains    Contains( const char* substr, CaseSensitive::Choice caseSensitivity = CaseSensitive::Yes ) {
        -: 1194:        return Impl::StdString::Contains( Impl::StdString::makeString( substr ), caseSensitivity );
        -: 1195:    }
        -: 1196:    inline Impl::StdString::StartsWith  StartsWith( std::string const& substr ) {
        -: 1197:        return Impl::StdString::StartsWith( substr );
        -: 1198:    }
        -: 1199:    inline Impl::StdString::StartsWith  StartsWith( const char* substr ) {
        -: 1200:        return Impl::StdString::StartsWith( Impl::StdString::makeString( substr ) );
        -: 1201:    }
        -: 1202:    inline Impl::StdString::EndsWith    EndsWith( std::string const& substr ) {
        -: 1203:        return Impl::StdString::EndsWith( substr );
        -: 1204:    }
        -: 1205:    inline Impl::StdString::EndsWith    EndsWith( const char* substr ) {
        -: 1206:        return Impl::StdString::EndsWith( Impl::StdString::makeString( substr ) );
        -: 1207:    }
        -: 1208:
        -: 1209:} // namespace Matchers
        -: 1210:
        -: 1211:using namespace Matchers;
        -: 1212:
        -: 1213:} // namespace Catch
        -: 1214:
        -: 1215:namespace Catch {
        -: 1216:
        -: 1217:    struct TestFailureException{};
        -: 1218:
        -: 1219:    template<typename T> class ExpressionLhs;
        -: 1220:
        -: 1221:    struct STATIC_ASSERT_Expression_Too_Complex_Please_Rewrite_As_Binary_Comparison;
        -: 1222:
    #####: 1223:    struct CopyableStream {
    #####: 1224:        CopyableStream() {}
        -: 1225:        CopyableStream( CopyableStream const& other ) {
        -: 1226:            oss << other.oss.str();
        -: 1227:        }
        -: 1228:        CopyableStream& operator=( CopyableStream const& other ) {
        -: 1229:            oss.str("");
        -: 1230:            oss << other.oss.str();
        -: 1231:            return *this;
        -: 1232:        }
        -: 1233:        std::ostringstream oss;
        -: 1234:    };
        -: 1235:
    #####: 1236:    class ResultBuilder {
        -: 1237:    public:
        -: 1238:        ResultBuilder(  char const* macroName,
        -: 1239:                        SourceLineInfo const& lineInfo,
        -: 1240:                        char const* capturedExpression,
        -: 1241:                        ResultDisposition::Flags resultDisposition,
        -: 1242:                        char const* secondArg = "" );
        -: 1243:
        -: 1244:        template<typename T>
        -: 1245:        ExpressionLhs<T const&> operator <= ( T const& operand );
        -: 1246:        ExpressionLhs<bool> operator <= ( bool value );
        -: 1247:
        -: 1248:        template<typename T>
    #####: 1249:        ResultBuilder& operator << ( T const& value ) {
    #####: 1250:            m_stream.oss << value;
    #####: 1251:            return *this;
        -: 1252:        }
        -: 1253:
        -: 1254:        template<typename RhsT> STATIC_ASSERT_Expression_Too_Complex_Please_Rewrite_As_Binary_Comparison& operator && ( RhsT const& );
        -: 1255:        template<typename RhsT> STATIC_ASSERT_Expression_Too_Complex_Please_Rewrite_As_Binary_Comparison& operator || ( RhsT const& );
        -: 1256:
        -: 1257:        ResultBuilder& setResultType( ResultWas::OfType result );
        -: 1258:        ResultBuilder& setResultType( bool result );
        -: 1259:        ResultBuilder& setLhs( std::string const& lhs );
        -: 1260:        ResultBuilder& setRhs( std::string const& rhs );
        -: 1261:        ResultBuilder& setOp( std::string const& op );
        -: 1262:
        -: 1263:        void endExpression();
        -: 1264:
        -: 1265:        std::string reconstructExpression() const;
        -: 1266:        AssertionResult build() const;
        -: 1267:
        -: 1268:        void useActiveException( ResultDisposition::Flags resultDisposition = ResultDisposition::Normal );
        -: 1269:        void captureResult( ResultWas::OfType resultType );
        -: 1270:        void captureExpression();
        -: 1271:        void captureExpectedException( std::string const& expectedMessage );
        -: 1272:        void captureExpectedException( Matchers::Impl::Matcher<std::string> const& matcher );
        -: 1273:        void handleResult( AssertionResult const& result );
        -: 1274:        void react();
        -: 1275:        bool shouldDebugBreak() const;
        -: 1276:        bool allowThrows() const;
        -: 1277:
        -: 1278:    private:
        -: 1279:        AssertionInfo m_assertionInfo;
        -: 1280:        AssertionResultData m_data;
    #####: 1281:        struct ExprComponents {
    #####: 1282:            ExprComponents() : testFalse( false ) {}
        -: 1283:            bool testFalse;
        -: 1284:            std::string lhs, rhs, op;
        -: 1285:        } m_exprComponents;
        -: 1286:        CopyableStream m_stream;
        -: 1287:
        -: 1288:        bool m_shouldDebugBreak;
        -: 1289:        bool m_shouldThrow;
        -: 1290:    };
        -: 1291:
        -: 1292:} // namespace Catch
        -: 1293:
        -: 1294:// Include after due to circular dependency:
        -: 1295:// #included from: catch_expression_lhs.hpp
        -: 1296:#define TWOBLUECUBES_CATCH_EXPRESSION_LHS_HPP_INCLUDED
        -: 1297:
        -: 1298:// #included from: catch_evaluate.hpp
        -: 1299:#define TWOBLUECUBES_CATCH_EVALUATE_HPP_INCLUDED
        -: 1300:
        -: 1301:#ifdef _MSC_VER
        -: 1302:#pragma warning(push)
        -: 1303:#pragma warning(disable:4389) // '==' : signed/unsigned mismatch
        -: 1304:#endif
        -: 1305:
        -: 1306:#include <cstddef>
        -: 1307:
        -: 1308:namespace Catch {
        -: 1309:namespace Internal {
        -: 1310:
        -: 1311:    enum Operator {
        -: 1312:        IsEqualTo,
        -: 1313:        IsNotEqualTo,
        -: 1314:        IsLessThan,
        -: 1315:        IsGreaterThan,
        -: 1316:        IsLessThanOrEqualTo,
        -: 1317:        IsGreaterThanOrEqualTo
        -: 1318:    };
        -: 1319:
        -: 1320:    template<Operator Op> struct OperatorTraits             { static const char* getName(){ return "*error*"; } };
        -: 1321:    template<> struct OperatorTraits<IsEqualTo>             { static const char* getName(){ return "=="; } };
        -: 1322:    template<> struct OperatorTraits<IsNotEqualTo>          { static const char* getName(){ return "!="; } };
        -: 1323:    template<> struct OperatorTraits<IsLessThan>            { static const char* getName(){ return "<"; } };
        -: 1324:    template<> struct OperatorTraits<IsGreaterThan>         { static const char* getName(){ return ">"; } };
        -: 1325:    template<> struct OperatorTraits<IsLessThanOrEqualTo>   { static const char* getName(){ return "<="; } };
        -: 1326:    template<> struct OperatorTraits<IsGreaterThanOrEqualTo>{ static const char* getName(){ return ">="; } };
        -: 1327:
        -: 1328:    template<typename T>
        -: 1329:    inline T& opCast(T const& t) { return const_cast<T&>(t); }
        -: 1330:
        -: 1331:// nullptr_t support based on pull request #154 from Konstantin Baumann
        -: 1332:#ifdef CATCH_CONFIG_CPP11_NULLPTR
        -: 1333:    inline std::nullptr_t opCast(std::nullptr_t) { return nullptr; }
        -: 1334:#endif // CATCH_CONFIG_CPP11_NULLPTR
        -: 1335:
        -: 1336:    // So the compare overloads can be operator agnostic we convey the operator as a template
        -: 1337:    // enum, which is used to specialise an Evaluator for doing the comparison.
        -: 1338:    template<typename T1, typename T2, Operator Op>
        -: 1339:    class Evaluator{};
        -: 1340:
        -: 1341:    template<typename T1, typename T2>
        -: 1342:    struct Evaluator<T1, T2, IsEqualTo> {
        -: 1343:        static bool evaluate( T1 const& lhs, T2 const& rhs) {
        -: 1344:            return bool( opCast( lhs ) ==  opCast( rhs ) );
        -: 1345:        }
        -: 1346:    };
        -: 1347:    template<typename T1, typename T2>
        -: 1348:    struct Evaluator<T1, T2, IsNotEqualTo> {
        -: 1349:        static bool evaluate( T1 const& lhs, T2 const& rhs ) {
        -: 1350:            return bool( opCast( lhs ) != opCast( rhs ) );
        -: 1351:        }
        -: 1352:    };
        -: 1353:    template<typename T1, typename T2>
        -: 1354:    struct Evaluator<T1, T2, IsLessThan> {
        -: 1355:        static bool evaluate( T1 const& lhs, T2 const& rhs ) {
        -: 1356:            return bool( opCast( lhs ) < opCast( rhs ) );
        -: 1357:        }
        -: 1358:    };
        -: 1359:    template<typename T1, typename T2>
        -: 1360:    struct Evaluator<T1, T2, IsGreaterThan> {
        -: 1361:        static bool evaluate( T1 const& lhs, T2 const& rhs ) {
        -: 1362:            return bool( opCast( lhs ) > opCast( rhs ) );
        -: 1363:        }
        -: 1364:    };
        -: 1365:    template<typename T1, typename T2>
        -: 1366:    struct Evaluator<T1, T2, IsGreaterThanOrEqualTo> {
        -: 1367:        static bool evaluate( T1 const& lhs, T2 const& rhs ) {
        -: 1368:            return bool( opCast( lhs ) >= opCast( rhs ) );
        -: 1369:        }
        -: 1370:    };
        -: 1371:    template<typename T1, typename T2>
        -: 1372:    struct Evaluator<T1, T2, IsLessThanOrEqualTo> {
        -: 1373:        static bool evaluate( T1 const& lhs, T2 const& rhs ) {
        -: 1374:            return bool( opCast( lhs ) <= opCast( rhs ) );
        -: 1375:        }
        -: 1376:    };
        -: 1377:
        -: 1378:    template<Operator Op, typename T1, typename T2>
        -: 1379:    bool applyEvaluator( T1 const& lhs, T2 const& rhs ) {
        -: 1380:        return Evaluator<T1, T2, Op>::evaluate( lhs, rhs );
        -: 1381:    }
        -: 1382:
        -: 1383:    // This level of indirection allows us to specialise for integer types
        -: 1384:    // to avoid signed/ unsigned warnings
        -: 1385:
        -: 1386:    // "base" overload
        -: 1387:    template<Operator Op, typename T1, typename T2>
        -: 1388:    bool compare( T1 const& lhs, T2 const& rhs ) {
        -: 1389:        return Evaluator<T1, T2, Op>::evaluate( lhs, rhs );
        -: 1390:    }
        -: 1391:
        -: 1392:    // unsigned X to int
        -: 1393:    template<Operator Op> bool compare( unsigned int lhs, int rhs ) {
        -: 1394:        return applyEvaluator<Op>( lhs, static_cast<unsigned int>( rhs ) );
        -: 1395:    }
        -: 1396:    template<Operator Op> bool compare( unsigned long lhs, int rhs ) {
        -: 1397:        return applyEvaluator<Op>( lhs, static_cast<unsigned int>( rhs ) );
        -: 1398:    }
        -: 1399:    template<Operator Op> bool compare( unsigned char lhs, int rhs ) {
        -: 1400:        return applyEvaluator<Op>( lhs, static_cast<unsigned int>( rhs ) );
        -: 1401:    }
        -: 1402:
        -: 1403:    // unsigned X to long
        -: 1404:    template<Operator Op> bool compare( unsigned int lhs, long rhs ) {
        -: 1405:        return applyEvaluator<Op>( lhs, static_cast<unsigned long>( rhs ) );
        -: 1406:    }
        -: 1407:    template<Operator Op> bool compare( unsigned long lhs, long rhs ) {
        -: 1408:        return applyEvaluator<Op>( lhs, static_cast<unsigned long>( rhs ) );
        -: 1409:    }
        -: 1410:    template<Operator Op> bool compare( unsigned char lhs, long rhs ) {
        -: 1411:        return applyEvaluator<Op>( lhs, static_cast<unsigned long>( rhs ) );
        -: 1412:    }
        -: 1413:
        -: 1414:    // int to unsigned X
        -: 1415:    template<Operator Op> bool compare( int lhs, unsigned int rhs ) {
        -: 1416:        return applyEvaluator<Op>( static_cast<unsigned int>( lhs ), rhs );
        -: 1417:    }
        -: 1418:    template<Operator Op> bool compare( int lhs, unsigned long rhs ) {
        -: 1419:        return applyEvaluator<Op>( static_cast<unsigned int>( lhs ), rhs );
        -: 1420:    }
        -: 1421:    template<Operator Op> bool compare( int lhs, unsigned char rhs ) {
        -: 1422:        return applyEvaluator<Op>( static_cast<unsigned int>( lhs ), rhs );
        -: 1423:    }
        -: 1424:
        -: 1425:    // long to unsigned X
        -: 1426:    template<Operator Op> bool compare( long lhs, unsigned int rhs ) {
        -: 1427:        return applyEvaluator<Op>( static_cast<unsigned long>( lhs ), rhs );
        -: 1428:    }
        -: 1429:    template<Operator Op> bool compare( long lhs, unsigned long rhs ) {
        -: 1430:        return applyEvaluator<Op>( static_cast<unsigned long>( lhs ), rhs );
        -: 1431:    }
        -: 1432:    template<Operator Op> bool compare( long lhs, unsigned char rhs ) {
        -: 1433:        return applyEvaluator<Op>( static_cast<unsigned long>( lhs ), rhs );
        -: 1434:    }
        -: 1435:
        -: 1436:    // pointer to long (when comparing against NULL)
        -: 1437:    template<Operator Op, typename T> bool compare( long lhs, T* rhs ) {
        -: 1438:        return Evaluator<T*, T*, Op>::evaluate( reinterpret_cast<T*>( lhs ), rhs );
        -: 1439:    }
        -: 1440:    template<Operator Op, typename T> bool compare( T* lhs, long rhs ) {
        -: 1441:        return Evaluator<T*, T*, Op>::evaluate( lhs, reinterpret_cast<T*>( rhs ) );
        -: 1442:    }
        -: 1443:
        -: 1444:    // pointer to int (when comparing against NULL)
        -: 1445:    template<Operator Op, typename T> bool compare( int lhs, T* rhs ) {
        -: 1446:        return Evaluator<T*, T*, Op>::evaluate( reinterpret_cast<T*>( lhs ), rhs );
        -: 1447:    }
        -: 1448:    template<Operator Op, typename T> bool compare( T* lhs, int rhs ) {
        -: 1449:        return Evaluator<T*, T*, Op>::evaluate( lhs, reinterpret_cast<T*>( rhs ) );
        -: 1450:    }
        -: 1451:
        -: 1452:#ifdef CATCH_CONFIG_CPP11_LONG_LONG
        -: 1453:    // long long to unsigned X
        -: 1454:    template<Operator Op> bool compare( long long lhs, unsigned int rhs ) {
        -: 1455:        return applyEvaluator<Op>( static_cast<unsigned long>( lhs ), rhs );
        -: 1456:    }
        -: 1457:    template<Operator Op> bool compare( long long lhs, unsigned long rhs ) {
        -: 1458:        return applyEvaluator<Op>( static_cast<unsigned long>( lhs ), rhs );
        -: 1459:    }
        -: 1460:    template<Operator Op> bool compare( long long lhs, unsigned long long rhs ) {
        -: 1461:        return applyEvaluator<Op>( static_cast<unsigned long>( lhs ), rhs );
        -: 1462:    }
        -: 1463:    template<Operator Op> bool compare( long long lhs, unsigned char rhs ) {
        -: 1464:        return applyEvaluator<Op>( static_cast<unsigned long>( lhs ), rhs );
        -: 1465:    }
        -: 1466:
        -: 1467:    // unsigned long long to X
        -: 1468:    template<Operator Op> bool compare( unsigned long long lhs, int rhs ) {
        -: 1469:        return applyEvaluator<Op>( static_cast<long>( lhs ), rhs );
        -: 1470:    }
        -: 1471:    template<Operator Op> bool compare( unsigned long long lhs, long rhs ) {
        -: 1472:        return applyEvaluator<Op>( static_cast<long>( lhs ), rhs );
        -: 1473:    }
        -: 1474:    template<Operator Op> bool compare( unsigned long long lhs, long long rhs ) {
        -: 1475:        return applyEvaluator<Op>( static_cast<long>( lhs ), rhs );
        -: 1476:    }
        -: 1477:    template<Operator Op> bool compare( unsigned long long lhs, char rhs ) {
        -: 1478:        return applyEvaluator<Op>( static_cast<long>( lhs ), rhs );
        -: 1479:    }
        -: 1480:
        -: 1481:    // pointer to long long (when comparing against NULL)
        -: 1482:    template<Operator Op, typename T> bool compare( long long lhs, T* rhs ) {
        -: 1483:        return Evaluator<T*, T*, Op>::evaluate( reinterpret_cast<T*>( lhs ), rhs );
        -: 1484:    }
        -: 1485:    template<Operator Op, typename T> bool compare( T* lhs, long long rhs ) {
        -: 1486:        return Evaluator<T*, T*, Op>::evaluate( lhs, reinterpret_cast<T*>( rhs ) );
        -: 1487:    }
        -: 1488:#endif // CATCH_CONFIG_CPP11_LONG_LONG
        -: 1489:
        -: 1490:#ifdef CATCH_CONFIG_CPP11_NULLPTR
        -: 1491:    // pointer to nullptr_t (when comparing against nullptr)
        -: 1492:    template<Operator Op, typename T> bool compare( std::nullptr_t, T* rhs ) {
        -: 1493:        return Evaluator<T*, T*, Op>::evaluate( nullptr, rhs );
        -: 1494:    }
        -: 1495:    template<Operator Op, typename T> bool compare( T* lhs, std::nullptr_t ) {
        -: 1496:        return Evaluator<T*, T*, Op>::evaluate( lhs, nullptr );
        -: 1497:    }
        -: 1498:#endif // CATCH_CONFIG_CPP11_NULLPTR
        -: 1499:
        -: 1500:} // end of namespace Internal
        -: 1501:} // end of namespace Catch
        -: 1502:
        -: 1503:#ifdef _MSC_VER
        -: 1504:#pragma warning(pop)
        -: 1505:#endif
        -: 1506:
        -: 1507:// #included from: catch_tostring.h
        -: 1508:#define TWOBLUECUBES_CATCH_TOSTRING_H_INCLUDED
        -: 1509:
        -: 1510:#include <sstream>
        -: 1511:#include <iomanip>
        -: 1512:#include <limits>
        -: 1513:#include <vector>
        -: 1514:#include <cstddef>
        -: 1515:
        -: 1516:#ifdef __OBJC__
        -: 1517:// #included from: catch_objc_arc.hpp
        -: 1518:#define TWOBLUECUBES_CATCH_OBJC_ARC_HPP_INCLUDED
        -: 1519:
        -: 1520:#import <Foundation/Foundation.h>
        -: 1521:
        -: 1522:#ifdef __has_feature
        -: 1523:#define CATCH_ARC_ENABLED __has_feature(objc_arc)
        -: 1524:#else
        -: 1525:#define CATCH_ARC_ENABLED 0
        -: 1526:#endif
        -: 1527:
        -: 1528:void arcSafeRelease( NSObject* obj );
        -: 1529:id performOptionalSelector( id obj, SEL sel );
        -: 1530:
        -: 1531:#if !CATCH_ARC_ENABLED
        -: 1532:inline void arcSafeRelease( NSObject* obj ) {
        -: 1533:    [obj release];
        -: 1534:}
        -: 1535:inline id performOptionalSelector( id obj, SEL sel ) {
        -: 1536:    if( [obj respondsToSelector: sel] )
        -: 1537:        return [obj performSelector: sel];
        -: 1538:    return nil;
        -: 1539:}
        -: 1540:#define CATCH_UNSAFE_UNRETAINED
        -: 1541:#define CATCH_ARC_STRONG
        -: 1542:#else
        -: 1543:inline void arcSafeRelease( NSObject* ){}
        -: 1544:inline id performOptionalSelector( id obj, SEL sel ) {
        -: 1545:#ifdef __clang__
        -: 1546:#pragma clang diagnostic push
        -: 1547:#pragma clang diagnostic ignored "-Warc-performSelector-leaks"
        -: 1548:#endif
        -: 1549:    if( [obj respondsToSelector: sel] )
        -: 1550:        return [obj performSelector: sel];
        -: 1551:#ifdef __clang__
        -: 1552:#pragma clang diagnostic pop
        -: 1553:#endif
[...]
    #####:10297:                Colour colour( Colour::ResultError );
    #####:10298:                stream <<
    #####:10299:                    "Failed " << pluralise( totals.testCases.failed, "test case"  ) << ", "
    #####:10300:                    "failed " << pluralise( totals.assertions.failed, "assertion" ) << ".";
        -:10301:            }
        -:10302:            else {
    #####:10303:                Colour colour( Colour::ResultSuccess );
    #####:10304:                stream <<
    #####:10305:                    "Passed " << bothOrAll( totals.testCases.passed )
    #####:10306:                              << pluralise( totals.testCases.passed, "test case"  ) <<
    #####:10307:                    " with "  << pluralise( totals.assertions.passed, "assertion" ) << ".";
        -:10308:            }
    #####:10309:        }
        -:10310:    };
        -:10311:
        1:10312:    INTERNAL_CATCH_REGISTER_REPORTER( "compact", CompactReporter )
        -:10313:
        -:10314:} // end namespace Catch
        -:10315:
        -:10316:namespace Catch {
        -:10317:    // These are all here to avoid warnings about not having any out of line
        -:10318:    // virtual methods
        9:10319:    NonCopyable::~NonCopyable() {}
        8:10320:    IShared::~IShared() {}
        1:10321:    IStream::~IStream() CATCH_NOEXCEPT {}
    #####:10322:    FileStream::~FileStream() CATCH_NOEXCEPT {}
        2:10323:    CoutStream::~CoutStream() CATCH_NOEXCEPT {}
    #####:10324:    DebugOutStream::~DebugOutStream() CATCH_NOEXCEPT {}
    #####:10325:    StreamBufBase::~StreamBufBase() CATCH_NOEXCEPT {}
        1:10326:    IContext::~IContext() {}
        1:10327:    IResultCapture::~IResultCapture() {}
    #####:10328:    ITestCase::~ITestCase() {}
        1:10329:    ITestCaseRegistry::~ITestCaseRegistry() {}
        1:10330:    IRegistryHub::~IRegistryHub() {}
        1:10331:    IMutableRegistryHub::~IMutableRegistryHub() {}
    #####:10332:    IExceptionTranslator::~IExceptionTranslator() {}
        1:10333:    IExceptionTranslatorRegistry::~IExceptionTranslatorRegistry() {}
    #####:10334:    IReporter::~IReporter() {}
        4:10335:    IReporterFactory::~IReporterFactory() {}
        1:10336:    IReporterRegistry::~IReporterRegistry() {}
        1:10337:    IStreamingReporter::~IStreamingReporter() {}
    #####:10338:    AssertionStats::~AssertionStats() {}
    #####:10339:    SectionStats::~SectionStats() {}
    #####:10340:    TestCaseStats::~TestCaseStats() {}
        1:10341:    TestGroupStats::~TestGroupStats() {}
        1:10342:    TestRunStats::~TestRunStats() {}
    #####:10343:    CumulativeReporterBase::SectionNode::~SectionNode() {}
    #####:10344:    CumulativeReporterBase::~CumulativeReporterBase() {}
        -:10345:
        1:10346:    StreamingReporterBase::~StreamingReporterBase() {}
        2:10347:    ConsoleReporter::~ConsoleReporter() {}
    #####:10348:    CompactReporter::~CompactReporter() {}
        1:10349:    IRunner::~IRunner() {}
        1:10350:    IMutableContext::~IMutableContext() {}
        1:10351:    IConfig::~IConfig() {}
    #####:10352:    XmlReporter::~XmlReporter() {}
    #####:10353:    JunitReporter::~JunitReporter() {}
        1:10354:    TestRegistry::~TestRegistry() {}
    #####:10355:    FreeFunctionTestCase::~FreeFunctionTestCase() {}
    #####:10356:    IGeneratorInfo::~IGeneratorInfo() {}
    #####:10357:    IGeneratorsForTest::~IGeneratorsForTest() {}
    #####:10358:    WildcardPattern::~WildcardPattern() {}
        2:10359:    TestSpec::Pattern::~Pattern() {}
    #####:10360:    TestSpec::NamePattern::~NamePattern() {}
        2:10361:    TestSpec::TagPattern::~TagPattern() {}
        2:10362:    TestSpec::ExcludedPattern::~ExcludedPattern() {}
        -:10363:
    #####:10364:    Matchers::Impl::StdString::Equals::~Equals() {}
    #####:10365:    Matchers::Impl::StdString::Contains::~Contains() {}
    #####:10366:    Matchers::Impl::StdString::StartsWith::~StartsWith() {}
    #####:10367:    Matchers::Impl::StdString::EndsWith::~EndsWith() {}
        -:10368:
    #####:10369:    void Config::dummy() {}
        -:10370:
        -:10371:    namespace TestCaseTracking {
    #####:10372:        ITracker::~ITracker() {}
    #####:10373:        TrackerBase::~TrackerBase() {}
    #####:10374:        SectionTracker::~SectionTracker() {}
    #####:10375:        IndexTracker::~IndexTracker() {}
        -:10376:    }
        -:10377:}
        -:10378:
        -:10379:#ifdef __clang__
        -:10380:#pragma clang diagnostic pop
        -:10381:#endif
        -:10382:
        -:10383:#endif
        -:10384:
        -:10385:#ifdef CATCH_CONFIG_MAIN
        -:10386:// #included from: internal/catch_default_main.hpp
        -:10387:#define TWOBLUECUBES_CATCH_DEFAULT_MAIN_HPP_INCLUDED
        -:10388:
        -:10389:#ifndef __OBJC__
        -:10390:
        -:10391:// Standard C/C++ main entry point
        1:10392:int main (int argc, char * argv[]) {
        1:10393:    return Catch::Session().run( argc, argv );
        -:10394:}
        -:10395:
        -:10396:#else // __OBJC__
        -:10397:
        -:10398:// Objective-C entry point
        -:10399:int main (int argc, char * const argv[]) {
        -:10400:#if !CATCH_ARC_ENABLED
        -:10401:    NSAutoreleasePool * pool = [[NSAutoreleasePool alloc] init];
        -:10402:#endif
        -:10403:
        -:10404:    Catch::registerTestMethods();
        -:10405:    int result = Catch::Session().run( argc, (char* const*)argv );
        -:10406:
        -:10407:#if !CATCH_ARC_ENABLED
        -:10408:    [pool drain];
        -:10409:#endif
        -:10410:
        -:10411:    return result;
        -:10412:}
        -:10413:
        -:10414:#endif // __OBJC__
        -:10415:
        -:10416:#endif
        -:10417:
        -:10418:#ifdef CLARA_CONFIG_MAIN_NOT_DEFINED
        -:10419:#  undef CLARA_CONFIG_MAIN
        -:10420:#endif
        -:10421:
        -:10422://////
        -:10423:
        -:10424:// If this config identifier is defined then all CATCH macros are prefixed with CATCH_
        -:10425:#ifdef CATCH_CONFIG_PREFIX_ALL
        -:10426:
        -:10427:#define CATCH_REQUIRE( expr ) INTERNAL_CATCH_TEST( expr, Catch::ResultDisposition::Normal, "CATCH_REQUIRE" )
        -:10428:#define CATCH_REQUIRE_FALSE( expr ) INTERNAL_CATCH_TEST( expr, Catch::ResultDisposition::Normal | Catch::ResultDisposition::FalseTest, "CATCH_REQUIRE_FALSE" )
        -:10429:
        -:10430:#define CATCH_REQUIRE_THROWS( expr ) INTERNAL_CATCH_THROWS( expr, Catch::ResultDisposition::Normal, "", "CATCH_REQUIRE_THROWS" )
        -:10431:#define CATCH_REQUIRE_THROWS_AS( expr, exceptionType ) INTERNAL_CATCH_THROWS_AS( expr, exceptionType, Catch::ResultDisposition::Normal, "CATCH_REQUIRE_THROWS_AS" )
        -:10432:#define CATCH_REQUIRE_THROWS_WITH( expr, matcher ) INTERNAL_CATCH_THROWS( expr, Catch::ResultDisposition::Normal, matcher, "CATCH_REQUIRE_THROWS_WITH" )
        -:10433:#define CATCH_REQUIRE_NOTHROW( expr ) INTERNAL_CATCH_NO_THROW( expr, Catch::ResultDisposition::Normal, "CATCH_REQUIRE_NOTHROW" )
        -:10434:
        -:10435:#define CATCH_CHECK( expr ) INTERNAL_CATCH_TEST( expr, Catch::ResultDisposition::ContinueOnFailure, "CATCH_CHECK" )
        -:10436:#define CATCH_CHECK_FALSE( expr ) INTERNAL_CATCH_TEST( expr, Catch::ResultDisposition::ContinueOnFailure | Catch::ResultDisposition::FalseTest, "CATCH_CHECK_FALSE" )
        -:10437:#define CATCH_CHECKED_IF( expr ) INTERNAL_CATCH_IF( expr, Catch::ResultDisposition::ContinueOnFailure, "CATCH_CHECKED_IF" )
        -:10438:#define CATCH_CHECKED_ELSE( expr ) INTERNAL_CATCH_ELSE( expr, Catch::ResultDisposition::ContinueOnFailure, "CATCH_CHECKED_ELSE" )
        -:10439:#define CATCH_CHECK_NOFAIL( expr ) INTERNAL_CATCH_TEST( expr, Catch::ResultDisposition::ContinueOnFailure | Catch::ResultDisposition::SuppressFail, "CATCH_CHECK_NOFAIL" )
        -:10440:
        -:10441:#define CATCH_CHECK_THROWS( expr )  INTERNAL_CATCH_THROWS( expr, Catch::ResultDisposition::ContinueOnFailure, "", "CATCH_CHECK_THROWS" )
        -:10442:#define CATCH_CHECK_THROWS_AS( expr, exceptionType ) INTERNAL_CATCH_THROWS_AS( expr, exceptionType, Catch::ResultDisposition::ContinueOnFailure, "CATCH_CHECK_THROWS_AS" )
        -:10443:#define CATCH_CHECK_THROWS_WITH( expr, matcher ) INTERNAL_CATCH_THROWS( expr, Catch::ResultDisposition::ContinueOnFailure, matcher, "CATCH_CHECK_THROWS_WITH" )
        -:10444:#define CATCH_CHECK_NOTHROW( expr ) INTERNAL_CATCH_NO_THROW( expr, Catch::ResultDisposition::ContinueOnFailure, "CATCH_CHECK_NOTHROW" )
        -:10445:
        -:10446:#define CHECK_THAT( arg, matcher ) INTERNAL_CHECK_THAT( arg, matcher, Catch::ResultDisposition::ContinueOnFailure, "CATCH_CHECK_THAT" )
        -:10447:#define CATCH_REQUIRE_THAT( arg, matcher ) INTERNAL_CHECK_THAT( arg, matcher, Catch::ResultDisposition::Normal, "CATCH_REQUIRE_THAT" )
        -:10448:
        -:10449:#define CATCH_INFO( msg ) INTERNAL_CATCH_INFO( msg, "CATCH_INFO" )
        -:10450:#define CATCH_WARN( msg ) INTERNAL_CATCH_MSG( Catch::ResultWas::Warning, Catch::ResultDisposition::ContinueOnFailure, "CATCH_WARN", msg )
        -:10451:#define CATCH_SCOPED_INFO( msg ) INTERNAL_CATCH_INFO( msg, "CATCH_INFO" )
        -:10452:#define CATCH_CAPTURE( msg ) INTERNAL_CATCH_INFO( #msg " := " << msg, "CATCH_CAPTURE" )
        -:10453:#define CATCH_SCOPED_CAPTURE( msg ) INTERNAL_CATCH_INFO( #msg " := " << msg, "CATCH_CAPTURE" )
        -:10454:
        -:10455:#ifdef CATCH_CONFIG_VARIADIC_MACROS
        -:10456:    #define CATCH_TEST_CASE( ... ) INTERNAL_CATCH_TESTCASE( __VA_ARGS__ )
        -:10457:    #define CATCH_TEST_CASE_METHOD( className, ... ) INTERNAL_CATCH_TEST_CASE_METHOD( className, __VA_ARGS__ )
        -:10458:    #define CATCH_METHOD_AS_TEST_CASE( method, ... ) INTERNAL_CATCH_METHOD_AS_TEST_CASE( method, __VA_ARGS__ )
        -:10459:    #define CATCH_REGISTER_TEST_CASE( Function, ... ) INTERNAL_CATCH_REGISTER_TESTCASE( Function, __VA_ARGS__ )
        -:10460:    #define CATCH_SECTION( ... ) INTERNAL_CATCH_SECTION( __VA_ARGS__ )
        -:10461:    #define CATCH_FAIL( ... ) INTERNAL_CATCH_MSG( Catch::ResultWas::ExplicitFailure, Catch::ResultDisposition::Normal, "CATCH_FAIL", __VA_ARGS__ )
        -:10462:    #define CATCH_SUCCEED( ... ) INTERNAL_CATCH_MSG( Catch::ResultWas::Ok, Catch::ResultDisposition::ContinueOnFailure, "CATCH_SUCCEED", __VA_ARGS__ )
        -:10463:#else
        -:10464:    #define CATCH_TEST_CASE( name, description ) INTERNAL_CATCH_TESTCASE( name, description )
        -:10465:    #define CATCH_TEST_CASE_METHOD( className, name, description ) INTERNAL_CATCH_TEST_CASE_METHOD( className, name, description )
        -:10466:    #define CATCH_METHOD_AS_TEST_CASE( method, name, description ) INTERNAL_CATCH_METHOD_AS_TEST_CASE( method, name, description )
        -:10467:    #define CATCH_REGISTER_TEST_CASE( function, name, description ) INTERNAL_CATCH_REGISTER_TESTCASE( function, name, description )
        -:10468:    #define CATCH_SECTION( name, description ) INTERNAL_CATCH_SECTION( name, description )
        -:10469:    #define CATCH_FAIL( msg ) INTERNAL_CATCH_MSG( Catch::ResultWas::ExplicitFailure, Catch::ResultDisposition::Normal, "CATCH_FAIL", msg )
        -:10470:    #define CATCH_SUCCEED( msg ) INTERNAL_CATCH_MSG( Catch::ResultWas::Ok, Catch::ResultDisposition::ContinueOnFailure, "CATCH_SUCCEED", msg )
        -:10471:#endif
        -:10472:#define CATCH_ANON_TEST_CASE() INTERNAL_CATCH_TESTCASE( "", "" )
        -:10473:
        -:10474:#define CATCH_REGISTER_REPORTER( name, reporterType ) INTERNAL_CATCH_REGISTER_REPORTER( name, reporterType )
        -:10475:#define CATCH_REGISTER_LEGACY_REPORTER( name, reporterType ) INTERNAL_CATCH_REGISTER_LEGACY_REPORTER( name, reporterType )
        -:10476:
        -:10477:#define CATCH_GENERATE( expr) INTERNAL_CATCH_GENERATE( expr )
        -:10478:
        -:10479:// "BDD-style" convenience wrappers
        -:10480:#ifdef CATCH_CONFIG_VARIADIC_MACROS
        -:10481:#define CATCH_SCENARIO( ... ) CATCH_TEST_CASE( "Scenario: " __VA_ARGS__ )
        -:10482:#define CATCH_SCENARIO_METHOD( className, ... ) INTERNAL_CATCH_TEST_CASE_METHOD( className, "Scenario: " __VA_ARGS__ )
        -:10483:#else
        -:10484:#define CATCH_SCENARIO( name, tags ) CATCH_TEST_CASE( "Scenario: " name, tags )
        -:10485:#define CATCH_SCENARIO_METHOD( className, name, tags ) INTERNAL_CATCH_TEST_CASE_METHOD( className, "Scenario: " name, tags )
        -:10486:#endif
        -:10487:#define CATCH_GIVEN( desc )    CATCH_SECTION( std::string( "Given: ") + desc, "" )
        -:10488:#define CATCH_WHEN( desc )     CATCH_SECTION( std::string( " When: ") + desc, "" )
        -:10489:#define CATCH_AND_WHEN( desc ) CATCH_SECTION( std::string( "  And: ") + desc, "" )
        -:10490:#define CATCH_THEN( desc )     CATCH_SECTION( std::string( " Then: ") + desc, "" )
        -:10491:#define CATCH_AND_THEN( desc ) CATCH_SECTION( std::string( "  And: ") + desc, "" )
        -:10492:
        -:10493:// If CATCH_CONFIG_PREFIX_ALL is not defined then the CATCH_ prefix is not required
        -:10494:#else
        -:10495:
        -:10496:#define REQUIRE( expr ) INTERNAL_CATCH_TEST( expr, Catch::ResultDisposition::Normal, "REQUIRE" )
        -:10497:#define REQUIRE_FALSE( expr ) INTERNAL_CATCH_TEST( expr, Catch::ResultDisposition::Normal | Catch::ResultDisposition::FalseTest, "REQUIRE_FALSE" )
        -:10498:
        -:10499:#define REQUIRE_THROWS( expr ) INTERNAL_CATCH_THROWS( expr, Catch::ResultDisposition::Normal, "", "REQUIRE_THROWS" )
        -:10500:#define REQUIRE_THROWS_AS( expr, exceptionType ) INTERNAL_CATCH_THROWS_AS( expr, exceptionType, Catch::ResultDisposition::Normal, "REQUIRE_THROWS_AS" )
        -:10501:#define REQUIRE_THROWS_WITH( expr, matcher ) INTERNAL_CATCH_THROWS( expr, Catch::ResultDisposition::Normal, matcher, "REQUIRE_THROWS_WITH" )
        -:10502:#define REQUIRE_NOTHROW( expr ) INTERNAL_CATCH_NO_THROW( expr, Catch::ResultDisposition::Normal, "REQUIRE_NOTHROW" )
        -:10503:
        -:10504:#define CHECK( expr ) INTERNAL_CATCH_TEST( expr, Catch::ResultDisposition::ContinueOnFailure, "CHECK" )
        -:10505:#define CHECK_FALSE( expr ) INTERNAL_CATCH_TEST( expr, Catch::ResultDisposition::ContinueOnFailure | Catch::ResultDisposition::FalseTest, "CHECK_FALSE" )
        -:10506:#define CHECKED_IF( expr ) INTERNAL_CATCH_IF( expr, Catch::ResultDisposition::ContinueOnFailure, "CHECKED_IF" )
        -:10507:#define CHECKED_ELSE( expr ) INTERNAL_CATCH_ELSE( expr, Catch::ResultDisposition::ContinueOnFailure, "CHECKED_ELSE" )
        -:10508:#define CHECK_NOFAIL( expr ) INTERNAL_CATCH_TEST( expr, Catch::ResultDisposition::ContinueOnFailure | Catch::ResultDisposition::SuppressFail, "CHECK_NOFAIL" )
        -:10509:
        -:10510:#define CHECK_THROWS( expr )  INTERNAL_CATCH_THROWS( expr, Catch::ResultDisposition::ContinueOnFailure, "", "CHECK_THROWS" )
        -:10511:#define CHECK_THROWS_AS( expr, exceptionType ) INTERNAL_CATCH_THROWS_AS( expr, exceptionType, Catch::ResultDisposition::ContinueOnFailure, "CHECK_THROWS_AS" )
        -:10512:#define CHECK_THROWS_WITH( expr, matcher ) INTERNAL_CATCH_THROWS( expr, Catch::ResultDisposition::ContinueOnFailure, matcher, "CHECK_THROWS_WITH" )
        -:10513:#define CHECK_NOTHROW( expr ) INTERNAL_CATCH_NO_THROW( expr, Catch::ResultDisposition::ContinueOnFailure, "CHECK_NOTHROW" )
        -:10514:
        -:10515:#define CHECK_THAT( arg, matcher ) INTERNAL_CHECK_THAT( arg, matcher, Catch::ResultDisposition::ContinueOnFailure, "CHECK_THAT" )
        -:10516:#define REQUIRE_THAT( arg, matcher ) INTERNAL_CHECK_THAT( arg, matcher, Catch::ResultDisposition::Normal, "REQUIRE_THAT" )
        -:10517:
        -:10518:#define INFO( msg ) INTERNAL_CATCH_INFO( msg, "INFO" )
        -:10519:#define WARN( msg ) INTERNAL_CATCH_MSG( Catch::ResultWas::Warning, Catch::ResultDisposition::ContinueOnFailure, "WARN", msg )
        -:10520:#define SCOPED_INFO( msg ) INTERNAL_CATCH_INFO( msg, "INFO" )
        -:10521:#define CAPTURE( msg ) INTERNAL_CATCH_INFO( #msg " := " << msg, "CAPTURE" )
        -:10522:#define SCOPED_CAPTURE( msg ) INTERNAL_CATCH_INFO( #msg " := " << msg, "CAPTURE" )
        -:10523:
        -:10524:#ifdef CATCH_CONFIG_VARIADIC_MACROS
        -:10525:    #define TEST_CASE( ... ) INTERNAL_CATCH_TESTCASE( __VA_ARGS__ )
        -:10526:    #define TEST_CASE_METHOD( className, ... ) INTERNAL_CATCH_TEST_CASE_METHOD( className, __VA_ARGS__ )
        -:10527:    #define METHOD_AS_TEST_CASE( method, ... ) INTERNAL_CATCH_METHOD_AS_TEST_CASE( method, __VA_ARGS__ )
        -:10528:    #define REGISTER_TEST_CASE( Function, ... ) INTERNAL_CATCH_REGISTER_TESTCASE( Function, __VA_ARGS__ )
        -:10529:    #define SECTION( ... ) INTERNAL_CATCH_SECTION( __VA_ARGS__ )
        -:10530:    #define FAIL( ... ) INTERNAL_CATCH_MSG( Catch::ResultWas::ExplicitFailure, Catch::ResultDisposition::Normal, "FAIL", __VA_ARGS__ )
        -:10531:    #define SUCCEED( ... ) INTERNAL_CATCH_MSG( Catch::ResultWas::Ok, Catch::ResultDisposition::ContinueOnFailure, "SUCCEED", __VA_ARGS__ )
        -:10532:#else
        -:10533:    #define TEST_CASE( name, description ) INTERNAL_CATCH_TESTCASE( name, description )
        -:10534:    #define TEST_CASE_METHOD( className, name, description ) INTERNAL_CATCH_TEST_CASE_METHOD( className, name, description )
        -:10535:    #define METHOD_AS_TEST_CASE( method, name, description ) INTERNAL_CATCH_METHOD_AS_TEST_CASE( method, name, description )
        -:10536:    #define REGISTER_TEST_CASE( method, name, description ) INTERNAL_CATCH_REGISTER_TESTCASE( method, name, description )
        -:10537:    #define SECTION( name, description ) INTERNAL_CATCH_SECTION( name, description )
        -:10538:    #define FAIL( msg ) INTERNAL_CATCH_MSG( Catch::ResultWas::ExplicitFailure, Catch::ResultDisposition::Normal, "FAIL", msg )
        -:10539:    #define SUCCEED( msg ) INTERNAL_CATCH_MSG( Catch::ResultWas::Ok, Catch::ResultDisposition::ContinueOnFailure, "SUCCEED", msg )
        -:10540:#endif
        -:10541:#define ANON_TEST_CASE() INTERNAL_CATCH_TESTCASE( "", "" )
        -:10542:
        -:10543:#define REGISTER_REPORTER( name, reporterType ) INTERNAL_CATCH_REGISTER_REPORTER( name, reporterType )
        -:10544:#define REGISTER_LEGACY_REPORTER( name, reporterType ) INTERNAL_CATCH_REGISTER_LEGACY_REPORTER( name, reporterType )
        -:10545:
        -:10546:#define GENERATE( expr) INTERNAL_CATCH_GENERATE( expr )
        -:10547:
        -:10548:#endif
        -:10549:
        -:10550:#define CATCH_TRANSLATE_EXCEPTION( signature ) INTERNAL_CATCH_TRANSLATE_EXCEPTION( signature )
        -:10551:
        -:10552:// "BDD-style" convenience wrappers
        -:10553:#ifdef CATCH_CONFIG_VARIADIC_MACROS
        -:10554:#define SCENARIO( ... ) TEST_CASE( "Scenario: " __VA_ARGS__ )
        -:10555:#define SCENARIO_METHOD( className, ... ) INTERNAL_CATCH_TEST_CASE_METHOD( className, "Scenario: " __VA_ARGS__ )
        -:10556:#else
        -:10557:#define SCENARIO( name, tags ) TEST_CASE( "Scenario: " name, tags )
        -:10558:#define SCENARIO_METHOD( className, name, tags ) INTERNAL_CATCH_TEST_CASE_METHOD( className, "Scenario: " name, tags )
        -:10559:#endif
        -:10560:#define GIVEN( desc )    SECTION( std::string("   Given: ") + desc, "" )
        -:10561:#define WHEN( desc )     SECTION( std::string("    When: ") + desc, "" )
        -:10562:#define AND_WHEN( desc ) SECTION( std::string("And when: ") + desc, "" )
        -:10563:#define THEN( desc )     SECTION( std::string("    Then: ") + desc, "" )
        -:10564:#define AND_THEN( desc ) SECTION( std::string("     And: ") + desc, "" )
        -:10565:
        -:10566:using Catch::Detail::Approx;
        -:10567:
        -:10568:#endif // TWOBLUECUBES_SINGLE_INCLUDE_CATCH_HPP_INCLUDED
        -:10569:
