        -:    0:Source:IntElement.cpp
        -:    0:Programs:2
        -:    1:#include <iostream>
        -:    2:#include "IntElement.h"
        -:    3:
    #####:    4:IntElement::IntElement()
        -:    5:{
    #####:    6:    val = 0;
    #####:    7:}
    #####:    8:IntElement::IntElement(int v)
        -:    9:{
    #####:   10:    val =v;
    #####:   11:}
        -:   12:
        -:   13:
    #####:   14:int IntElement::getVal() const
        -:   15:{
    #####:   16:    return val;
        -:   17:}
        -:   18:
    #####:   19:void IntElement::setVal(int v)
        -:   20:{
    #####:   21:    val = v;
    #####:   22:}
        -:   23:/**
        -:   24:operaatiot +=, -= ja *=
        -:   25:palauttaa viittauksen.
        -:   26:*/
    #####:   27:IntElement& IntElement::operator+=(const IntElement &i){
    #####:   28:    val = val+i.val;
    #####:   29:    return *this;
        -:   30:}
    #####:   31:IntElement& IntElement::operator-=(const IntElement &i){
    #####:   32:    val = val-i.val;
    #####:   33:    return *this;
        -:   34:}
        -:   35:
    #####:   36:IntElement& IntElement::operator*=(const IntElement &i){
    #####:   37:    val = val*i.val;
    #####:   38:    return *this;
        -:   39:}
        -:   40:
        -:   41:/**
        -:   42:operaatiot +, - ja *
        -:   43:palauttaa uuden olion.
        -:   44:*/
    #####:   45:IntElement operator+(const IntElement &i1, const IntElement &i2){
    #####:   46:    IntElement temp;
    #####:   47:    temp.setVal(i1.getVal()+i2.getVal());
    #####:   48:    return temp;
        -:   49:}
    #####:   50:IntElement operator-(const IntElement &i1, const IntElement &i2){
        -:   51:
    #####:   52:    IntElement temp;
    #####:   53:    temp.setVal(i1.getVal()-i2.getVal());
    #####:   54:    return temp;
        -:   55:}
    #####:   56:IntElement operator*(const IntElement &i1, const IntElement &i2){
    #####:   57:    IntElement temp;
    #####:   58:    temp.setVal(i1.getVal()*i2.getVal());
    #####:   59:    return temp;
        -:   60:}
        -:   61:
        -:   62:
        -:   63:
    #####:   64:std::ostream& operator<<(std::ostream& os, const IntElement &i){
    #####:   65:os << i.getVal();
    #####:   66:return os;
        3:   67:}
