        -:    0:Source:/usr/include/c++/5.3.1/bits/random.h
        -:    0:Programs:2
        -:    1:// random number generation -*- C++ -*-
        -:    2:
        -:    3:// Copyright (C) 2009-2015 Free Software Foundation, Inc.
        -:    4://
        -:    5:// This file is part of the GNU ISO C++ Library.  This library is free
        -:    6:// software; you can redistribute it and/or modify it under the
        -:    7:// terms of the GNU General Public License as published by the
        -:    8:// Free Software Foundation; either version 3, or (at your option)
        -:    9:// any later version.
        -:   10:
        -:   11:// This library is distributed in the hope that it will be useful,
        -:   12:// but WITHOUT ANY WARRANTY; without even the implied warranty of
        -:   13:// MERCHANTABILITY or FITNESS FOR A PARTICULAR PURPOSE.  See the
        -:   14:// GNU General Public License for more details.
        -:   15:
        -:   16:// Under Section 7 of GPL version 3, you are granted additional
        -:   17:// permissions described in the GCC Runtime Library Exception, version
        -:   18:// 3.1, as published by the Free Software Foundation.
        -:   19:
        -:   20:// You should have received a copy of the GNU General Public License and
        -:   21:// a copy of the GCC Runtime Library Exception along with this program;
        -:   22:// see the files COPYING3 and COPYING.RUNTIME respectively.  If not, see
        -:   23:// <http://www.gnu.org/licenses/>.
        -:   24:
        -:   25:/**
        -:   26: * @file bits/random.h
        -:   27: *  This is an internal header file, included by other library headers.
        -:   28: *  Do not attempt to use it directly. @headername{random}
        -:   29: */
        -:   30:
        -:   31:#ifndef _RANDOM_H
        -:   32:#define _RANDOM_H 1
        -:   33:
        -:   34:#include <vector>
        -:   35:
        -:   36:namespace std _GLIBCXX_VISIBILITY(default)
        -:   37:{
        -:   38:_GLIBCXX_BEGIN_NAMESPACE_VERSION
        -:   39:
        -:   40:  // [26.4] Random number generation
        -:   41:
        -:   42:  /**
        -:   43:   * @defgroup random Random Number Generation
        -:   44:   * @ingroup numerics
        -:   45:   *
        -:   46:   * A facility for generating random numbers on selected distributions.
        -:   47:   * @{
        -:   48:   */
        -:   49:
        -:   50:  /**
        -:   51:   * @brief A function template for converting the output of a (integral)
        -:   52:   * uniform random number generator to a floatng point result in the range
        -:   53:   * [0-1).
        -:   54:   */
        -:   55:  template<typename _RealType, size_t __bits,
        -:   56:	   typename _UniformRandomNumberGenerator>
        -:   57:    _RealType
        -:   58:    generate_canonical(_UniformRandomNumberGenerator& __g);
        -:   59:
        -:   60:_GLIBCXX_END_NAMESPACE_VERSION
        -:   61:
        -:   62:  /*
        -:   63:   * Implementation-space details.
        -:   64:   */
        -:   65:  namespace __detail
        -:   66:  {
        -:   67:  _GLIBCXX_BEGIN_NAMESPACE_VERSION
        -:   68:
        -:   69:    template<typename _UIntType, size_t __w,
        -:   70:	     bool = __w < static_cast<size_t>
        -:   71:			  (std::numeric_limits<_UIntType>::digits)>
        -:   72:      struct _Shift
        -:   73:      { static const _UIntType __value = 0; };
        -:   74:
        -:   75:    template<typename _UIntType, size_t __w>
        -:   76:      struct _Shift<_UIntType, __w, true>
        -:   77:      { static const _UIntType __value = _UIntType(1) << __w; };
        -:   78:
        -:   79:    template<int __s,
        -:   80:	     int __which = ((__s <= __CHAR_BIT__ * sizeof (int))
        -:   81:			    + (__s <= __CHAR_BIT__ * sizeof (long))
        -:   82:			    + (__s <= __CHAR_BIT__ * sizeof (long long))
        -:   83:			    /* assume long long no bigger than __int128 */
        -:   84:			    + (__s <= 128))>
        -:   85:      struct _Select_uint_least_t
        -:   86:      {
        -:   87:	static_assert(__which < 0, /* needs to be dependent */
        -:   88:		      "sorry, would be too much trouble for a slow result");
        -:   89:      };
        -:   90:
        -:   91:    template<int __s>
        -:   92:      struct _Select_uint_least_t<__s, 4>
        -:   93:      { typedef unsigned int type; };
        -:   94:
        -:   95:    template<int __s>
        -:   96:      struct _Select_uint_least_t<__s, 3>
        -:   97:      { typedef unsigned long type; };
        -:   98:
        -:   99:    template<int __s>
        -:  100:      struct _Select_uint_least_t<__s, 2>
        -:  101:      { typedef unsigned long long type; };
        -:  102:
        -:  103:#ifdef _GLIBCXX_USE_INT128
        -:  104:    template<int __s>
        -:  105:      struct _Select_uint_least_t<__s, 1>
        -:  106:      { typedef unsigned __int128 type; };
        -:  107:#endif
        -:  108:
        -:  109:    // Assume a != 0, a < m, c < m, x < m.
        -:  110:    template<typename _Tp, _Tp __m, _Tp __a, _Tp __c,
        -:  111:	     bool __big_enough = (!(__m & (__m - 1))
        -:  112:				  || (_Tp(-1) - __c) / __a >= __m - 1),
        -:  113:             bool __schrage_ok = __m % __a < __m / __a>
        -:  114:      struct _Mod
        -:  115:      {
        -:  116:	typedef typename _Select_uint_least_t<std::__lg(__a)
        -:  117:					      + std::__lg(__m) + 2>::type _Tp2;
        -:  118:	static _Tp
        -:  119:	__calc(_Tp __x)
        -:  120:	{ return static_cast<_Tp>((_Tp2(__a) * __x + __c) % __m); }
        -:  121:      };
        -:  122:
        -:  123:    // Schrage.
        -:  124:    template<typename _Tp, _Tp __m, _Tp __a, _Tp __c>
        -:  125:      struct _Mod<_Tp, __m, __a, __c, false, true>
        -:  126:      {
        -:  127:	static _Tp
        -:  128:	__calc(_Tp __x);
        -:  129:      };
        -:  130:
        -:  131:    // Special cases:
        -:  132:    // - for m == 2^n or m == 0, unsigned integer overflow is safe.
        -:  133:    // - a * (m - 1) + c fits in _Tp, there is no overflow.
        -:  134:    template<typename _Tp, _Tp __m, _Tp __a, _Tp __c, bool __s>
        -:  135:      struct _Mod<_Tp, __m, __a, __c, true, __s>
        -:  136:      {
        -:  137:	static _Tp
        -:  138:	__calc(_Tp __x)
        -:  139:	{
        -:  140:	  _Tp __res = __a * __x + __c;
        -:  141:	  if (__m)
        -:  142:	    __res %= __m;
        -:  143:	  return __res;
        -:  144:	}
        -:  145:      };
        -:  146:
        -:  147:    template<typename _Tp, _Tp __m, _Tp __a = 1, _Tp __c = 0>
        -:  148:      inline _Tp
        -:  149:      __mod(_Tp __x)
        -:  150:      { return _Mod<_Tp, __m, __a, __c>::__calc(__x); }
        -:  151:
        -:  152:    /* Determine whether number is a power of 2.  */
        -:  153:    template<typename _Tp>
        -:  154:      inline bool
        -:  155:      _Power_of_2(_Tp __x)
        -:  156:      {
        -:  157:	return ((__x - 1) & __x) == 0;
        -:  158:      };
        -:  159:
        -:  160:    /*
        -:  161:     * An adaptor class for converting the output of any Generator into
        -:  162:     * the input for a specific Distribution.
        -:  163:     */
        -:  164:    template<typename _Engine, typename _DInputType>
        -:  165:      struct _Adaptor
        -:  166:      {
        -:  167:	static_assert(std::is_floating_point<_DInputType>::value,
        -:  168:		      "template argument not a floating point type");
        -:  169:
        -:  170:      public:
        -:  171:	_Adaptor(_Engine& __g)
        -:  172:	: _M_g(__g) { }
        -:  173:
        -:  174:	_DInputType
        -:  175:	min() const
        -:  176:	{ return _DInputType(0); }
        -:  177:
        -:  178:	_DInputType
        -:  179:	max() const
        -:  180:	{ return _DInputType(1); }
        -:  181:
        -:  182:	/*
        -:  183:	 * Converts a value generated by the adapted random number generator
        -:  184:	 * into a value in the input domain for the dependent random number
        -:  185:	 * distribution.
        -:  186:	 */
        -:  187:	_DInputType
        -:  188:	operator()()
        -:  189:	{
        -:  190:	  return std::generate_canonical<_DInputType,
        -:  191:	                            std::numeric_limits<_DInputType>::digits,
        -:  192:	                            _Engine>(_M_g);
        -:  193:	}
        -:  194:
        -:  195:      private:
        -:  196:	_Engine& _M_g;
        -:  197:      };
        -:  198:
        -:  199:  _GLIBCXX_END_NAMESPACE_VERSION
        -:  200:  } // namespace __detail
        -:  201:
        -:  202:_GLIBCXX_BEGIN_NAMESPACE_VERSION
        -:  203:
        -:  204:  /**
        -:  205:   * @addtogroup random_generators Random Number Generators
        -:  206:   * @ingroup random
        -:  207:   *
        -:  208:   * These classes define objects which provide random or pseudorandom
        -:  209:   * numbers, either from a discrete or a continuous interval.  The
        -:  210:   * random number generator supplied as a part of this library are
        -:  211:   * all uniform random number generators which provide a sequence of
        -:  212:   * random number uniformly distributed over their range.
        -:  213:   *
        -:  214:   * A number generator is a function object with an operator() that
        -:  215:   * takes zero arguments and returns a number.
        -:  216:   *
        -:  217:   * A compliant random number generator must satisfy the following
        -:  218:   * requirements.  <table border=1 cellpadding=10 cellspacing=0>
        -:  219:   * <caption align=top>Random Number Generator Requirements</caption>
        -:  220:   * <tr><td>To be documented.</td></tr> </table>
        -:  221:   *
        -:  222:   * @{
        -:  223:   */
        -:  224:
        -:  225:  /**
        -:  226:   * @brief A model of a linear congruential random number generator.
        -:  227:   *
        -:  228:   * A random number generator that produces pseudorandom numbers via
        -:  229:   * linear function:
        -:  230:   * @f[
        -:  231:   *     x_{i+1}\leftarrow(ax_{i} + c) \bmod m 
        -:  232:   * @f]
        -:  233:   *
        -:  234:   * The template parameter @p _UIntType must be an unsigned integral type
        -:  235:   * large enough to store values up to (__m-1). If the template parameter
        -:  236:   * @p __m is 0, the modulus @p __m used is
        -:  237:   * std::numeric_limits<_UIntType>::max() plus 1. Otherwise, the template
        -:  238:   * parameters @p __a and @p __c must be less than @p __m.
        -:  239:   *
        -:  240:   * The size of the state is @f$1@f$.
        -:  241:   */
        -:  242:  template<typename _UIntType, _UIntType __a, _UIntType __c, _UIntType __m>
        -:  243:    class linear_congruential_engine
        -:  244:    {
        -:  245:      static_assert(std::is_unsigned<_UIntType>::value, "template argument "
        -:  246:		    "substituting _UIntType not an unsigned integral type");
        -:  247:      static_assert(__m == 0u || (__a < __m && __c < __m),
        -:  248:		    "template argument substituting __m out of bounds");
        -:  249:
        -:  250:    public:
        -:  251:      /** The type of the generated random value. */
        -:  252:      typedef _UIntType result_type;
        -:  253:
        -:  254:      /** The multiplier. */
        -:  255:      static constexpr result_type multiplier   = __a;
        -:  256:      /** An increment. */
        -:  257:      static constexpr result_type increment    = __c;
        -:  258:      /** The modulus. */
        -:  259:      static constexpr result_type modulus      = __m;
        -:  260:      static constexpr result_type default_seed = 1u;
        -:  261:
        -:  262:      /**
        -:  263:       * @brief Constructs a %linear_congruential_engine random number
        -:  264:       *        generator engine with seed @p __s.  The default seed value
        -:  265:       *        is 1.
        -:  266:       *
        -:  267:       * @param __s The initial seed value.
        -:  268:       */
        -:  269:      explicit
        -:  270:      linear_congruential_engine(result_type __s = default_seed)
        -:  271:      { seed(__s); }
        -:  272:
        -:  273:      /**
        -:  274:       * @brief Constructs a %linear_congruential_engine random number
        -:  275:       *        generator engine seeded from the seed sequence @p __q.
        -:  276:       *
        -:  277:       * @param __q the seed sequence.
        -:  278:       */
        -:  279:      template<typename _Sseq, typename = typename
        -:  280:	std::enable_if<!std::is_same<_Sseq, linear_congruential_engine>::value>
        -:  281:	       ::type>
        -:  282:        explicit
        -:  283:        linear_congruential_engine(_Sseq& __q)
        -:  284:        { seed(__q); }
        -:  285:
        -:  286:      /**
        -:  287:       * @brief Reseeds the %linear_congruential_engine random number generator
        -:  288:       *        engine sequence to the seed @p __s.
        -:  289:       *
        -:  290:       * @param __s The new seed.
        -:  291:       */
        -:  292:      void
        -:  293:      seed(result_type __s = default_seed);
        -:  294:
        -:  295:      /**
        -:  296:       * @brief Reseeds the %linear_congruential_engine random number generator
        -:  297:       *        engine
        -:  298:       * sequence using values from the seed sequence @p __q.
        -:  299:       *
        -:  300:       * @param __q the seed sequence.
        -:  301:       */
        -:  302:      template<typename _Sseq>
        -:  303:        typename std::enable_if<std::is_class<_Sseq>::value>::type
        -:  304:        seed(_Sseq& __q);
        -:  305:
        -:  306:      /**
        -:  307:       * @brief Gets the smallest possible value in the output range.
        -:  308:       *
        -:  309:       * The minimum depends on the @p __c parameter: if it is zero, the
        -:  310:       * minimum generated must be > 0, otherwise 0 is allowed.
        -:  311:       */
        -:  312:      static constexpr result_type
        -:  313:      min()
        -:  314:      { return __c == 0u ? 1u : 0u; }
        -:  315:
        -:  316:      /**
        -:  317:       * @brief Gets the largest possible value in the output range.
        -:  318:       */
        -:  319:      static constexpr result_type
        -:  320:      max()
        -:  321:      { return __m - 1u; }
        -:  322:
        -:  323:      /**
        -:  324:       * @brief Discard a sequence of random numbers.
        -:  325:       */
        -:  326:      void
        -:  327:      discard(unsigned long long __z)
        -:  328:      {
        -:  329:	for (; __z != 0ULL; --__z)
        -:  330:	  (*this)();
        -:  331:      }
        -:  332:
        -:  333:      /**
        -:  334:       * @brief Gets the next random number in the sequence.
        -:  335:       */
        -:  336:      result_type
        -:  337:      operator()()
        -:  338:      {
        -:  339:	_M_x = __detail::__mod<_UIntType, __m, __a, __c>(_M_x);
        -:  340:	return _M_x;
        -:  341:      }
        -:  342:
        -:  343:      /**
        -:  344:       * @brief Compares two linear congruential random number generator
        -:  345:       * objects of the same type for equality.
        -:  346:       *
        -:  347:       * @param __lhs A linear congruential random number generator object.
        -:  348:       * @param __rhs Another linear congruential random number generator
        -:  349:       *              object.
        -:  350:       *
        -:  351:       * @returns true if the infinite sequences of generated values
        -:  352:       *          would be equal, false otherwise.
        -:  353:       */
        -:  354:      friend bool
        -:  355:      operator==(const linear_congruential_engine& __lhs,
        -:  356:		 const linear_congruential_engine& __rhs)
        -:  357:      { return __lhs._M_x == __rhs._M_x; }
        -:  358:
        -:  359:      /**
        -:  360:       * @brief Writes the textual representation of the state x(i) of x to
        -:  361:       *        @p __os.
        -:  362:       *
        -:  363:       * @param __os  The output stream.
        -:  364:       * @param __lcr A % linear_congruential_engine random number generator.
        -:  365:       * @returns __os.
        -:  366:       */
        -:  367:      template<typename _UIntType1, _UIntType1 __a1, _UIntType1 __c1,
        -:  368:	       _UIntType1 __m1, typename _CharT, typename _Traits>
        -:  369:	friend std::basic_ostream<_CharT, _Traits>&
        -:  370:	operator<<(std::basic_ostream<_CharT, _Traits>& __os,
        -:  371:		   const std::linear_congruential_engine<_UIntType1,
        -:  372:		   __a1, __c1, __m1>& __lcr);
        -:  373:
        -:  374:      /**
        -:  375:       * @brief Sets the state of the engine by reading its textual
        -:  376:       *        representation from @p __is.
        -:  377:       *
        -:  378:       * The textual representation must have been previously written using
        -:  379:       * an output stream whose imbued locale and whose type's template
        -:  380:       * specialization arguments _CharT and _Traits were the same as those
        -:  381:       * of @p __is.
        -:  382:       *
        -:  383:       * @param __is  The input stream.
        -:  384:       * @param __lcr A % linear_congruential_engine random number generator.
        -:  385:       * @returns __is.
        -:  386:       */
        -:  387:      template<typename _UIntType1, _UIntType1 __a1, _UIntType1 __c1,
        -:  388:	       _UIntType1 __m1, typename _CharT, typename _Traits>
        -:  389:	friend std::basic_istream<_CharT, _Traits>&
        -:  390:	operator>>(std::basic_istream<_CharT, _Traits>& __is,
        -:  391:		   std::linear_congruential_engine<_UIntType1, __a1,
        -:  392:		   __c1, __m1>& __lcr);
        -:  393:
        -:  394:    private:
        -:  395:      _UIntType _M_x;
        -:  396:    };
        -:  397:
        -:  398:  /**
        -:  399:   * @brief Compares two linear congruential random number generator
        -:  400:   * objects of the same type for inequality.
        -:  401:   *
        -:  402:   * @param __lhs A linear congruential random number generator object.
        -:  403:   * @param __rhs Another linear congruential random number generator
        -:  404:   *              object.
        -:  405:   *
        -:  406:   * @returns true if the infinite sequences of generated values
        -:  407:   *          would be different, false otherwise.
        -:  408:   */
        -:  409:  template<typename _UIntType, _UIntType __a, _UIntType __c, _UIntType __m>
        -:  410:    inline bool
        -:  411:    operator!=(const std::linear_congruential_engine<_UIntType, __a,
        -:  412:	       __c, __m>& __lhs,
        -:  413:	       const std::linear_congruential_engine<_UIntType, __a,
        -:  414:	       __c, __m>& __rhs)
        -:  415:    { return !(__lhs == __rhs); }
        -:  416:
        -:  417:
        -:  418:  /**
        -:  419:   * A generalized feedback shift register discrete random number generator.
        -:  420:   *
        -:  421:   * This algorithm avoids multiplication and division and is designed to be
        -:  422:   * friendly to a pipelined architecture.  If the parameters are chosen
        -:  423:   * correctly, this generator will produce numbers with a very long period and
        -:  424:   * fairly good apparent entropy, although still not cryptographically strong.
        -:  425:   *
        -:  426:   * The best way to use this generator is with the predefined mt19937 class.
        -:  427:   *
        -:  428:   * This algorithm was originally invented by Makoto Matsumoto and
        -:  429:   * Takuji Nishimura.
        -:  430:   *
        -:  431:   * @tparam __w  Word size, the number of bits in each element of 
        -:  432:   *              the state vector.
        -:  433:   * @tparam __n  The degree of recursion.
        -:  434:   * @tparam __m  The period parameter.
        -:  435:   * @tparam __r  The separation point bit index.
        -:  436:   * @tparam __a  The last row of the twist matrix.
        -:  437:   * @tparam __u  The first right-shift tempering matrix parameter.
        -:  438:   * @tparam __d  The first right-shift tempering matrix mask.
        -:  439:   * @tparam __s  The first left-shift tempering matrix parameter.
        -:  440:   * @tparam __b  The first left-shift tempering matrix mask.
        -:  441:   * @tparam __t  The second left-shift tempering matrix parameter.
        -:  442:   * @tparam __c  The second left-shift tempering matrix mask.
        -:  443:   * @tparam __l  The second right-shift tempering matrix parameter.
        -:  444:   * @tparam __f  Initialization multiplier.
        -:  445:   */
        -:  446:  template<typename _UIntType, size_t __w,
        -:  447:	   size_t __n, size_t __m, size_t __r,
        -:  448:	   _UIntType __a, size_t __u, _UIntType __d, size_t __s,
        -:  449:	   _UIntType __b, size_t __t,
        -:  450:	   _UIntType __c, size_t __l, _UIntType __f>
        -:  451:    class mersenne_twister_engine
        -:  452:    {
        -:  453:      static_assert(std::is_unsigned<_UIntType>::value, "template argument "
        -:  454:		    "substituting _UIntType not an unsigned integral type");
        -:  455:      static_assert(1u <= __m && __m <= __n,
        -:  456:		    "template argument substituting __m out of bounds");
        -:  457:      static_assert(__r <= __w, "template argument substituting "
        -:  458:		    "__r out of bound");
        -:  459:      static_assert(__u <= __w, "template argument substituting "
        -:  460:		    "__u out of bound");
        -:  461:      static_assert(__s <= __w, "template argument substituting "
        -:  462:		    "__s out of bound");
        -:  463:      static_assert(__t <= __w, "template argument substituting "
        -:  464:		    "__t out of bound");
        -:  465:      static_assert(__l <= __w, "template argument substituting "
        -:  466:		    "__l out of bound");
        -:  467:      static_assert(__w <= std::numeric_limits<_UIntType>::digits,
        -:  468:		    "template argument substituting __w out of bound");
        -:  469:      static_assert(__a <= (__detail::_Shift<_UIntType, __w>::__value - 1),
        -:  470:		    "template argument substituting __a out of bound");
        -:  471:      static_assert(__b <= (__detail::_Shift<_UIntType, __w>::__value - 1),
        -:  472:		    "template argument substituting __b out of bound");
        -:  473:      static_assert(__c <= (__detail::_Shift<_UIntType, __w>::__value - 1),
        -:  474:		    "template argument substituting __c out of bound");
        -:  475:      static_assert(__d <= (__detail::_Shift<_UIntType, __w>::__value - 1),
        -:  476:		    "template argument substituting __d out of bound");
        -:  477:      static_assert(__f <= (__detail::_Shift<_UIntType, __w>::__value - 1),
        -:  478:		    "template argument substituting __f out of bound");
        -:  479:
        -:  480:    public:
        -:  481:      /** The type of the generated random value. */
        -:  482:      typedef _UIntType result_type;
        -:  483:
        -:  484:      // parameter values
        -:  485:      static constexpr size_t      word_size                 = __w;
        -:  486:      static constexpr size_t      state_size                = __n;
        -:  487:      static constexpr size_t      shift_size                = __m;
        -:  488:      static constexpr size_t      mask_bits                 = __r;
        -:  489:      static constexpr result_type xor_mask                  = __a;
        -:  490:      static constexpr size_t      tempering_u               = __u;
        -:  491:      static constexpr result_type tempering_d               = __d;
        -:  492:      static constexpr size_t      tempering_s               = __s;
        -:  493:      static constexpr result_type tempering_b               = __b;
        -:  494:      static constexpr size_t      tempering_t               = __t;
        -:  495:      static constexpr result_type tempering_c               = __c;
        -:  496:      static constexpr size_t      tempering_l               = __l;
        -:  497:      static constexpr result_type initialization_multiplier = __f;
        -:  498:      static constexpr result_type default_seed = 5489u;
        -:  499:
        -:  500:      // constructors and member function
        -:  501:      explicit
        -:  502:      mersenne_twister_engine(result_type __sd = default_seed)
        -:  503:      { seed(__sd); }
        -:  504:
        -:  505:      /**
        -:  506:       * @brief Constructs a %mersenne_twister_engine random number generator
        -:  507:       *        engine seeded from the seed sequence @p __q.
        -:  508:       *
        -:  509:       * @param __q the seed sequence.
        -:  510:       */
        -:  511:      template<typename _Sseq, typename = typename
        -:  512:        std::enable_if<!std::is_same<_Sseq, mersenne_twister_engine>::value>
        -:  513:	       ::type>
        -:  514:        explicit
        -:  515:        mersenne_twister_engine(_Sseq& __q)
        -:  516:        { seed(__q); }
        -:  517:
        -:  518:      void
        -:  519:      seed(result_type __sd = default_seed);
        -:  520:
        -:  521:      template<typename _Sseq>
        -:  522:	typename std::enable_if<std::is_class<_Sseq>::value>::type
        -:  523:        seed(_Sseq& __q);
        -:  524:
        -:  525:      /**
        -:  526:       * @brief Gets the smallest possible value in the output range.
        -:  527:       */
        -:  528:      static constexpr result_type
        -:  529:      min()
        -:  530:      { return 0; };
        -:  531:
        -:  532:      /**
        -:  533:       * @brief Gets the largest possible value in the output range.
        -:  534:       */
        -:  535:      static constexpr result_type
        -:  536:      max()
        -:  537:      { return __detail::_Shift<_UIntType, __w>::__value - 1; }
        -:  538:
        -:  539:      /**
        -:  540:       * @brief Discard a sequence of random numbers.
        -:  541:       */
        -:  542:      void
        -:  543:      discard(unsigned long long __z);
        -:  544:
        -:  545:      result_type
        -:  546:      operator()();
        -:  547:
        -:  548:      /**
        -:  549:       * @brief Compares two % mersenne_twister_engine random number generator
        -:  550:       *        objects of the same type for equality.
        -:  551:       *
        -:  552:       * @param __lhs A % mersenne_twister_engine random number generator
        -:  553:       *              object.
        -:  554:       * @param __rhs Another % mersenne_twister_engine random number
        -:  555:       *              generator object.
        -:  556:       *
        -:  557:       * @returns true if the infinite sequences of generated values
        -:  558:       *          would be equal, false otherwise.
        -:  559:       */
        -:  560:      friend bool
        -:  561:      operator==(const mersenne_twister_engine& __lhs,
        -:  562:		 const mersenne_twister_engine& __rhs)
        -:  563:      { return (std::equal(__lhs._M_x, __lhs._M_x + state_size, __rhs._M_x)
        -:  564:		&& __lhs._M_p == __rhs._M_p); }
        -:  565:
        -:  566:      /**
        -:  567:       * @brief Inserts the current state of a % mersenne_twister_engine
        -:  568:       *        random number generator engine @p __x into the output stream
        -:  569:       *        @p __os.
        -:  570:       *
        -:  571:       * @param __os An output stream.
        -:  572:       * @param __x  A % mersenne_twister_engine random number generator
        -:  573:       *             engine.
        -:  574:       *
        -:  575:       * @returns The output stream with the state of @p __x inserted or in
        -:  576:       * an error state.
        -:  577:       */
        -:  578:      template<typename _UIntType1,
        -:  579:	       size_t __w1, size_t __n1,
        -:  580:	       size_t __m1, size_t __r1,
        -:  581:	       _UIntType1 __a1, size_t __u1,
        -:  582:	       _UIntType1 __d1, size_t __s1,
        -:  583:	       _UIntType1 __b1, size_t __t1,
        -:  584:	       _UIntType1 __c1, size_t __l1, _UIntType1 __f1,
        -:  585:	       typename _CharT, typename _Traits>
        -:  586:	friend std::basic_ostream<_CharT, _Traits>&
        -:  587:	operator<<(std::basic_ostream<_CharT, _Traits>& __os,
        -:  588:		   const std::mersenne_twister_engine<_UIntType1, __w1, __n1,
        -:  589:		   __m1, __r1, __a1, __u1, __d1, __s1, __b1, __t1, __c1,
        -:  590:		   __l1, __f1>& __x);
        -:  591:
        -:  592:      /**
        -:  593:       * @brief Extracts the current state of a % mersenne_twister_engine
        -:  594:       *        random number generator engine @p __x from the input stream
        -:  595:       *        @p __is.
        -:  596:       *
        -:  597:       * @param __is An input stream.
        -:  598:       * @param __x  A % mersenne_twister_engine random number generator
        -:  599:       *             engine.
        -:  600:       *
        -:  601:       * @returns The input stream with the state of @p __x extracted or in
        -:  602:       * an error state.
        -:  603:       */
        -:  604:      template<typename _UIntType1,
        -:  605:	       size_t __w1, size_t __n1,
        -:  606:	       size_t __m1, size_t __r1,
        -:  607:	       _UIntType1 __a1, size_t __u1,
        -:  608:	       _UIntType1 __d1, size_t __s1,
        -:  609:	       _UIntType1 __b1, size_t __t1,
        -:  610:	       _UIntType1 __c1, size_t __l1, _UIntType1 __f1,
        -:  611:	       typename _CharT, typename _Traits>
        -:  612:	friend std::basic_istream<_CharT, _Traits>&
        -:  613:	operator>>(std::basic_istream<_CharT, _Traits>& __is,
        -:  614:		   std::mersenne_twister_engine<_UIntType1, __w1, __n1, __m1,
        -:  615:		   __r1, __a1, __u1, __d1, __s1, __b1, __t1, __c1,
        -:  616:		   __l1, __f1>& __x);
        -:  617:
        -:  618:    private:
        -:  619:      void _M_gen_rand();
        -:  620:
        -:  621:      _UIntType _M_x[state_size];
        -:  622:      size_t    _M_p;
        -:  623:    };
        -:  624:
        -:  625:  /**
        -:  626:   * @brief Compares two % mersenne_twister_engine random number generator
        -:  627:   *        objects of the same type for inequality.
        -:  628:   *
        -:  629:   * @param __lhs A % mersenne_twister_engine random number generator
        -:  630:   *              object.
        -:  631:   * @param __rhs Another % mersenne_twister_engine random number
        -:  632:   *              generator object.
        -:  633:   *
        -:  634:   * @returns true if the infinite sequences of generated values
        -:  635:   *          would be different, false otherwise.
        -:  636:   */
        -:  637:  template<typename _UIntType, size_t __w,
        -:  638:	   size_t __n, size_t __m, size_t __r,
        -:  639:	   _UIntType __a, size_t __u, _UIntType __d, size_t __s,
        -:  640:	   _UIntType __b, size_t __t,
        -:  641:	   _UIntType __c, size_t __l, _UIntType __f>
        -:  642:    inline bool
        -:  643:    operator!=(const std::mersenne_twister_engine<_UIntType, __w, __n, __m,
        -:  644:	       __r, __a, __u, __d, __s, __b, __t, __c, __l, __f>& __lhs,
        -:  645:	       const std::mersenne_twister_engine<_UIntType, __w, __n, __m,
        -:  646:	       __r, __a, __u, __d, __s, __b, __t, __c, __l, __f>& __rhs)
        -:  647:    { return !(__lhs == __rhs); }
        -:  648:
        -:  649:
        -:  650:  /**
        -:  651:   * @brief The Marsaglia-Zaman generator.
        -:  652:   *
        -:  653:   * This is a model of a Generalized Fibonacci discrete random number
        -:  654:   * generator, sometimes referred to as the SWC generator.
        -:  655:   *
        -:  656:   * A discrete random number generator that produces pseudorandom
        -:  657:   * numbers using:
        -:  658:   * @f[
        -:  659:   *     x_{i}\leftarrow(x_{i - s} - x_{i - r} - carry_{i-1}) \bmod m 
        -:  660:   * @f]
        -:  661:   *
        -:  662:   * The size of the state is @f$r@f$
        -:  663:   * and the maximum period of the generator is @f$(m^r - m^s - 1)@f$.
        -:  664:   */
        -:  665:  template<typename _UIntType, size_t __w, size_t __s, size_t __r>
        -:  666:    class subtract_with_carry_engine
        -:  667:    {
        -:  668:      static_assert(std::is_unsigned<_UIntType>::value, "template argument "
        -:  669:		    "substituting _UIntType not an unsigned integral type");
        -:  670:      static_assert(0u < __s && __s < __r,
        -:  671:		    "template argument substituting __s out of bounds");
        -:  672:      static_assert(0u < __w && __w <= std::numeric_limits<_UIntType>::digits,
        -:  673:		    "template argument substituting __w out of bounds");
        -:  674:
        -:  675:    public:
        -:  676:      /** The type of the generated random value. */
        -:  677:      typedef _UIntType result_type;
        -:  678:
        -:  679:      // parameter values
        -:  680:      static constexpr size_t      word_size    = __w;
        -:  681:      static constexpr size_t      short_lag    = __s;
        -:  682:      static constexpr size_t      long_lag     = __r;
        -:  683:      static constexpr result_type default_seed = 19780503u;
        -:  684:
        -:  685:      /**
        -:  686:       * @brief Constructs an explicitly seeded % subtract_with_carry_engine
        -:  687:       *        random number generator.
        -:  688:       */
        -:  689:      explicit
        -:  690:      subtract_with_carry_engine(result_type __sd = default_seed)
        -:  691:      { seed(__sd); }
        -:  692:
        -:  693:      /**
        -:  694:       * @brief Constructs a %subtract_with_carry_engine random number engine
        -:  695:       *        seeded from the seed sequence @p __q.
        -:  696:       *
        -:  697:       * @param __q the seed sequence.
        -:  698:       */
        -:  699:      template<typename _Sseq, typename = typename
        -:  700:        std::enable_if<!std::is_same<_Sseq, subtract_with_carry_engine>::value>
        -:  701:	       ::type>
        -:  702:        explicit
        -:  703:        subtract_with_carry_engine(_Sseq& __q)
        -:  704:        { seed(__q); }
        -:  705:
        -:  706:      /**
        -:  707:       * @brief Seeds the initial state @f$x_0@f$ of the random number
        -:  708:       *        generator.
        -:  709:       *
        -:  710:       * N1688[4.19] modifies this as follows.  If @p __value == 0,
        -:  711:       * sets value to 19780503.  In any case, with a linear
        -:  712:       * congruential generator lcg(i) having parameters @f$ m_{lcg} =
        -:  713:       * 2147483563, a_{lcg} = 40014, c_{lcg} = 0, and lcg(0) = value
        -:  714:       * @f$, sets @f$ x_{-r} \dots x_{-1} @f$ to @f$ lcg(1) \bmod m
        -:  715:       * \dots lcg(r) \bmod m @f$ respectively.  If @f$ x_{-1} = 0 @f$
        -:  716:       * set carry to 1, otherwise sets carry to 0.
        -:  717:       */
        -:  718:      void
        -:  719:      seed(result_type __sd = default_seed);
        -:  720:
        -:  721:      /**
        -:  722:       * @brief Seeds the initial state @f$x_0@f$ of the
        -:  723:       * % subtract_with_carry_engine random number generator.
        -:  724:       */
        -:  725:      template<typename _Sseq>
        -:  726:	typename std::enable_if<std::is_class<_Sseq>::value>::type
        -:  727:        seed(_Sseq& __q);
        -:  728:
        -:  729:      /**
        -:  730:       * @brief Gets the inclusive minimum value of the range of random
        -:  731:       * integers returned by this generator.
        -:  732:       */
        -:  733:      static constexpr result_type
        -:  734:      min()
        -:  735:      { return 0; }
        -:  736:
        -:  737:      /**
        -:  738:       * @brief Gets the inclusive maximum value of the range of random
        -:  739:       * integers returned by this generator.
        -:  740:       */
        -:  741:      static constexpr result_type
        -:  742:      max()
        -:  743:      { return __detail::_Shift<_UIntType, __w>::__value - 1; }
        -:  744:
        -:  745:      /**
        -:  746:       * @brief Discard a sequence of random numbers.
        -:  747:       */
        -:  748:      void
        -:  749:      discard(unsigned long long __z)
        -:  750:      {
        -:  751:	for (; __z != 0ULL; --__z)
        -:  752:	  (*this)();
        -:  753:      }
        -:  754:
        -:  755:      /**
        -:  756:       * @brief Gets the next random number in the sequence.
        -:  757:       */
        -:  758:      result_type
        -:  759:      operator()();
        -:  760:
        -:  761:      /**
        -:  762:       * @brief Compares two % subtract_with_carry_engine random number
        -:  763:       *        generator objects of the same type for equality.
        -:  764:       *
        -:  765:       * @param __lhs A % subtract_with_carry_engine random number generator
        -:  766:       *              object.
        -:  767:       * @param __rhs Another % subtract_with_carry_engine random number
        -:  768:       *              generator object.
        -:  769:       *
        -:  770:       * @returns true if the infinite sequences of generated values
        -:  771:       *          would be equal, false otherwise.
        -:  772:      */
        -:  773:      friend bool
        -:  774:      operator==(const subtract_with_carry_engine& __lhs,
        -:  775:		 const subtract_with_carry_engine& __rhs)
        -:  776:      { return (std::equal(__lhs._M_x, __lhs._M_x + long_lag, __rhs._M_x)
        -:  777:		&& __lhs._M_carry == __rhs._M_carry
        -:  778:		&& __lhs._M_p == __rhs._M_p); }
        -:  779:
        -:  780:      /**
        -:  781:       * @brief Inserts the current state of a % subtract_with_carry_engine
        -:  782:       *        random number generator engine @p __x into the output stream
        -:  783:       *        @p __os.
        -:  784:       *
        -:  785:       * @param __os An output stream.
        -:  786:       * @param __x  A % subtract_with_carry_engine random number generator
        -:  787:       *             engine.
        -:  788:       *
        -:  789:       * @returns The output stream with the state of @p __x inserted or in
        -:  790:       * an error state.
        -:  791:       */
        -:  792:      template<typename _UIntType1, size_t __w1, size_t __s1, size_t __r1,
        -:  793:	       typename _CharT, typename _Traits>
        -:  794:	friend std::basic_ostream<_CharT, _Traits>&
        -:  795:	operator<<(std::basic_ostream<_CharT, _Traits>& __os,
        -:  796:		   const std::subtract_with_carry_engine<_UIntType1, __w1,
        -:  797:		   __s1, __r1>& __x);
        -:  798:
        -:  799:      /**
        -:  800:       * @brief Extracts the current state of a % subtract_with_carry_engine
        -:  801:       *        random number generator engine @p __x from the input stream
        -:  802:       *        @p __is.
        -:  803:       *
        -:  804:       * @param __is An input stream.
        -:  805:       * @param __x  A % subtract_with_carry_engine random number generator
        -:  806:       *             engine.
        -:  807:       *
        -:  808:       * @returns The input stream with the state of @p __x extracted or in
        -:  809:       * an error state.
        -:  810:       */
        -:  811:      template<typename _UIntType1, size_t __w1, size_t __s1, size_t __r1,
        -:  812:	       typename _CharT, typename _Traits>
        -:  813:	friend std::basic_istream<_CharT, _Traits>&
        -:  814:	operator>>(std::basic_istream<_CharT, _Traits>& __is,
        -:  815:		   std::subtract_with_carry_engine<_UIntType1, __w1,
        -:  816:		   __s1, __r1>& __x);
        -:  817:
        -:  818:    private:
        -:  819:      /// The state of the generator.  This is a ring buffer.
        -:  820:      _UIntType  _M_x[long_lag];
        -:  821:      _UIntType  _M_carry;		///< The carry
        -:  822:      size_t     _M_p;			///< Current index of x(i - r).
        -:  823:    };
        -:  824:
        -:  825:  /**
        -:  826:   * @brief Compares two % subtract_with_carry_engine random number
        -:  827:   *        generator objects of the same type for inequality.
        -:  828:   *
        -:  829:   * @param __lhs A % subtract_with_carry_engine random number generator
        -:  830:   *              object.
        -:  831:   * @param __rhs Another % subtract_with_carry_engine random number
        -:  832:   *              generator object.
        -:  833:   *
        -:  834:   * @returns true if the infinite sequences of generated values
        -:  835:   *          would be different, false otherwise.
        -:  836:   */
        -:  837:  template<typename _UIntType, size_t __w, size_t __s, size_t __r>
        -:  838:    inline bool
        -:  839:    operator!=(const std::subtract_with_carry_engine<_UIntType, __w,
        -:  840:	       __s, __r>& __lhs,
        -:  841:	       const std::subtract_with_carry_engine<_UIntType, __w,
        -:  842:	       __s, __r>& __rhs)
        -:  843:    { return !(__lhs == __rhs); }
        -:  844:
        -:  845:
        -:  846:  /**
        -:  847:   * Produces random numbers from some base engine by discarding blocks of
        -:  848:   * data.
        -:  849:   *
        -:  850:   * 0 <= @p __r <= @p __p
        -:  851:   */
        -:  852:  template<typename _RandomNumberEngine, size_t __p, size_t __r>
        -:  853:    class discard_block_engine
        -:  854:    {
        -:  855:      static_assert(1 <= __r && __r <= __p,
        -:  856:		    "template argument substituting __r out of bounds");
        -:  857:
        -:  858:    public:
        -:  859:      /** The type of the generated random value. */
        -:  860:      typedef typename _RandomNumberEngine::result_type result_type;
        -:  861:
        -:  862:      // parameter values
        -:  863:      static constexpr size_t block_size = __p;
        -:  864:      static constexpr size_t used_block = __r;
        -:  865:
        -:  866:      /**
        -:  867:       * @brief Constructs a default %discard_block_engine engine.
        -:  868:       *
        -:  869:       * The underlying engine is default constructed as well.
        -:  870:       */
        -:  871:      discard_block_engine()
        -:  872:      : _M_b(), _M_n(0) { }
        -:  873:
        -:  874:      /**
        -:  875:       * @brief Copy constructs a %discard_block_engine engine.
        -:  876:       *
        -:  877:       * Copies an existing base class random number generator.
        -:  878:       * @param __rng An existing (base class) engine object.
        -:  879:       */
        -:  880:      explicit
        -:  881:      discard_block_engine(const _RandomNumberEngine& __rng)
        -:  882:      : _M_b(__rng), _M_n(0) { }
        -:  883:
        -:  884:      /**
        -:  885:       * @brief Move constructs a %discard_block_engine engine.
        -:  886:       *
        -:  887:       * Copies an existing base class random number generator.
        -:  888:       * @param __rng An existing (base class) engine object.
        -:  889:       */
        -:  890:      explicit
        -:  891:      discard_block_engine(_RandomNumberEngine&& __rng)
        -:  892:      : _M_b(std::move(__rng)), _M_n(0) { }
        -:  893:
        -:  894:      /**
        -:  895:       * @brief Seed constructs a %discard_block_engine engine.
        -:  896:       *
        -:  897:       * Constructs the underlying generator engine seeded with @p __s.
        -:  898:       * @param __s A seed value for the base class engine.
        -:  899:       */
        -:  900:      explicit
        -:  901:      discard_block_engine(result_type __s)
        -:  902:      : _M_b(__s), _M_n(0) { }
        -:  903:
        -:  904:      /**
        -:  905:       * @brief Generator construct a %discard_block_engine engine.
        -:  906:       *
        -:  907:       * @param __q A seed sequence.
        -:  908:       */
        -:  909:      template<typename _Sseq, typename = typename
        -:  910:	std::enable_if<!std::is_same<_Sseq, discard_block_engine>::value
        -:  911:		       && !std::is_same<_Sseq, _RandomNumberEngine>::value>
        -:  912:	       ::type>
        -:  913:        explicit
        -:  914:        discard_block_engine(_Sseq& __q)
        -:  915:	: _M_b(__q), _M_n(0)
        -:  916:        { }
        -:  917:
        -:  918:      /**
        -:  919:       * @brief Reseeds the %discard_block_engine object with the default
        -:  920:       *        seed for the underlying base class generator engine.
        -:  921:       */
        -:  922:      void
        -:  923:      seed()
        -:  924:      {
        -:  925:	_M_b.seed();
        -:  926:	_M_n = 0;
        -:  927:      }
        -:  928:
        -:  929:      /**
        -:  930:       * @brief Reseeds the %discard_block_engine object with the default
        -:  931:       *        seed for the underlying base class generator engine.
        -:  932:       */
        -:  933:      void
        -:  934:      seed(result_type __s)
        -:  935:      {
        -:  936:	_M_b.seed(__s);
        -:  937:	_M_n = 0;
        -:  938:      }
        -:  939:
        -:  940:      /**
        -:  941:       * @brief Reseeds the %discard_block_engine object with the given seed
        -:  942:       *        sequence.
        -:  943:       * @param __q A seed generator function.
        -:  944:       */
        -:  945:      template<typename _Sseq>
        -:  946:        void
        -:  947:        seed(_Sseq& __q)
        -:  948:        {
        -:  949:	  _M_b.seed(__q);
        -:  950:	  _M_n = 0;
        -:  951:	}
        -:  952:
        -:  953:      /**
        -:  954:       * @brief Gets a const reference to the underlying generator engine
        -:  955:       *        object.
        -:  956:       */
        -:  957:      const _RandomNumberEngine&
        -:  958:      base() const noexcept
        -:  959:      { return _M_b; }
        -:  960:
        -:  961:      /**
        -:  962:       * @brief Gets the minimum value in the generated random number range.
        -:  963:       */
        -:  964:      static constexpr result_type
        -:  965:      min()
        -:  966:      { return _RandomNumberEngine::min(); }
        -:  967:
        -:  968:      /**
        -:  969:       * @brief Gets the maximum value in the generated random number range.
        -:  970:       */
        -:  971:      static constexpr result_type
        -:  972:      max()
        -:  973:      { return _RandomNumberEngine::max(); }
        -:  974:
        -:  975:      /**
        -:  976:       * @brief Discard a sequence of random numbers.
        -:  977:       */
        -:  978:      void
        -:  979:      discard(unsigned long long __z)
        -:  980:      {
        -:  981:	for (; __z != 0ULL; --__z)
        -:  982:	  (*this)();
        -:  983:      }
        -:  984:
        -:  985:      /**
        -:  986:       * @brief Gets the next value in the generated random number sequence.
        -:  987:       */
        -:  988:      result_type
        -:  989:      operator()();
        -:  990:
        -:  991:      /**
        -:  992:       * @brief Compares two %discard_block_engine random number generator
        -:  993:       *        objects of the same type for equality.
        -:  994:       *
        -:  995:       * @param __lhs A %discard_block_engine random number generator object.
        -:  996:       * @param __rhs Another %discard_block_engine random number generator
        -:  997:       *              object.
        -:  998:       *
        -:  999:       * @returns true if the infinite sequences of generated values
        -: 1000:       *          would be equal, false otherwise.
        -: 1001:       */
        -: 1002:      friend bool
        -: 1003:      operator==(const discard_block_engine& __lhs,
        -: 1004:		 const discard_block_engine& __rhs)
        -: 1005:      { return __lhs._M_b == __rhs._M_b && __lhs._M_n == __rhs._M_n; }
        -: 1006:
        -: 1007:      /**
        -: 1008:       * @brief Inserts the current state of a %discard_block_engine random
        -: 1009:       *        number generator engine @p __x into the output stream
        -: 1010:       *        @p __os.
        -: 1011:       *
        -: 1012:       * @param __os An output stream.
        -: 1013:       * @param __x  A %discard_block_engine random number generator engine.
        -: 1014:       *
        -: 1015:       * @returns The output stream with the state of @p __x inserted or in
        -: 1016:       * an error state.
        -: 1017:       */
        -: 1018:      template<typename _RandomNumberEngine1, size_t __p1, size_t __r1,
        -: 1019:	       typename _CharT, typename _Traits>
        -: 1020:	friend std::basic_ostream<_CharT, _Traits>&
        -: 1021:	operator<<(std::basic_ostream<_CharT, _Traits>& __os,
        -: 1022:		   const std::discard_block_engine<_RandomNumberEngine1,
        -: 1023:		   __p1, __r1>& __x);
        -: 1024:
        -: 1025:      /**
        -: 1026:       * @brief Extracts the current state of a % subtract_with_carry_engine
        -: 1027:       *        random number generator engine @p __x from the input stream
        -: 1028:       *        @p __is.
        -: 1029:       *
        -: 1030:       * @param __is An input stream.
        -: 1031:       * @param __x  A %discard_block_engine random number generator engine.
        -: 1032:       *
        -: 1033:       * @returns The input stream with the state of @p __x extracted or in
        -: 1034:       * an error state.
        -: 1035:       */
        -: 1036:      template<typename _RandomNumberEngine1, size_t __p1, size_t __r1,
        -: 1037:	       typename _CharT, typename _Traits>
        -: 1038:	friend std::basic_istream<_CharT, _Traits>&
        -: 1039:	operator>>(std::basic_istream<_CharT, _Traits>& __is,
        -: 1040:		   std::discard_block_engine<_RandomNumberEngine1,
        -: 1041:		   __p1, __r1>& __x);
        -: 1042:
        -: 1043:    private:
        -: 1044:      _RandomNumberEngine _M_b;
        -: 1045:      size_t _M_n;
        -: 1046:    };
        -: 1047:
        -: 1048:  /**
        -: 1049:   * @brief Compares two %discard_block_engine random number generator
        -: 1050:   *        objects of the same type for inequality.
        -: 1051:   *
        -: 1052:   * @param __lhs A %discard_block_engine random number generator object.
        -: 1053:   * @param __rhs Another %discard_block_engine random number generator
        -: 1054:   *              object.
        -: 1055:   *
        -: 1056:   * @returns true if the infinite sequences of generated values
        -: 1057:   *          would be different, false otherwise.
        -: 1058:   */
        -: 1059:  template<typename _RandomNumberEngine, size_t __p, size_t __r>
        -: 1060:    inline bool
        -: 1061:    operator!=(const std::discard_block_engine<_RandomNumberEngine, __p,
        -: 1062:	       __r>& __lhs,
        -: 1063:	       const std::discard_block_engine<_RandomNumberEngine, __p,
        -: 1064:	       __r>& __rhs)
        -: 1065:    { return !(__lhs == __rhs); }
        -: 1066:
        -: 1067:
        -: 1068:  /**
        -: 1069:   * Produces random numbers by combining random numbers from some base
        -: 1070:   * engine to produce random numbers with a specifies number of bits @p __w.
        -: 1071:   */
        -: 1072:  template<typename _RandomNumberEngine, size_t __w, typename _UIntType>
        -: 1073:    class independent_bits_engine
        -: 1074:    {
        -: 1075:      static_assert(std::is_unsigned<_UIntType>::value, "template argument "
        -: 1076:		    "substituting _UIntType not an unsigned integral type");
        -: 1077:      static_assert(0u < __w && __w <= std::numeric_limits<_UIntType>::digits,
        -: 1078:		    "template argument substituting __w out of bounds");
        -: 1079:
        -: 1080:    public:
        -: 1081:      /** The type of the generated random value. */
        -: 1082:      typedef _UIntType result_type;
        -: 1083:
        -: 1084:      /**
        -: 1085:       * @brief Constructs a default %independent_bits_engine engine.
        -: 1086:       *
        -: 1087:       * The underlying engine is default constructed as well.
        -: 1088:       */
        -: 1089:      independent_bits_engine()
        -: 1090:      : _M_b() { }
        -: 1091:
        -: 1092:      /**
        -: 1093:       * @brief Copy constructs a %independent_bits_engine engine.
        -: 1094:       *
        -: 1095:       * Copies an existing base class random number generator.
        -: 1096:       * @param __rng An existing (base class) engine object.
        -: 1097:       */
        -: 1098:      explicit
        -: 1099:      independent_bits_engine(const _RandomNumberEngine& __rng)
        -: 1100:      : _M_b(__rng) { }
        -: 1101:
        -: 1102:      /**
        -: 1103:       * @brief Move constructs a %independent_bits_engine engine.
        -: 1104:       *
        -: 1105:       * Copies an existing base class random number generator.
        -: 1106:       * @param __rng An existing (base class) engine object.
        -: 1107:       */
        -: 1108:      explicit
        -: 1109:      independent_bits_engine(_RandomNumberEngine&& __rng)
        -: 1110:      : _M_b(std::move(__rng)) { }
        -: 1111:
        -: 1112:      /**
        -: 1113:       * @brief Seed constructs a %independent_bits_engine engine.
        -: 1114:       *
        -: 1115:       * Constructs the underlying generator engine seeded with @p __s.
        -: 1116:       * @param __s A seed value for the base class engine.
        -: 1117:       */
        -: 1118:      explicit
        -: 1119:      independent_bits_engine(result_type __s)
        -: 1120:      : _M_b(__s) { }
        -: 1121:
        -: 1122:      /**
        -: 1123:       * @brief Generator construct a %independent_bits_engine engine.
        -: 1124:       *
        -: 1125:       * @param __q A seed sequence.
        -: 1126:       */
        -: 1127:      template<typename _Sseq, typename = typename
        -: 1128:	std::enable_if<!std::is_same<_Sseq, independent_bits_engine>::value
        -: 1129:		       && !std::is_same<_Sseq, _RandomNumberEngine>::value>
        -: 1130:               ::type>
        -: 1131:        explicit
        -: 1132:        independent_bits_engine(_Sseq& __q)
        -: 1133:        : _M_b(__q)
        -: 1134:        { }
        -: 1135:
        -: 1136:      /**
        -: 1137:       * @brief Reseeds the %independent_bits_engine object with the default
        -: 1138:       *        seed for the underlying base class generator engine.
        -: 1139:       */
        -: 1140:      void
        -: 1141:      seed()
        -: 1142:      { _M_b.seed(); }
        -: 1143:
        -: 1144:      /**
        -: 1145:       * @brief Reseeds the %independent_bits_engine object with the default
        -: 1146:       *        seed for the underlying base class generator engine.
        -: 1147:       */
        -: 1148:      void
        -: 1149:      seed(result_type __s)
        -: 1150:      { _M_b.seed(__s); }
        -: 1151:
        -: 1152:      /**
        -: 1153:       * @brief Reseeds the %independent_bits_engine object with the given
        -: 1154:       *        seed sequence.
        -: 1155:       * @param __q A seed generator function.
        -: 1156:       */
        -: 1157:      template<typename _Sseq>
        -: 1158:        void
        -: 1159:        seed(_Sseq& __q)
        -: 1160:        { _M_b.seed(__q); }
        -: 1161:
        -: 1162:      /**
        -: 1163:       * @brief Gets a const reference to the underlying generator engine
        -: 1164:       *        object.
        -: 1165:       */
        -: 1166:      const _RandomNumberEngine&
        -: 1167:      base() const noexcept
        -: 1168:      { return _M_b; }
        -: 1169:
        -: 1170:      /**
        -: 1171:       * @brief Gets the minimum value in the generated random number range.
        -: 1172:       */
        -: 1173:      static constexpr result_type
        -: 1174:      min()
        -: 1175:      { return 0U; }
        -: 1176:
        -: 1177:      /**
        -: 1178:       * @brief Gets the maximum value in the generated random number range.
        -: 1179:       */
        -: 1180:      static constexpr result_type
        -: 1181:      max()
        -: 1182:      { return __detail::_Shift<_UIntType, __w>::__value - 1; }
        -: 1183:
        -: 1184:      /**
        -: 1185:       * @brief Discard a sequence of random numbers.
        -: 1186:       */
        -: 1187:      void
        -: 1188:      discard(unsigned long long __z)
        -: 1189:      {
        -: 1190:	for (; __z != 0ULL; --__z)
        -: 1191:	  (*this)();
        -: 1192:      }
        -: 1193:
        -: 1194:      /**
        -: 1195:       * @brief Gets the next value in the generated random number sequence.
        -: 1196:       */
        -: 1197:      result_type
        -: 1198:      operator()();
        -: 1199:
        -: 1200:      /**
        -: 1201:       * @brief Compares two %independent_bits_engine random number generator
        -: 1202:       * objects of the same type for equality.
        -: 1203:       *
        -: 1204:       * @param __lhs A %independent_bits_engine random number generator
        -: 1205:       *              object.
        -: 1206:       * @param __rhs Another %independent_bits_engine random number generator
        -: 1207:       *              object.
        -: 1208:       *
        -: 1209:       * @returns true if the infinite sequences of generated values
        -: 1210:       *          would be equal, false otherwise.
        -: 1211:       */
        -: 1212:      friend bool
        -: 1213:      operator==(const independent_bits_engine& __lhs,
        -: 1214:		 const independent_bits_engine& __rhs)
        -: 1215:      { return __lhs._M_b == __rhs._M_b; }
        -: 1216:
        -: 1217:      /**
        -: 1218:       * @brief Extracts the current state of a % subtract_with_carry_engine
        -: 1219:       *        random number generator engine @p __x from the input stream
        -: 1220:       *        @p __is.
        -: 1221:       *
        -: 1222:       * @param __is An input stream.
        -: 1223:       * @param __x  A %independent_bits_engine random number generator
        -: 1224:       *             engine.
        -: 1225:       *
        -: 1226:       * @returns The input stream with the state of @p __x extracted or in
        -: 1227:       *          an error state.
        -: 1228:       */
        -: 1229:      template<typename _CharT, typename _Traits>
        -: 1230:	friend std::basic_istream<_CharT, _Traits>&
        -: 1231:	operator>>(std::basic_istream<_CharT, _Traits>& __is,
        -: 1232:		   std::independent_bits_engine<_RandomNumberEngine,
        -: 1233:		   __w, _UIntType>& __x)
        -: 1234:	{
        -: 1235:	  __is >> __x._M_b;
        -: 1236:	  return __is;
        -: 1237:	}
        -: 1238:
        -: 1239:    private:
        -: 1240:      _RandomNumberEngine _M_b;
        -: 1241:    };
        -: 1242:
        -: 1243:  /**
        -: 1244:   * @brief Compares two %independent_bits_engine random number generator
        -: 1245:   * objects of the same type for inequality.
        -: 1246:   *
        -: 1247:   * @param __lhs A %independent_bits_engine random number generator
        -: 1248:   *              object.
        -: 1249:   * @param __rhs Another %independent_bits_engine random number generator
        -: 1250:   *              object.
        -: 1251:   *
        -: 1252:   * @returns true if the infinite sequences of generated values
        -: 1253:   *          would be different, false otherwise.
        -: 1254:   */
        -: 1255:  template<typename _RandomNumberEngine, size_t __w, typename _UIntType>
        -: 1256:    inline bool
        -: 1257:    operator!=(const std::independent_bits_engine<_RandomNumberEngine, __w,
        -: 1258:	       _UIntType>& __lhs,
        -: 1259:	       const std::independent_bits_engine<_RandomNumberEngine, __w,
        -: 1260:	       _UIntType>& __rhs)
        -: 1261:    { return !(__lhs == __rhs); }
        -: 1262:
        -: 1263:  /**
        -: 1264:   * @brief Inserts the current state of a %independent_bits_engine random
        -: 1265:   *        number generator engine @p __x into the output stream @p __os.
        -: 1266:   *
        -: 1267:   * @param __os An output stream.
        -: 1268:   * @param __x  A %independent_bits_engine random number generator engine.
        -: 1269:   *
        -: 1270:   * @returns The output stream with the state of @p __x inserted or in
        -: 1271:   *          an error state.
        -: 1272:   */
        -: 1273:  template<typename _RandomNumberEngine, size_t __w, typename _UIntType,
        -: 1274:	   typename _CharT, typename _Traits>
        -: 1275:    std::basic_ostream<_CharT, _Traits>&
        -: 1276:    operator<<(std::basic_ostream<_CharT, _Traits>& __os,
        -: 1277:	       const std::independent_bits_engine<_RandomNumberEngine,
        -: 1278:	       __w, _UIntType>& __x)
        -: 1279:    {
        -: 1280:      __os << __x.base();
        -: 1281:      return __os;
        -: 1282:    }
        -: 1283:
        -: 1284:
        -: 1285:  /**
        -: 1286:   * @brief Produces random numbers by combining random numbers from some
        -: 1287:   * base engine to produce random numbers with a specifies number of bits
        -: 1288:   * @p __w.
        -: 1289:   */
        -: 1290:  template<typename _RandomNumberEngine, size_t __k>
        -: 1291:    class shuffle_order_engine
        -: 1292:    {
        -: 1293:      static_assert(1u <= __k, "template argument substituting "
        -: 1294:		    "__k out of bound");
        -: 1295:
        -: 1296:    public:
        -: 1297:      /** The type of the generated random value. */
        -: 1298:      typedef typename _RandomNumberEngine::result_type result_type;
        -: 1299:
        -: 1300:      static constexpr size_t table_size = __k;
        -: 1301:
        -: 1302:      /**
        -: 1303:       * @brief Constructs a default %shuffle_order_engine engine.
        -: 1304:       *
        -: 1305:       * The underlying engine is default constructed as well.
        -: 1306:       */
        -: 1307:      shuffle_order_engine()
        -: 1308:      : _M_b()
        -: 1309:      { _M_initialize(); }
        -: 1310:
        -: 1311:      /**
        -: 1312:       * @brief Copy constructs a %shuffle_order_engine engine.
        -: 1313:       *
        -: 1314:       * Copies an existing base class random number generator.
        -: 1315:       * @param __rng An existing (base class) engine object.
        -: 1316:       */
        -: 1317:      explicit
        -: 1318:      shuffle_order_engine(const _RandomNumberEngine& __rng)
        -: 1319:      : _M_b(__rng)
        -: 1320:      { _M_initialize(); }
        -: 1321:
        -: 1322:      /**
        -: 1323:       * @brief Move constructs a %shuffle_order_engine engine.
        -: 1324:       *
        -: 1325:       * Copies an existing base class random number generator.
        -: 1326:       * @param __rng An existing (base class) engine object.
        -: 1327:       */
        -: 1328:      explicit
        -: 1329:      shuffle_order_engine(_RandomNumberEngine&& __rng)
        -: 1330:      : _M_b(std::move(__rng))
        -: 1331:      { _M_initialize(); }
        -: 1332:
        -: 1333:      /**
        -: 1334:       * @brief Seed constructs a %shuffle_order_engine engine.
        -: 1335:       *
        -: 1336:       * Constructs the underlying generator engine seeded with @p __s.
        -: 1337:       * @param __s A seed value for the base class engine.
        -: 1338:       */
        -: 1339:      explicit
        -: 1340:      shuffle_order_engine(result_type __s)
        -: 1341:      : _M_b(__s)
        -: 1342:      { _M_initialize(); }
        -: 1343:
        -: 1344:      /**
        -: 1345:       * @brief Generator construct a %shuffle_order_engine engine.
        -: 1346:       *
        -: 1347:       * @param __q A seed sequence.
        -: 1348:       */
        -: 1349:      template<typename _Sseq, typename = typename
        -: 1350:	std::enable_if<!std::is_same<_Sseq, shuffle_order_engine>::value
        -: 1351:		       && !std::is_same<_Sseq, _RandomNumberEngine>::value>
        -: 1352:	       ::type>
        -: 1353:        explicit
        -: 1354:        shuffle_order_engine(_Sseq& __q)
        -: 1355:        : _M_b(__q)
        -: 1356:        { _M_initialize(); }
        -: 1357:
        -: 1358:      /**
        -: 1359:       * @brief Reseeds the %shuffle_order_engine object with the default seed
        -: 1360:                for the underlying base class generator engine.
        -: 1361:       */
        -: 1362:      void
        -: 1363:      seed()
        -: 1364:      {
        -: 1365:	_M_b.seed();
        -: 1366:	_M_initialize();
        -: 1367:      }
        -: 1368:
        -: 1369:      /**
        -: 1370:       * @brief Reseeds the %shuffle_order_engine object with the default seed
        -: 1371:       *        for the underlying base class generator engine.
        -: 1372:       */
        -: 1373:      void
        -: 1374:      seed(result_type __s)
        -: 1375:      {
        -: 1376:	_M_b.seed(__s);
        -: 1377:	_M_initialize();
        -: 1378:      }
        -: 1379:
        -: 1380:      /**
        -: 1381:       * @brief Reseeds the %shuffle_order_engine object with the given seed
        -: 1382:       *        sequence.
        -: 1383:       * @param __q A seed generator function.
        -: 1384:       */
        -: 1385:      template<typename _Sseq>
        -: 1386:        void
        -: 1387:        seed(_Sseq& __q)
        -: 1388:        {
        -: 1389:	  _M_b.seed(__q);
        -: 1390:	  _M_initialize();
        -: 1391:	}
        -: 1392:
        -: 1393:      /**
        -: 1394:       * Gets a const reference to the underlying generator engine object.
        -: 1395:       */
        -: 1396:      const _RandomNumberEngine&
        -: 1397:      base() const noexcept
        -: 1398:      { return _M_b; }
        -: 1399:
        -: 1400:      /**
        -: 1401:       * Gets the minimum value in the generated random number range.
        -: 1402:       */
        -: 1403:      static constexpr result_type
        -: 1404:      min()
        -: 1405:      { return _RandomNumberEngine::min(); }
        -: 1406:
        -: 1407:      /**
        -: 1408:       * Gets the maximum value in the generated random number range.
        -: 1409:       */
        -: 1410:      static constexpr result_type
        -: 1411:      max()
        -: 1412:      { return _RandomNumberEngine::max(); }
        -: 1413:
        -: 1414:      /**
        -: 1415:       * Discard a sequence of random numbers.
        -: 1416:       */
        -: 1417:      void
        -: 1418:      discard(unsigned long long __z)
        -: 1419:      {
        -: 1420:	for (; __z != 0ULL; --__z)
        -: 1421:	  (*this)();
        -: 1422:      }
        -: 1423:
        -: 1424:      /**
        -: 1425:       * Gets the next value in the generated random number sequence.
        -: 1426:       */
        -: 1427:      result_type
        -: 1428:      operator()();
        -: 1429:
        -: 1430:      /**
        -: 1431:       * Compares two %shuffle_order_engine random number generator objects
        -: 1432:       * of the same type for equality.
        -: 1433:       *
        -: 1434:       * @param __lhs A %shuffle_order_engine random number generator object.
        -: 1435:       * @param __rhs Another %shuffle_order_engine random number generator
        -: 1436:       *              object.
        -: 1437:       *
        -: 1438:       * @returns true if the infinite sequences of generated values
        -: 1439:       *          would be equal, false otherwise.
        -: 1440:      */
        -: 1441:      friend bool
        -: 1442:      operator==(const shuffle_order_engine& __lhs,
        -: 1443:		 const shuffle_order_engine& __rhs)
        -: 1444:      { return (__lhs._M_b == __rhs._M_b
        -: 1445:		&& std::equal(__lhs._M_v, __lhs._M_v + __k, __rhs._M_v)
        -: 1446:		&& __lhs._M_y == __rhs._M_y); }
        -: 1447:
        -: 1448:      /**
        -: 1449:       * @brief Inserts the current state of a %shuffle_order_engine random
        -: 1450:       *        number generator engine @p __x into the output stream
        -: 1451:	@p __os.
        -: 1452:       *
        -: 1453:       * @param __os An output stream.
        -: 1454:       * @param __x  A %shuffle_order_engine random number generator engine.
        -: 1455:       *
        -: 1456:       * @returns The output stream with the state of @p __x inserted or in
        -: 1457:       * an error state.
        -: 1458:       */
        -: 1459:      template<typename _RandomNumberEngine1, size_t __k1,
        -: 1460:	       typename _CharT, typename _Traits>
        -: 1461:	friend std::basic_ostream<_CharT, _Traits>&
        -: 1462:	operator<<(std::basic_ostream<_CharT, _Traits>& __os,
        -: 1463:		   const std::shuffle_order_engine<_RandomNumberEngine1,
        -: 1464:		   __k1>& __x);
        -: 1465:
        -: 1466:      /**
        -: 1467:       * @brief Extracts the current state of a % subtract_with_carry_engine
        -: 1468:       *        random number generator engine @p __x from the input stream
        -: 1469:       *        @p __is.
        -: 1470:       *
        -: 1471:       * @param __is An input stream.
        -: 1472:       * @param __x  A %shuffle_order_engine random number generator engine.
        -: 1473:       *
        -: 1474:       * @returns The input stream with the state of @p __x extracted or in
        -: 1475:       * an error state.
        -: 1476:       */
        -: 1477:      template<typename _RandomNumberEngine1, size_t __k1,
        -: 1478:	       typename _CharT, typename _Traits>
        -: 1479:	friend std::basic_istream<_CharT, _Traits>&
        -: 1480:	operator>>(std::basic_istream<_CharT, _Traits>& __is,
        -: 1481:		   std::shuffle_order_engine<_RandomNumberEngine1, __k1>& __x);
        -: 1482:
        -: 1483:    private:
        -: 1484:      void _M_initialize()
        -: 1485:      {
        -: 1486:	for (size_t __i = 0; __i < __k; ++__i)
        -: 1487:	  _M_v[__i] = _M_b();
        -: 1488:	_M_y = _M_b();
        -: 1489:      }
        -: 1490:
        -: 1491:      _RandomNumberEngine _M_b;
        -: 1492:      result_type _M_v[__k];
        -: 1493:      result_type _M_y;
        -: 1494:    };
        -: 1495:
        -: 1496:  /**
        -: 1497:   * Compares two %shuffle_order_engine random number generator objects
        -: 1498:   * of the same type for inequality.
        -: 1499:   *
        -: 1500:   * @param __lhs A %shuffle_order_engine random number generator object.
        -: 1501:   * @param __rhs Another %shuffle_order_engine random number generator
        -: 1502:   *              object.
        -: 1503:   *
        -: 1504:   * @returns true if the infinite sequences of generated values
        -: 1505:   *          would be different, false otherwise.
        -: 1506:   */
        -: 1507:  template<typename _RandomNumberEngine, size_t __k>
        -: 1508:    inline bool
        -: 1509:    operator!=(const std::shuffle_order_engine<_RandomNumberEngine,
        -: 1510:	       __k>& __lhs,
        -: 1511:	       const std::shuffle_order_engine<_RandomNumberEngine,
        -: 1512:	       __k>& __rhs)
        -: 1513:    { return !(__lhs == __rhs); }
        -: 1514:
        -: 1515:
        -: 1516:  /**
        -: 1517:   * The classic Minimum Standard rand0 of Lewis, Goodman, and Miller.
        -: 1518:   */
        -: 1519:  typedef linear_congruential_engine<uint_fast32_t, 16807UL, 0UL, 2147483647UL>
        -: 1520:  minstd_rand0;
        -: 1521:
        -: 1522:  /**
        -: 1523:   * An alternative LCR (Lehmer Generator function).
        -: 1524:   */
        -: 1525:  typedef linear_congruential_engine<uint_fast32_t, 48271UL, 0UL, 2147483647UL>
        -: 1526:  minstd_rand;
        -: 1527:
        -: 1528:  /**
        -: 1529:   * The classic Mersenne Twister.
        -: 1530:   *
        -: 1531:   * Reference:
        -: 1532:   * M. Matsumoto and T. Nishimura, Mersenne Twister: A 623-Dimensionally
        -: 1533:   * Equidistributed Uniform Pseudo-Random Number Generator, ACM Transactions
        -: 1534:   * on Modeling and Computer Simulation, Vol. 8, No. 1, January 1998, pp 3-30.
        -: 1535:   */
        -: 1536:  typedef mersenne_twister_engine<
        -: 1537:    uint_fast32_t,
        -: 1538:    32, 624, 397, 31,
        -: 1539:    0x9908b0dfUL, 11,
        -: 1540:    0xffffffffUL, 7,
        -: 1541:    0x9d2c5680UL, 15,
        -: 1542:    0xefc60000UL, 18, 1812433253UL> mt19937;
        -: 1543:
        -: 1544:  /**
        -: 1545:   * An alternative Mersenne Twister.
        -: 1546:   */
        -: 1547:  typedef mersenne_twister_engine<
        -: 1548:    uint_fast64_t,
        -: 1549:    64, 312, 156, 31,
        -: 1550:    0xb5026f5aa96619e9ULL, 29,
        -: 1551:    0x5555555555555555ULL, 17,
        -: 1552:    0x71d67fffeda60000ULL, 37,
        -: 1553:    0xfff7eee000000000ULL, 43,
        -: 1554:    6364136223846793005ULL> mt19937_64;
        -: 1555:
        -: 1556:  typedef subtract_with_carry_engine<uint_fast32_t, 24, 10, 24>
        -: 1557:    ranlux24_base;
        -: 1558:
        -: 1559:  typedef subtract_with_carry_engine<uint_fast64_t, 48, 5, 12>
        -: 1560:    ranlux48_base;
        -: 1561:
        -: 1562:  typedef discard_block_engine<ranlux24_base, 223, 23> ranlux24;
        -: 1563:
        -: 1564:  typedef discard_block_engine<ranlux48_base, 389, 11> ranlux48;
        -: 1565:
        -: 1566:  typedef shuffle_order_engine<minstd_rand0, 256> knuth_b;
        -: 1567:
        -: 1568:  typedef minstd_rand0 default_random_engine;
        -: 1569:
        -: 1570:  /**
        -: 1571:   * A standard interface to a platform-specific non-deterministic
        -: 1572:   * random number generator (if any are available).
        -: 1573:   */
        -: 1574:  class random_device
        -: 1575:  {
        -: 1576:  public:
        -: 1577:    /** The type of the generated random value. */
        -: 1578:    typedef unsigned int result_type;
        -: 1579:
        -: 1580:    // constructors, destructors and member functions
        -: 1581:
        -: 1582:#ifdef _GLIBCXX_USE_RANDOM_TR1
        -: 1583:
        -: 1584:    explicit
        -: 1585:    random_device(const std::string& __token = "default")
        -: 1586:    {
        -: 1587:      _M_init(__token);
        -: 1588:    }
        -: 1589:
        -: 1590:    ~random_device()
        -: 1591:    { _M_fini(); }
        -: 1592:
        -: 1593:#else
        -: 1594:
        -: 1595:    explicit
        -: 1596:    random_device(const std::string& __token = "mt19937")
        -: 1597:    { _M_init_pretr1(__token); }
        -: 1598:
        -: 1599:  public:
        -: 1600:
        -: 1601:#endif
        -: 1602:
        -: 1603:    static constexpr result_type
        -: 1604:    min()
        -: 1605:    { return std::numeric_limits<result_type>::min(); }
        -: 1606:
        -: 1607:    static constexpr result_type
        -: 1608:    max()
        -: 1609:    { return std::numeric_limits<result_type>::max(); }
        -: 1610:
        -: 1611:    double
        -: 1612:    entropy() const noexcept
        -: 1613:    { return 0.0; }
        -: 1614:
        -: 1615:    result_type
        -: 1616:    operator()()
        -: 1617:    {
        -: 1618:#ifdef _GLIBCXX_USE_RANDOM_TR1
        -: 1619:      return this->_M_getval();
        -: 1620:#else
        -: 1621:      return this->_M_getval_pretr1();
        -: 1622:#endif
        -: 1623:    }
        -: 1624:
        -: 1625:    // No copy functions.
        -: 1626:    random_device(const random_device&) = delete;
        -: 1627:    void operator=(const random_device&) = delete;
        -: 1628:
        -: 1629:  private:
        -: 1630:
        -: 1631:    void _M_init(const std::string& __token);
        -: 1632:    void _M_init_pretr1(const std::string& __token);
        -: 1633:    void _M_fini();
        -: 1634:
        -: 1635:    result_type _M_getval();
        -: 1636:    result_type _M_getval_pretr1();
        -: 1637:
        -: 1638:    union
        -: 1639:    {
        -: 1640:      void*      _M_file;
        -: 1641:      mt19937    _M_mt;
        -: 1642:    };
        -: 1643:  };
        -: 1644:
        -: 1645:  /* @} */ // group random_generators
        -: 1646:
        -: 1647:  /**
        -: 1648:   * @addtogroup random_distributions Random Number Distributions
        -: 1649:   * @ingroup random
        -: 1650:   * @{
        -: 1651:   */
        -: 1652:
        -: 1653:  /**
        -: 1654:   * @addtogroup random_distributions_uniform Uniform Distributions
        -: 1655:   * @ingroup random_distributions
        -: 1656:   * @{
        -: 1657:   */
        -: 1658:
        -: 1659:  /**
        -: 1660:   * @brief Uniform discrete distribution for random numbers.
        -: 1661:   * A discrete random distribution on the range @f$[min, max]@f$ with equal
        -: 1662:   * probability throughout the range.
[...]
        -: 5616:       * @param __param The new parameter set of the distribution.
        -: 5617:       */
        -: 5618:      void
        -: 5619:      param(const param_type& __param)
        -: 5620:      { _M_param = __param; }
        -: 5621:
        -: 5622:      /**
        -: 5623:       * @brief Returns the greatest lower bound value of the distribution.
        -: 5624:       */
        -: 5625:      result_type
        -: 5626:      min() const
        -: 5627:      {
        -: 5628:	return _M_param._M_int.empty()
        -: 5629:	  ? result_type(0) : _M_param._M_int.front();
        -: 5630:      }
        -: 5631:
        -: 5632:      /**
        -: 5633:       * @brief Returns the least upper bound value of the distribution.
        -: 5634:       */
        -: 5635:      result_type
        -: 5636:      max() const
        -: 5637:      {
        -: 5638:	return _M_param._M_int.empty()
        -: 5639:	  ? result_type(1) : _M_param._M_int.back();
        -: 5640:      }
        -: 5641:
        -: 5642:      /**
        -: 5643:       * @brief Generating functions.
        -: 5644:       */
        -: 5645:      template<typename _UniformRandomNumberGenerator>
        -: 5646:	result_type
        -: 5647:	operator()(_UniformRandomNumberGenerator& __urng)
        -: 5648:	{ return this->operator()(__urng, _M_param); }
        -: 5649:
        -: 5650:      template<typename _UniformRandomNumberGenerator>
        -: 5651:	result_type
        -: 5652:	operator()(_UniformRandomNumberGenerator& __urng,
        -: 5653:		   const param_type& __p);
        -: 5654:
        -: 5655:      template<typename _ForwardIterator,
        -: 5656:	       typename _UniformRandomNumberGenerator>
        -: 5657:	void
        -: 5658:	__generate(_ForwardIterator __f, _ForwardIterator __t,
        -: 5659:		   _UniformRandomNumberGenerator& __urng)
        -: 5660:	{ this->__generate(__f, __t, __urng, _M_param); }
        -: 5661:
        -: 5662:      template<typename _ForwardIterator,
        -: 5663:	       typename _UniformRandomNumberGenerator>
        -: 5664:	void
        -: 5665:	__generate(_ForwardIterator __f, _ForwardIterator __t,
        -: 5666:		   _UniformRandomNumberGenerator& __urng,
        -: 5667:		   const param_type& __p)
        -: 5668:	{ this->__generate_impl(__f, __t, __urng, __p); }
        -: 5669:
        -: 5670:      template<typename _UniformRandomNumberGenerator>
        -: 5671:	void
        -: 5672:	__generate(result_type* __f, result_type* __t,
        -: 5673:		   _UniformRandomNumberGenerator& __urng,
        -: 5674:		   const param_type& __p)
        -: 5675:	{ this->__generate_impl(__f, __t, __urng, __p); }
        -: 5676:
        -: 5677:      /**
        -: 5678:       * @brief Return true if two piecewise constant distributions have the
        -: 5679:       *        same parameters.
        -: 5680:       */
        -: 5681:      friend bool
        -: 5682:      operator==(const piecewise_constant_distribution& __d1,
        -: 5683:		 const piecewise_constant_distribution& __d2)
        -: 5684:      { return __d1._M_param == __d2._M_param; }
        -: 5685:
        -: 5686:      /**
        -: 5687:       * @brief Inserts a %piecewise_constant_distribution random
        -: 5688:       *        number distribution @p __x into the output stream @p __os.
        -: 5689:       *
        -: 5690:       * @param __os An output stream.
        -: 5691:       * @param __x  A %piecewise_constant_distribution random number
        -: 5692:       *             distribution.
        -: 5693:       *
        -: 5694:       * @returns The output stream with the state of @p __x inserted or in
        -: 5695:       * an error state.
        -: 5696:       */
        -: 5697:      template<typename _RealType1, typename _CharT, typename _Traits>
        -: 5698:	friend std::basic_ostream<_CharT, _Traits>&
        -: 5699:	operator<<(std::basic_ostream<_CharT, _Traits>& __os,
        -: 5700:		   const std::piecewise_constant_distribution<_RealType1>& __x);
        -: 5701:
        -: 5702:      /**
        -: 5703:       * @brief Extracts a %piecewise_constant_distribution random
        -: 5704:       *        number distribution @p __x from the input stream @p __is.
        -: 5705:       *
        -: 5706:       * @param __is An input stream.
        -: 5707:       * @param __x A %piecewise_constant_distribution random number
        -: 5708:       *            generator engine.
        -: 5709:       *
        -: 5710:       * @returns The input stream with @p __x extracted or in an error
        -: 5711:       *          state.
        -: 5712:       */
        -: 5713:      template<typename _RealType1, typename _CharT, typename _Traits>
        -: 5714:	friend std::basic_istream<_CharT, _Traits>&
        -: 5715:	operator>>(std::basic_istream<_CharT, _Traits>& __is,
        -: 5716:		   std::piecewise_constant_distribution<_RealType1>& __x);
        -: 5717:
        -: 5718:    private:
        -: 5719:      template<typename _ForwardIterator,
        -: 5720:	       typename _UniformRandomNumberGenerator>
        -: 5721:	void
        -: 5722:	__generate_impl(_ForwardIterator __f, _ForwardIterator __t,
        -: 5723:			_UniformRandomNumberGenerator& __urng,
        -: 5724:			const param_type& __p);
        -: 5725:
        -: 5726:      param_type _M_param;
        -: 5727:    };
        -: 5728:
        -: 5729:  /**
        -: 5730:    * @brief Return true if two piecewise constant distributions have 
        -: 5731:    *        different parameters.
        -: 5732:   */
        -: 5733:  template<typename _RealType>
        -: 5734:    inline bool
        -: 5735:    operator!=(const std::piecewise_constant_distribution<_RealType>& __d1,
        -: 5736:	       const std::piecewise_constant_distribution<_RealType>& __d2)
        -: 5737:    { return !(__d1 == __d2); }
        -: 5738:
        -: 5739:
        -: 5740:  /**
        -: 5741:   * @brief A piecewise_linear_distribution random number distribution.
        -: 5742:   *
        -: 5743:   * The formula for the piecewise linear probability mass function is
        -: 5744:   *
        -: 5745:   */
        -: 5746:  template<typename _RealType = double>
        -: 5747:    class piecewise_linear_distribution
        -: 5748:    {
        -: 5749:      static_assert(std::is_floating_point<_RealType>::value,
        -: 5750:		    "template argument not a floating point type");
        -: 5751:
        -: 5752:    public:
        -: 5753:      /** The type of the range of the distribution. */
        -: 5754:      typedef _RealType result_type;
        -: 5755:      /** Parameter type. */
        -: 5756:      struct param_type
        -: 5757:      {
        -: 5758:	typedef piecewise_linear_distribution<_RealType> distribution_type;
        -: 5759:	friend class piecewise_linear_distribution<_RealType>;
        -: 5760:
        -: 5761:	param_type()
        -: 5762:	: _M_int(), _M_den(), _M_cp(), _M_m()
        -: 5763:	{ }
        -: 5764:
        -: 5765:	template<typename _InputIteratorB, typename _InputIteratorW>
        -: 5766:	  param_type(_InputIteratorB __bfirst,
        -: 5767:		     _InputIteratorB __bend,
        -: 5768:		     _InputIteratorW __wbegin);
        -: 5769:
        -: 5770:	template<typename _Func>
        -: 5771:	  param_type(initializer_list<_RealType> __bl, _Func __fw);
        -: 5772:
        -: 5773:	template<typename _Func>
        -: 5774:	  param_type(size_t __nw, _RealType __xmin, _RealType __xmax,
        -: 5775:		     _Func __fw);
        -: 5776:
        -: 5777:	// See: http://cpp-next.com/archive/2010/10/implicit-move-must-go/
        -: 5778:	param_type(const param_type&) = default;
        -: 5779:	param_type& operator=(const param_type&) = default;
        -: 5780:
        -: 5781:	std::vector<_RealType>
        -: 5782:	intervals() const
        -: 5783:	{
        -: 5784:	  if (_M_int.empty())
        -: 5785:	    {
        -: 5786:	      std::vector<_RealType> __tmp(2);
        -: 5787:	      __tmp[1] = _RealType(1);
        -: 5788:	      return __tmp;
        -: 5789:	    }
        -: 5790:	  else
        -: 5791:	    return _M_int;
        -: 5792:	}
        -: 5793:
        -: 5794:	std::vector<double>
        -: 5795:	densities() const
        -: 5796:	{ return _M_den.empty() ? std::vector<double>(2, 1.0) : _M_den; }
        -: 5797:
        -: 5798:	friend bool
        -: 5799:	operator==(const param_type& __p1, const param_type& __p2)
        -: 5800:	{ return (__p1._M_int == __p2._M_int
        -: 5801:		  && __p1._M_den == __p2._M_den); }
        -: 5802:
        -: 5803:      private:
        -: 5804:	void
        -: 5805:	_M_initialize();
        -: 5806:
        -: 5807:	std::vector<_RealType> _M_int;
        -: 5808:	std::vector<double> _M_den;
        -: 5809:	std::vector<double> _M_cp;
        -: 5810:	std::vector<double> _M_m;
        -: 5811:      };
        -: 5812:
        -: 5813:      explicit
        -: 5814:      piecewise_linear_distribution()
        -: 5815:      : _M_param()
        -: 5816:      { }
        -: 5817:
        -: 5818:      template<typename _InputIteratorB, typename _InputIteratorW>
        -: 5819:	piecewise_linear_distribution(_InputIteratorB __bfirst,
        -: 5820:				      _InputIteratorB __bend,
        -: 5821:				      _InputIteratorW __wbegin)
        -: 5822:	: _M_param(__bfirst, __bend, __wbegin)
        -: 5823:	{ }
        -: 5824:
        -: 5825:      template<typename _Func>
        -: 5826:	piecewise_linear_distribution(initializer_list<_RealType> __bl,
        -: 5827:				      _Func __fw)
        -: 5828:	: _M_param(__bl, __fw)
        -: 5829:	{ }
        -: 5830:
        -: 5831:      template<typename _Func>
        -: 5832:	piecewise_linear_distribution(size_t __nw,
        -: 5833:				      _RealType __xmin, _RealType __xmax,
        -: 5834:				      _Func __fw)
        -: 5835:	: _M_param(__nw, __xmin, __xmax, __fw)
        -: 5836:	{ }
        -: 5837:
        -: 5838:      explicit
        -: 5839:      piecewise_linear_distribution(const param_type& __p)
        -: 5840:      : _M_param(__p)
        -: 5841:      { }
        -: 5842:
        -: 5843:      /**
        -: 5844:       * Resets the distribution state.
        -: 5845:       */
        -: 5846:      void
        -: 5847:      reset()
        -: 5848:      { }
        -: 5849:
        -: 5850:      /**
        -: 5851:       * @brief Return the intervals of the distribution.
        -: 5852:       */
        -: 5853:      std::vector<_RealType>
        -: 5854:      intervals() const
        -: 5855:      {
        -: 5856:	if (_M_param._M_int.empty())
        -: 5857:	  {
        -: 5858:	    std::vector<_RealType> __tmp(2);
        -: 5859:	    __tmp[1] = _RealType(1);
        -: 5860:	    return __tmp;
        -: 5861:	  }
        -: 5862:	else
        -: 5863:	  return _M_param._M_int;
        -: 5864:      }
        -: 5865:
        -: 5866:      /**
        -: 5867:       * @brief Return a vector of the probability densities of the
        -: 5868:       *        distribution.
        -: 5869:       */
        -: 5870:      std::vector<double>
        -: 5871:      densities() const
        -: 5872:      {
        -: 5873:	return _M_param._M_den.empty()
        -: 5874:	  ? std::vector<double>(2, 1.0) : _M_param._M_den;
        -: 5875:      }
        -: 5876:
        -: 5877:      /**
        -: 5878:       * @brief Returns the parameter set of the distribution.
        -: 5879:       */
        -: 5880:      param_type
        -: 5881:      param() const
        -: 5882:      { return _M_param; }
        -: 5883:
        -: 5884:      /**
        -: 5885:       * @brief Sets the parameter set of the distribution.
        -: 5886:       * @param __param The new parameter set of the distribution.
        -: 5887:       */
        -: 5888:      void
        -: 5889:      param(const param_type& __param)
        -: 5890:      { _M_param = __param; }
        -: 5891:
        -: 5892:      /**
        -: 5893:       * @brief Returns the greatest lower bound value of the distribution.
        -: 5894:       */
        -: 5895:      result_type
        -: 5896:      min() const
        -: 5897:      {
        -: 5898:	return _M_param._M_int.empty()
        -: 5899:	  ? result_type(0) : _M_param._M_int.front();
        -: 5900:      }
        -: 5901:
        -: 5902:      /**
        -: 5903:       * @brief Returns the least upper bound value of the distribution.
        -: 5904:       */
        -: 5905:      result_type
        -: 5906:      max() const
        -: 5907:      {
        -: 5908:	return _M_param._M_int.empty()
        -: 5909:	  ? result_type(1) : _M_param._M_int.back();
        -: 5910:      }
        -: 5911:
        -: 5912:      /**
        -: 5913:       * @brief Generating functions.
        -: 5914:       */
        -: 5915:      template<typename _UniformRandomNumberGenerator>
        -: 5916:	result_type
        -: 5917:	operator()(_UniformRandomNumberGenerator& __urng)
        -: 5918:	{ return this->operator()(__urng, _M_param); }
        -: 5919:
        -: 5920:      template<typename _UniformRandomNumberGenerator>
        -: 5921:	result_type
        -: 5922:	operator()(_UniformRandomNumberGenerator& __urng,
        -: 5923:		   const param_type& __p);
        -: 5924:
        -: 5925:      template<typename _ForwardIterator,
        -: 5926:	       typename _UniformRandomNumberGenerator>
        -: 5927:	void
        -: 5928:	__generate(_ForwardIterator __f, _ForwardIterator __t,
        -: 5929:		   _UniformRandomNumberGenerator& __urng)
        -: 5930:	{ this->__generate(__f, __t, __urng, _M_param); }
        -: 5931:
        -: 5932:      template<typename _ForwardIterator,
        -: 5933:	       typename _UniformRandomNumberGenerator>
        -: 5934:	void
        -: 5935:	__generate(_ForwardIterator __f, _ForwardIterator __t,
        -: 5936:		   _UniformRandomNumberGenerator& __urng,
        -: 5937:		   const param_type& __p)
        -: 5938:	{ this->__generate_impl(__f, __t, __urng, __p); }
        -: 5939:
        -: 5940:      template<typename _UniformRandomNumberGenerator>
        -: 5941:	void
        -: 5942:	__generate(result_type* __f, result_type* __t,
        -: 5943:		   _UniformRandomNumberGenerator& __urng,
        -: 5944:		   const param_type& __p)
        -: 5945:	{ this->__generate_impl(__f, __t, __urng, __p); }
        -: 5946:
        -: 5947:      /**
        -: 5948:       * @brief Return true if two piecewise linear distributions have the
        -: 5949:       *        same parameters.
        -: 5950:       */
        -: 5951:      friend bool
        -: 5952:      operator==(const piecewise_linear_distribution& __d1,
        -: 5953:		 const piecewise_linear_distribution& __d2)
        -: 5954:      { return __d1._M_param == __d2._M_param; }
        -: 5955:
        -: 5956:      /**
        -: 5957:       * @brief Inserts a %piecewise_linear_distribution random number
        -: 5958:       *        distribution @p __x into the output stream @p __os.
        -: 5959:       *
        -: 5960:       * @param __os An output stream.
        -: 5961:       * @param __x  A %piecewise_linear_distribution random number
        -: 5962:       *             distribution.
        -: 5963:       *
        -: 5964:       * @returns The output stream with the state of @p __x inserted or in
        -: 5965:       *          an error state.
        -: 5966:       */
        -: 5967:      template<typename _RealType1, typename _CharT, typename _Traits>
        -: 5968:	friend std::basic_ostream<_CharT, _Traits>&
        -: 5969:	operator<<(std::basic_ostream<_CharT, _Traits>& __os,
        -: 5970:		   const std::piecewise_linear_distribution<_RealType1>& __x);
        -: 5971:
        -: 5972:      /**
        -: 5973:       * @brief Extracts a %piecewise_linear_distribution random number
        -: 5974:       *        distribution @p __x from the input stream @p __is.
        -: 5975:       *
        -: 5976:       * @param __is An input stream.
        -: 5977:       * @param __x  A %piecewise_linear_distribution random number
        -: 5978:       *             generator engine.
        -: 5979:       *
        -: 5980:       * @returns The input stream with @p __x extracted or in an error
        -: 5981:       *          state.
        -: 5982:       */
        -: 5983:      template<typename _RealType1, typename _CharT, typename _Traits>
        -: 5984:	friend std::basic_istream<_CharT, _Traits>&
        -: 5985:	operator>>(std::basic_istream<_CharT, _Traits>& __is,
        -: 5986:		   std::piecewise_linear_distribution<_RealType1>& __x);
        -: 5987:
        -: 5988:    private:
        -: 5989:      template<typename _ForwardIterator,
        -: 5990:	       typename _UniformRandomNumberGenerator>
        -: 5991:	void
        -: 5992:	__generate_impl(_ForwardIterator __f, _ForwardIterator __t,
        -: 5993:			_UniformRandomNumberGenerator& __urng,
        -: 5994:			const param_type& __p);
        -: 5995:
        -: 5996:      param_type _M_param;
        -: 5997:    };
        -: 5998:
        -: 5999:  /**
        -: 6000:    * @brief Return true if two piecewise linear distributions have
        -: 6001:    *        different parameters.
        -: 6002:   */
        -: 6003:  template<typename _RealType>
        -: 6004:    inline bool
        -: 6005:    operator!=(const std::piecewise_linear_distribution<_RealType>& __d1,
        -: 6006:	       const std::piecewise_linear_distribution<_RealType>& __d2)
        -: 6007:    { return !(__d1 == __d2); }
        -: 6008:
        -: 6009:
        -: 6010:  /* @} */ // group random_distributions_poisson
        -: 6011:
        -: 6012:  /* @} */ // group random_distributions
        -: 6013:
        -: 6014:  /**
        -: 6015:   * @addtogroup random_utilities Random Number Utilities
        -: 6016:   * @ingroup random
        -: 6017:   * @{
        -: 6018:   */
        -: 6019:
        -: 6020:  /**
        -: 6021:   * @brief The seed_seq class generates sequences of seeds for random
        -: 6022:   *        number generators.
        -: 6023:   */
        -: 6024:  class seed_seq
        -: 6025:  {
        -: 6026:
        -: 6027:  public:
        -: 6028:    /** The type of the seed vales. */
        -: 6029:    typedef uint_least32_t result_type;
        -: 6030:
        -: 6031:    /** Default constructor. */
        -: 6032:    seed_seq()
        -: 6033:    : _M_v()
        -: 6034:    { }
        -: 6035:
        -: 6036:    template<typename _IntType>
        -: 6037:      seed_seq(std::initializer_list<_IntType> il);
        -: 6038:
        -: 6039:    template<typename _InputIterator>
        -: 6040:      seed_seq(_InputIterator __begin, _InputIterator __end);
        -: 6041:
        -: 6042:    // generating functions
        -: 6043:    template<typename _RandomAccessIterator>
        -: 6044:      void
        -: 6045:      generate(_RandomAccessIterator __begin, _RandomAccessIterator __end);
        -: 6046:
        -: 6047:    // property functions
        -: 6048:    size_t size() const
        -: 6049:    { return _M_v.size(); }
        -: 6050:
        -: 6051:    template<typename OutputIterator>
        -: 6052:      void
        -: 6053:      param(OutputIterator __dest) const
        -: 6054:      { std::copy(_M_v.begin(), _M_v.end(), __dest); }
        -: 6055:
        -: 6056:  private:
        -: 6057:    ///
        -: 6058:    std::vector<result_type> _M_v;
        -: 6059:  };
        -: 6060:
        -: 6061:  /* @} */ // group random_utilities
        -: 6062:
        -: 6063:  /* @} */ // group random
        -: 6064:
        -: 6065:_GLIBCXX_END_NAMESPACE_VERSION
        -: 6066:} // namespace std
        -: 6067:
        -: 6068:#endif
